---------------------------------------------------------------
[ 2018-11-14T19:36:54+08:00 ] 127.0.0.1 POST /index/login/adminhandlelogin.html
[ info ] hy.me/index/login/adminhandlelogin.html [运行时间：1.023796s][吞吐率：0.98req/s] [内存消耗：2,887.91kb] [文件加载：77]
[ sql ] [ DB ] CONNECT:[ UseTime:0.225238s ] mysql:host=35.229.149.165;dbname=hy_1flove_com;charset=utf8
[ sql ] [ SQL ] SHOW COLUMNS FROM `hy_administrators` [ RunTime:0.167204s ]
[ sql ] [ SQL ] SELECT `id`,`admin_code`,`admin_name`,`login_number` FROM `hy_administrators` WHERE  `admin_name` = '邓素川'  AND `password` = 'admin' LIMIT 1 [ RunTime:0.169626s ]
[ sql ] [ EXPLAIN : array (
  'id' => 1,
  'select_type' => 'SIMPLE',
  'table' => 'hy_administrators',
  'type' => 'ALL',
  'possible_keys' => NULL,
  'key' => NULL,
  'key_len' => NULL,
  'ref' => NULL,
  'rows' => 4,
  'extra' => 'Using where',
) ]
[ sql ] [ SQL ] UPDATE `hy_administrators`  SET `login_number` = 154 , `update_time` = 1542195414  WHERE  `id` = 2 [ RunTime:0.158558s ]
---------------------------------------------------------------
[ 2018-11-14T19:36:55+08:00 ] 127.0.0.1 POST /index/login/adminhandlelogin.html
[ info ] hy.me/index/login/adminhandlelogin.html [运行时间：0.909192s][吞吐率：1.10req/s] [内存消耗：2,888.24kb] [文件加载：77]
[ sql ] [ DB ] CONNECT:[ UseTime:0.226797s ] mysql:host=35.229.149.165;dbname=hy_1flove_com;charset=utf8
[ sql ] [ SQL ] SHOW COLUMNS FROM `hy_administrators` [ RunTime:0.169265s ]
[ sql ] [ SQL ] SELECT `id`,`admin_code`,`admin_name`,`login_number` FROM `hy_administrators` WHERE  `admin_name` = '邓素川'  AND `password` = 'admin' LIMIT 1 [ RunTime:0.153768s ]
[ sql ] [ EXPLAIN : array (
  'id' => 1,
  'select_type' => 'SIMPLE',
  'table' => 'hy_administrators',
  'type' => 'ALL',
  'possible_keys' => NULL,
  'key' => NULL,
  'key_len' => NULL,
  'ref' => NULL,
  'rows' => 4,
  'extra' => 'Using where',
) ]
[ sql ] [ SQL ] UPDATE `hy_administrators`  SET `login_number` = 155 , `update_time` = 1542195414  WHERE  `id` = 2 [ RunTime:0.151557s ]
