---------------------------------------------------------------
[ 2018-06-13T08:32:51+08:00 ] 127.0.0.1 GET /
[ info ] hy.me/ [运行时间：0.263525s][吞吐率：3.79req/s] [内存消耗：1,837.40kb] [文件加载：66]
[ info ] [ LANG ] D:\WebServer\www\project\Hy\thinkphp\lang\zh-cn.php
[ info ] [ ROUTE ] array (
)
[ info ] [ HEADER ] array (
  'host' => 'hy.me',
  'connection' => 'keep-alive',
  'upgrade-insecure-requests' => '1',
  'user-agent' => 'Mozilla/5.0 (Windows NT 10.0; WOW64) AppleWebKit/537.36 (KHTML, like Gecko) Chrome/66.0.3359.181 Safari/537.36',
  'accept' => 'text/html,application/xhtml+xml,application/xml;q=0.9,image/webp,image/apng,*/*;q=0.8',
  'dnt' => '1',
  'accept-encoding' => 'gzip, deflate',
  'accept-language' => 'zh-CN,zh;q=0.9,en-AS;q=0.8,en-US;q=0.7,en-AU;q=0.6,en-XA;q=0.5,en;q=0.4',
  'cookie' => 'Hm_lvt_5a0192f8207da980c77f112b59310c12=1528770224',
)
[ info ] [ PARAM ] array (
)
[ info ] [ VIEW ] D:\WebServer\www\project\Hy\application\index\view\index\index.html [ array (
) ]
---------------------------------------------------------------
[ 2018-06-13T08:32:54+08:00 ] 127.0.0.1 GET /index/index/welcome.html
[ info ] hy.me/index/index/welcome.html [运行时间：0.043075s][吞吐率：23.22req/s] [内存消耗：1,619.45kb] [文件加载：62]
[ info ] [ LANG ] D:\WebServer\www\project\Hy\thinkphp\lang\zh-cn.php
[ info ] [ ROUTE ] array (
)
[ info ] [ HEADER ] array (
  'host' => 'hy.me',
  'connection' => 'keep-alive',
  'upgrade-insecure-requests' => '1',
  'user-agent' => 'Mozilla/5.0 (Windows NT 10.0; WOW64) AppleWebKit/537.36 (KHTML, like Gecko) Chrome/66.0.3359.181 Safari/537.36',
  'accept' => 'text/html,application/xhtml+xml,application/xml;q=0.9,image/webp,image/apng,*/*;q=0.8',
  'dnt' => '1',
  'referer' => 'http://hy.me/',
  'accept-encoding' => 'gzip, deflate',
  'accept-language' => 'zh-CN,zh;q=0.9,en-AS;q=0.8,en-US;q=0.7,en-AU;q=0.6,en-XA;q=0.5,en;q=0.4',
  'cookie' => 'Hm_lvt_5a0192f8207da980c77f112b59310c12=1528770224',
)
[ info ] [ PARAM ] array (
)
[ info ] [ VIEW ] D:\WebServer\www\project\Hy\application\index\view\index\welcome.html [ array (
) ]
---------------------------------------------------------------
[ 2018-06-13T08:32:55+08:00 ] 127.0.0.1 GET /static/index/favicon.ico
[ info ] hy.me/static/index/favicon.ico [运行时间：0.071599s][吞吐率：13.97req/s] [内存消耗：1,148.85kb] [文件加载：49]
[ info ] [ LANG ] D:\WebServer\www\project\Hy\thinkphp\lang\zh-cn.php
---------------------------------------------------------------
[ 2018-06-13T08:33:03+08:00 ] 127.0.0.1 GET /
[ info ] hy.me/ [运行时间：0.047376s][吞吐率：21.11req/s] [内存消耗：1,681.78kb] [文件加载：64]
[ info ] [ LANG ] D:\WebServer\www\project\Hy\thinkphp\lang\zh-cn.php
[ info ] [ ROUTE ] array (
)
[ info ] [ HEADER ] array (
  'host' => 'hy.me',
  'connection' => 'keep-alive',
  'cache-control' => 'max-age=0',
  'upgrade-insecure-requests' => '1',
  'user-agent' => 'Mozilla/5.0 (Windows NT 10.0; WOW64) AppleWebKit/537.36 (KHTML, like Gecko) Chrome/66.0.3359.181 Safari/537.36',
  'accept' => 'text/html,application/xhtml+xml,application/xml;q=0.9,image/webp,image/apng,*/*;q=0.8',
  'dnt' => '1',
  'accept-encoding' => 'gzip, deflate',
  'accept-language' => 'zh-CN,zh;q=0.9,en-AS;q=0.8,en-US;q=0.7,en-AU;q=0.6,en-XA;q=0.5,en;q=0.4',
  'cookie' => 'Hm_lvt_5a0192f8207da980c77f112b59310c12=1528770224,1528849975; Hm_lpvt_5a0192f8207da980c77f112b59310c12=1528849975',
)
[ info ] [ PARAM ] array (
)
[ info ] [ VIEW ] D:\WebServer\www\project\Hy\application\index\view\index\index.html [ array (
) ]
---------------------------------------------------------------
[ 2018-06-13T08:33:03+08:00 ] 127.0.0.1 GET /index/index/welcome.html
[ info ] hy.me/index/index/welcome.html [运行时间：0.038073s][吞吐率：26.27req/s] [内存消耗：1,619.91kb] [文件加载：62]
[ info ] [ LANG ] D:\WebServer\www\project\Hy\thinkphp\lang\zh-cn.php
[ info ] [ ROUTE ] array (
)
[ info ] [ HEADER ] array (
  'host' => 'hy.me',
  'connection' => 'keep-alive',
  'upgrade-insecure-requests' => '1',
  'user-agent' => 'Mozilla/5.0 (Windows NT 10.0; WOW64) AppleWebKit/537.36 (KHTML, like Gecko) Chrome/66.0.3359.181 Safari/537.36',
  'accept' => 'text/html,application/xhtml+xml,application/xml;q=0.9,image/webp,image/apng,*/*;q=0.8',
  'dnt' => '1',
  'referer' => 'http://hy.me/',
  'accept-encoding' => 'gzip, deflate',
  'accept-language' => 'zh-CN,zh;q=0.9,en-AS;q=0.8,en-US;q=0.7,en-AU;q=0.6,en-XA;q=0.5,en;q=0.4',
  'cookie' => 'Hm_lvt_5a0192f8207da980c77f112b59310c12=1528770224,1528849975; Hm_lpvt_5a0192f8207da980c77f112b59310c12=1528849975',
)
[ info ] [ PARAM ] array (
)
[ info ] [ VIEW ] D:\WebServer\www\project\Hy\application\index\view\index\welcome.html [ array (
) ]
---------------------------------------------------------------
[ 2018-06-13T08:33:25+08:00 ] 127.0.0.1 GET /index/blueprint/blueprintinterior.html
[ info ] hy.me/index/blueprint/blueprintinterior.html [运行时间：0.081309s][吞吐率：12.30req/s] [内存消耗：1,622.20kb] [文件加载：62]
[ info ] [ LANG ] D:\WebServer\www\project\Hy\thinkphp\lang\zh-cn.php
[ info ] [ ROUTE ] array (
)
[ info ] [ HEADER ] array (
  'host' => 'hy.me',
  'connection' => 'keep-alive',
  'upgrade-insecure-requests' => '1',
  'user-agent' => 'Mozilla/5.0 (Windows NT 10.0; WOW64) AppleWebKit/537.36 (KHTML, like Gecko) Chrome/66.0.3359.181 Safari/537.36',
  'accept' => 'text/html,application/xhtml+xml,application/xml;q=0.9,image/webp,image/apng,*/*;q=0.8',
  'dnt' => '1',
  'referer' => 'http://hy.me/',
  'accept-encoding' => 'gzip, deflate',
  'accept-language' => 'zh-CN,zh;q=0.9,en-AS;q=0.8,en-US;q=0.7,en-AU;q=0.6,en-XA;q=0.5,en;q=0.4',
  'cookie' => 'Hm_lvt_5a0192f8207da980c77f112b59310c12=1528770224,1528849975; Hm_lpvt_5a0192f8207da980c77f112b59310c12=1528849984',
)
[ info ] [ PARAM ] array (
)
[ info ] [ VIEW ] D:\WebServer\www\project\Hy\application\index\view\blueprint\blueprint-interior.html [ array (
) ]
---------------------------------------------------------------
[ 2018-06-13T08:33:26+08:00 ] 127.0.0.1 GET /index/blueprint/blueprintoutside.html
[ info ] hy.me/index/blueprint/blueprintoutside.html [运行时间：0.073124s][吞吐率：13.68req/s] [内存消耗：1,622.20kb] [文件加载：62]
[ info ] [ LANG ] D:\WebServer\www\project\Hy\thinkphp\lang\zh-cn.php
[ info ] [ ROUTE ] array (
)
[ info ] [ HEADER ] array (
  'host' => 'hy.me',
  'connection' => 'keep-alive',
  'upgrade-insecure-requests' => '1',
  'user-agent' => 'Mozilla/5.0 (Windows NT 10.0; WOW64) AppleWebKit/537.36 (KHTML, like Gecko) Chrome/66.0.3359.181 Safari/537.36',
  'accept' => 'text/html,application/xhtml+xml,application/xml;q=0.9,image/webp,image/apng,*/*;q=0.8',
  'dnt' => '1',
  'referer' => 'http://hy.me/',
  'accept-encoding' => 'gzip, deflate',
  'accept-language' => 'zh-CN,zh;q=0.9,en-AS;q=0.8,en-US;q=0.7,en-AU;q=0.6,en-XA;q=0.5,en;q=0.4',
  'cookie' => 'Hm_lvt_5a0192f8207da980c77f112b59310c12=1528770224,1528849975; Hm_lpvt_5a0192f8207da980c77f112b59310c12=1528849984',
)
[ info ] [ PARAM ] array (
)
[ info ] [ VIEW ] D:\WebServer\www\project\Hy\application\index\view\blueprint\blueprint-outside.html [ array (
) ]
---------------------------------------------------------------
[ 2018-06-13T08:33:31+08:00 ] 127.0.0.1 GET /index/blueprint/blueprintinfo.html
[ info ] hy.me/index/blueprint/blueprintinfo.html [运行时间：20.538417s][吞吐率：0.05req/s] [内存消耗：3,050.10kb] [文件加载：78]
[ info ] [ LANG ] D:\WebServer\www\project\Hy\thinkphp\lang\zh-cn.php
[ info ] [ ROUTE ] array (
)
[ info ] [ HEADER ] array (
  'host' => 'hy.me',
  'connection' => 'keep-alive',
  'upgrade-insecure-requests' => '1',
  'user-agent' => 'Mozilla/5.0 (Windows NT 10.0; WOW64) AppleWebKit/537.36 (KHTML, like Gecko) Chrome/66.0.3359.181 Safari/537.36',
  'accept' => 'text/html,application/xhtml+xml,application/xml;q=0.9,image/webp,image/apng,*/*;q=0.8',
  'dnt' => '1',
  'referer' => 'http://hy.me/',
  'accept-encoding' => 'gzip, deflate',
  'accept-language' => 'zh-CN,zh;q=0.9,en-AS;q=0.8,en-US;q=0.7,en-AU;q=0.6,en-XA;q=0.5,en;q=0.4',
  'cookie' => 'Hm_lvt_5a0192f8207da980c77f112b59310c12=1528770224,1528849975; Hm_lpvt_5a0192f8207da980c77f112b59310c12=1528849984',
)
[ info ] [ PARAM ] array (
)
[ info ] [ DB ] INIT mysql
[ info ] [ VIEW ] D:\WebServer\www\project\Hy\application\index\view\blueprint\blueprint-info.html [ array (
  0 => 'blueprintInfo',
  1 => 'blueprintInfoCount',
) ]
[ sql ] [ DB ] CONNECT:[ UseTime:20.099546s ] mysql:host=118.24.184.68;dbname=hy;charset=utf8
[ sql ] [ SQL ] SHOW COLUMNS FROM `hy_drawing_detial` [ RunTime:0.076888s ]
[ sql ] [ SQL ] SELECT COUNT(*) AS tp_count FROM `hy_drawing_detial` LIMIT 1 [ RunTime:0.053393s ]
[ sql ] [ SQL ] SELECT * FROM `hy_drawing_detial` ORDER BY `create_time` DESC LIMIT 0,25 [ RunTime:0.028735s ]
---------------------------------------------------------------
[ 2018-06-13T08:33:32+08:00 ] 127.0.0.1 GET /
[ info ] hy.me/ [运行时间：0.031845s][吞吐率：31.40req/s] [内存消耗：1,681.78kb] [文件加载：64]
[ info ] [ LANG ] D:\WebServer\www\project\Hy\thinkphp\lang\zh-cn.php
[ info ] [ ROUTE ] array (
)
[ info ] [ HEADER ] array (
  'host' => 'hy.me',
  'connection' => 'keep-alive',
  'cache-control' => 'max-age=0',
  'upgrade-insecure-requests' => '1',
  'user-agent' => 'Mozilla/5.0 (Windows NT 10.0; WOW64) AppleWebKit/537.36 (KHTML, like Gecko) Chrome/66.0.3359.181 Safari/537.36',
  'accept' => 'text/html,application/xhtml+xml,application/xml;q=0.9,image/webp,image/apng,*/*;q=0.8',
  'dnt' => '1',
  'accept-encoding' => 'gzip, deflate',
  'accept-language' => 'zh-CN,zh;q=0.9,en-AS;q=0.8,en-US;q=0.7,en-AU;q=0.6,en-XA;q=0.5,en;q=0.4',
  'cookie' => 'Hm_lvt_5a0192f8207da980c77f112b59310c12=1528770224,1528849975; Hm_lpvt_5a0192f8207da980c77f112b59310c12=1528849984',
)
[ info ] [ PARAM ] array (
)
[ info ] [ VIEW ] D:\WebServer\www\project\Hy\application\index\view\index\index.html [ array (
) ]
---------------------------------------------------------------
[ 2018-06-13T08:33:32+08:00 ] 127.0.0.1 GET /index/index/welcome.html
[ info ] hy.me/index/index/welcome.html [运行时间：0.023010s][吞吐率：43.46req/s] [内存消耗：1,619.91kb] [文件加载：62]
[ info ] [ LANG ] D:\WebServer\www\project\Hy\thinkphp\lang\zh-cn.php
[ info ] [ ROUTE ] array (
)
[ info ] [ HEADER ] array (
  'host' => 'hy.me',
  'connection' => 'keep-alive',
  'upgrade-insecure-requests' => '1',
  'user-agent' => 'Mozilla/5.0 (Windows NT 10.0; WOW64) AppleWebKit/537.36 (KHTML, like Gecko) Chrome/66.0.3359.181 Safari/537.36',
  'accept' => 'text/html,application/xhtml+xml,application/xml;q=0.9,image/webp,image/apng,*/*;q=0.8',
  'dnt' => '1',
  'referer' => 'http://hy.me/',
  'accept-encoding' => 'gzip, deflate',
  'accept-language' => 'zh-CN,zh;q=0.9,en-AS;q=0.8,en-US;q=0.7,en-AU;q=0.6,en-XA;q=0.5,en;q=0.4',
  'cookie' => 'Hm_lvt_5a0192f8207da980c77f112b59310c12=1528770224,1528849975; Hm_lpvt_5a0192f8207da980c77f112b59310c12=1528849984',
)
[ info ] [ PARAM ] array (
)
[ info ] [ VIEW ] D:\WebServer\www\project\Hy\application\index\view\index\welcome.html [ array (
) ]
---------------------------------------------------------------
[ 2018-06-13T08:33:33+08:00 ] 127.0.0.1 GET /
[ info ] hy.me/ [运行时间：0.031309s][吞吐率：31.94req/s] [内存消耗：1,681.78kb] [文件加载：64]
[ info ] [ LANG ] D:\WebServer\www\project\Hy\thinkphp\lang\zh-cn.php
[ info ] [ ROUTE ] array (
)
[ info ] [ HEADER ] array (
  'host' => 'hy.me',
  'connection' => 'keep-alive',
  'cache-control' => 'max-age=0',
  'upgrade-insecure-requests' => '1',
  'user-agent' => 'Mozilla/5.0 (Windows NT 10.0; WOW64) AppleWebKit/537.36 (KHTML, like Gecko) Chrome/66.0.3359.181 Safari/537.36',
  'accept' => 'text/html,application/xhtml+xml,application/xml;q=0.9,image/webp,image/apng,*/*;q=0.8',
  'dnt' => '1',
  'accept-encoding' => 'gzip, deflate',
  'accept-language' => 'zh-CN,zh;q=0.9,en-AS;q=0.8,en-US;q=0.7,en-AU;q=0.6,en-XA;q=0.5,en;q=0.4',
  'cookie' => 'Hm_lvt_5a0192f8207da980c77f112b59310c12=1528770224,1528849975; Hm_lpvt_5a0192f8207da980c77f112b59310c12=1528850012',
)
[ info ] [ PARAM ] array (
)
[ info ] [ VIEW ] D:\WebServer\www\project\Hy\application\index\view\index\index.html [ array (
) ]
---------------------------------------------------------------
[ 2018-06-13T08:33:33+08:00 ] 127.0.0.1 GET /index/index/welcome.html
[ info ] hy.me/index/index/welcome.html [运行时间：0.045752s][吞吐率：21.86req/s] [内存消耗：1,619.91kb] [文件加载：62]
[ info ] [ LANG ] D:\WebServer\www\project\Hy\thinkphp\lang\zh-cn.php
[ info ] [ ROUTE ] array (
)
[ info ] [ HEADER ] array (
  'host' => 'hy.me',
  'connection' => 'keep-alive',
  'upgrade-insecure-requests' => '1',
  'user-agent' => 'Mozilla/5.0 (Windows NT 10.0; WOW64) AppleWebKit/537.36 (KHTML, like Gecko) Chrome/66.0.3359.181 Safari/537.36',
  'accept' => 'text/html,application/xhtml+xml,application/xml;q=0.9,image/webp,image/apng,*/*;q=0.8',
  'dnt' => '1',
  'referer' => 'http://hy.me/',
  'accept-encoding' => 'gzip, deflate',
  'accept-language' => 'zh-CN,zh;q=0.9,en-AS;q=0.8,en-US;q=0.7,en-AU;q=0.6,en-XA;q=0.5,en;q=0.4',
  'cookie' => 'Hm_lvt_5a0192f8207da980c77f112b59310c12=1528770224,1528849975; Hm_lpvt_5a0192f8207da980c77f112b59310c12=1528850012',
)
[ info ] [ PARAM ] array (
)
[ info ] [ VIEW ] D:\WebServer\www\project\Hy\application\index\view\index\welcome.html [ array (
) ]
---------------------------------------------------------------
[ 2018-06-13T08:33:34+08:00 ] 127.0.0.1 GET /index/blueprint/blueprintinfo.html
[ info ] hy.me/index/blueprint/blueprintinfo.html [运行时间：10.426647s][吞吐率：0.10req/s] [内存消耗：3,050.10kb] [文件加载：78]
[ info ] [ LANG ] D:\WebServer\www\project\Hy\thinkphp\lang\zh-cn.php
[ info ] [ ROUTE ] array (
)
[ info ] [ HEADER ] array (
  'host' => 'hy.me',
  'connection' => 'keep-alive',
  'upgrade-insecure-requests' => '1',
  'user-agent' => 'Mozilla/5.0 (Windows NT 10.0; WOW64) AppleWebKit/537.36 (KHTML, like Gecko) Chrome/66.0.3359.181 Safari/537.36',
  'accept' => 'text/html,application/xhtml+xml,application/xml;q=0.9,image/webp,image/apng,*/*;q=0.8',
  'dnt' => '1',
  'referer' => 'http://hy.me/',
  'accept-encoding' => 'gzip, deflate',
  'accept-language' => 'zh-CN,zh;q=0.9,en-AS;q=0.8,en-US;q=0.7,en-AU;q=0.6,en-XA;q=0.5,en;q=0.4',
  'cookie' => 'Hm_lvt_5a0192f8207da980c77f112b59310c12=1528770224,1528849975; Hm_lpvt_5a0192f8207da980c77f112b59310c12=1528849984',
)
[ info ] [ PARAM ] array (
)
[ info ] [ DB ] INIT mysql
[ info ] [ VIEW ] D:\WebServer\www\project\Hy\application\index\view\blueprint\blueprint-info.html [ array (
  0 => 'blueprintInfo',
  1 => 'blueprintInfoCount',
) ]
[ sql ] [ DB ] CONNECT:[ UseTime:10.248208s ] mysql:host=118.24.184.68;dbname=hy;charset=utf8
[ sql ] [ SQL ] SHOW COLUMNS FROM `hy_drawing_detial` [ RunTime:0.039340s ]
[ sql ] [ SQL ] SELECT COUNT(*) AS tp_count FROM `hy_drawing_detial` LIMIT 1 [ RunTime:0.035510s ]
[ sql ] [ SQL ] SELECT * FROM `hy_drawing_detial` ORDER BY `create_time` DESC LIMIT 0,25 [ RunTime:0.032642s ]
---------------------------------------------------------------
[ 2018-06-13T08:33:35+08:00 ] 127.0.0.1 GET /index/blueprint/blueprintinfo.html
[ info ] hy.me/index/blueprint/blueprintinfo.html [运行时间：0.239906s][吞吐率：4.17req/s] [内存消耗：3,050.10kb] [文件加载：78]
[ info ] [ LANG ] D:\WebServer\www\project\Hy\thinkphp\lang\zh-cn.php
[ info ] [ ROUTE ] array (
)
[ info ] [ HEADER ] array (
  'host' => 'hy.me',
  'connection' => 'keep-alive',
  'upgrade-insecure-requests' => '1',
  'user-agent' => 'Mozilla/5.0 (Windows NT 10.0; WOW64) AppleWebKit/537.36 (KHTML, like Gecko) Chrome/66.0.3359.181 Safari/537.36',
  'accept' => 'text/html,application/xhtml+xml,application/xml;q=0.9,image/webp,image/apng,*/*;q=0.8',
  'dnt' => '1',
  'referer' => 'http://hy.me/',
  'accept-encoding' => 'gzip, deflate',
  'accept-language' => 'zh-CN,zh;q=0.9,en-AS;q=0.8,en-US;q=0.7,en-AU;q=0.6,en-XA;q=0.5,en;q=0.4',
  'cookie' => 'Hm_lvt_5a0192f8207da980c77f112b59310c12=1528770224,1528849975; Hm_lpvt_5a0192f8207da980c77f112b59310c12=1528850014',
)
[ info ] [ PARAM ] array (
)
[ info ] [ DB ] INIT mysql
[ info ] [ VIEW ] D:\WebServer\www\project\Hy\application\index\view\blueprint\blueprint-info.html [ array (
  0 => 'blueprintInfo',
  1 => 'blueprintInfoCount',
) ]
[ sql ] [ DB ] CONNECT:[ UseTime:0.057901s ] mysql:host=118.24.184.68;dbname=hy;charset=utf8
[ sql ] [ SQL ] SHOW COLUMNS FROM `hy_drawing_detial` [ RunTime:0.034670s ]
[ sql ] [ SQL ] SELECT COUNT(*) AS tp_count FROM `hy_drawing_detial` LIMIT 1 [ RunTime:0.042985s ]
[ sql ] [ SQL ] SELECT * FROM `hy_drawing_detial` ORDER BY `create_time` DESC LIMIT 0,25 [ RunTime:0.034733s ]
---------------------------------------------------------------
[ 2018-06-13T09:14:01+08:00 ] 127.0.0.1 GET /index/blueprint/blueprintinfo.html
[ info ] hy.me/index/blueprint/blueprintinfo.html [运行时间：0.516710s][吞吐率：1.94req/s] [内存消耗：2,971.09kb] [文件加载：81]
[ info ] [ LANG ] D:\WebServer\www\project\Hy\thinkphp\lang\zh-cn.php
[ info ] [ ROUTE ] array (
)
[ info ] [ HEADER ] array (
  'host' => 'hy.me',
  'connection' => 'keep-alive',
  'cache-control' => 'max-age=0',
  'upgrade-insecure-requests' => '1',
  'user-agent' => 'Mozilla/5.0 (Windows NT 10.0; WOW64) AppleWebKit/537.36 (KHTML, like Gecko) Chrome/66.0.3359.181 Safari/537.36',
  'accept' => 'text/html,application/xhtml+xml,application/xml;q=0.9,image/webp,image/apng,*/*;q=0.8',
  'dnt' => '1',
  'referer' => 'http://hy.me/',
  'accept-encoding' => 'gzip, deflate',
  'accept-language' => 'zh-CN,zh;q=0.9,en-AS;q=0.8,en-US;q=0.7,en-AU;q=0.6,en-XA;q=0.5,en;q=0.4',
  'cookie' => 'Hm_lvt_5a0192f8207da980c77f112b59310c12=1528770224,1528849975; Hm_lpvt_5a0192f8207da980c77f112b59310c12=1528850014',
)
[ info ] [ PARAM ] array (
)
[ info ] [ DB ] INIT mysql
[ info ] [ VIEW ] D:\WebServer\www\project\Hy\application\index\view\blueprint\blueprint-info.html [ array (
  0 => 'blueprintInfo',
  1 => 'blueprintInfoCount',
) ]
[ sql ] [ DB ] CONNECT:[ UseTime:0.073586s ] mysql:host=118.24.184.68;dbname=hy;charset=utf8
[ sql ] [ SQL ] SHOW COLUMNS FROM `hy_drawing_detial` [ RunTime:0.031232s ]
[ sql ] [ SQL ] SELECT COUNT(*) AS tp_count FROM `hy_drawing_detial` LIMIT 1 [ RunTime:0.033599s ]
[ sql ] [ SQL ] SELECT * FROM `hy_drawing_detial` ORDER BY `create_time` DESC LIMIT 0,25 [ RunTime:0.037029s ]
[ error ] [0]类的属性不存在:app\index\model\BlueprintInfo->drawing_internal_id[D:\WebServer\www\project\Hy\thinkphp\library\think\model\concern\Attribute.php:506]
---------------------------------------------------------------
[ 2018-06-13T09:19:22+08:00 ] 127.0.0.1 GET /index/blueprint/blueprintinfo.html
[ info ] hy.me/index/blueprint/blueprintinfo.html [运行时间：0.217690s][吞吐率：4.59req/s] [内存消耗：2,923.72kb] [文件加载：78]
[ info ] [ LANG ] D:\WebServer\www\project\Hy\thinkphp\lang\zh-cn.php
[ info ] [ ROUTE ] array (
)
[ info ] [ HEADER ] array (
  'host' => 'hy.me',
  'connection' => 'keep-alive',
  'cache-control' => 'max-age=0',
  'upgrade-insecure-requests' => '1',
  'user-agent' => 'Mozilla/5.0 (Windows NT 10.0; WOW64) AppleWebKit/537.36 (KHTML, like Gecko) Chrome/66.0.3359.181 Safari/537.36',
  'accept' => 'text/html,application/xhtml+xml,application/xml;q=0.9,image/webp,image/apng,*/*;q=0.8',
  'dnt' => '1',
  'referer' => 'http://hy.me/',
  'accept-encoding' => 'gzip, deflate',
  'accept-language' => 'zh-CN,zh;q=0.9,en-AS;q=0.8,en-US;q=0.7,en-AU;q=0.6,en-XA;q=0.5,en;q=0.4',
  'cookie' => 'Hm_lvt_5a0192f8207da980c77f112b59310c12=1528770224,1528849975; Hm_lpvt_5a0192f8207da980c77f112b59310c12=1528850014',
)
[ info ] [ PARAM ] array (
)
[ info ] [ DB ] INIT mysql
[ info ] [ VIEW ] D:\WebServer\www\project\Hy\application\index\view\blueprint\blueprint-info.html [ array (
  0 => 'blueprintInfo',
  1 => 'blueprintInfoCount',
) ]
[ sql ] [ DB ] CONNECT:[ UseTime:0.050958s ] mysql:host=118.24.184.68;dbname=hy;charset=utf8
[ sql ] [ SQL ] SHOW COLUMNS FROM `hy_drawing_detial` [ RunTime:0.031463s ]
[ sql ] [ SQL ] SELECT COUNT(*) AS tp_count FROM `hy_drawing_detial` LIMIT 1 [ RunTime:0.034952s ]
[ sql ] [ SQL ] SELECT * FROM `hy_drawing_detial` ORDER BY `create_time` DESC LIMIT 0,25 [ RunTime:0.037634s ]
---------------------------------------------------------------
[ 2018-06-13T09:19:32+08:00 ] 127.0.0.1 GET /index/blueprint/blueprintinfo.html
[ info ] hy.me/index/blueprint/blueprintinfo.html [运行时间：0.180503s][吞吐率：5.54req/s] [内存消耗：2,923.72kb] [文件加载：78]
[ info ] [ LANG ] D:\WebServer\www\project\Hy\thinkphp\lang\zh-cn.php
[ info ] [ ROUTE ] array (
)
[ info ] [ HEADER ] array (
  'host' => 'hy.me',
  'connection' => 'keep-alive',
  'cache-control' => 'max-age=0',
  'upgrade-insecure-requests' => '1',
  'user-agent' => 'Mozilla/5.0 (Windows NT 10.0; WOW64) AppleWebKit/537.36 (KHTML, like Gecko) Chrome/66.0.3359.181 Safari/537.36',
  'accept' => 'text/html,application/xhtml+xml,application/xml;q=0.9,image/webp,image/apng,*/*;q=0.8',
  'dnt' => '1',
  'referer' => 'http://hy.me/',
  'accept-encoding' => 'gzip, deflate',
  'accept-language' => 'zh-CN,zh;q=0.9,en-AS;q=0.8,en-US;q=0.7,en-AU;q=0.6,en-XA;q=0.5,en;q=0.4',
  'cookie' => 'Hm_lvt_5a0192f8207da980c77f112b59310c12=1528770224,1528849975; Hm_lpvt_5a0192f8207da980c77f112b59310c12=1528850014',
)
[ info ] [ PARAM ] array (
)
[ info ] [ DB ] INIT mysql
[ info ] [ VIEW ] D:\WebServer\www\project\Hy\application\index\view\blueprint\blueprint-info.html [ array (
  0 => 'blueprintInfo',
  1 => 'blueprintInfoCount',
) ]
[ sql ] [ DB ] CONNECT:[ UseTime:0.043265s ] mysql:host=118.24.184.68;dbname=hy;charset=utf8
[ sql ] [ SQL ] SHOW COLUMNS FROM `hy_drawing_detial` [ RunTime:0.027076s ]
[ sql ] [ SQL ] SELECT COUNT(*) AS tp_count FROM `hy_drawing_detial` LIMIT 1 [ RunTime:0.031843s ]
[ sql ] [ SQL ] SELECT * FROM `hy_drawing_detial` ORDER BY `create_time` DESC LIMIT 0,25 [ RunTime:0.027782s ]
---------------------------------------------------------------
[ 2018-06-13T10:05:09+08:00 ] 127.0.0.1 GET /index/blueprint/blueprintinfo.html
[ info ] hy.me/index/blueprint/blueprintinfo.html [运行时间：0.290024s][吞吐率：3.45req/s] [内存消耗：3,075.27kb] [文件加载：80]
[ info ] [ LANG ] D:\WebServer\www\project\Hy\thinkphp\lang\zh-cn.php
[ info ] [ ROUTE ] array (
)
[ info ] [ HEADER ] array (
  'host' => 'hy.me',
  'connection' => 'keep-alive',
  'cache-control' => 'max-age=0',
  'upgrade-insecure-requests' => '1',
  'user-agent' => 'Mozilla/5.0 (Windows NT 10.0; WOW64) AppleWebKit/537.36 (KHTML, like Gecko) Chrome/66.0.3359.181 Safari/537.36',
  'accept' => 'text/html,application/xhtml+xml,application/xml;q=0.9,image/webp,image/apng,*/*;q=0.8',
  'dnt' => '1',
  'referer' => 'http://hy.me/',
  'accept-encoding' => 'gzip, deflate',
  'accept-language' => 'zh-CN,zh;q=0.9,en-AS;q=0.8,en-US;q=0.7,en-AU;q=0.6,en-XA;q=0.5,en;q=0.4',
  'cookie' => 'Hm_lvt_5a0192f8207da980c77f112b59310c12=1528770224,1528849975; Hm_lpvt_5a0192f8207da980c77f112b59310c12=1528850014',
)
[ info ] [ PARAM ] array (
)
[ info ] [ DB ] INIT mysql
[ info ] [ VIEW ] D:\WebServer\www\project\Hy\application\index\view\blueprint\blueprint-info.html [ array (
  0 => 'blueprintInfo',
  1 => 'blueprintInfoCount',
) ]
[ sql ] [ DB ] CONNECT:[ UseTime:0.050096s ] mysql:host=118.24.184.68;dbname=hy;charset=utf8
[ sql ] [ SQL ] SHOW COLUMNS FROM `hy_drawing_detial` [ RunTime:0.045062s ]
[ sql ] [ SQL ] SELECT COUNT(*) AS tp_count FROM `hy_drawing_detial` LIMIT 1 [ RunTime:0.030059s ]
[ sql ] [ SQL ] SELECT * FROM `hy_drawing_detial` ORDER BY `create_time` DESC LIMIT 0,25 [ RunTime:0.053738s ]
---------------------------------------------------------------
[ 2018-06-13T10:06:10+08:00 ] 127.0.0.1 GET /index/blueprint/blueprintinfo.html
[ info ] hy.me/index/blueprint/blueprintinfo.html [运行时间：0.284617s][吞吐率：3.51req/s] [内存消耗：3,075.29kb] [文件加载：80]
[ info ] [ LANG ] D:\WebServer\www\project\Hy\thinkphp\lang\zh-cn.php
[ info ] [ ROUTE ] array (
)
[ info ] [ HEADER ] array (
  'host' => 'hy.me',
  'connection' => 'keep-alive',
  'cache-control' => 'max-age=0',
  'upgrade-insecure-requests' => '1',
  'user-agent' => 'Mozilla/5.0 (Windows NT 10.0; WOW64) AppleWebKit/537.36 (KHTML, like Gecko) Chrome/66.0.3359.181 Safari/537.36',
  'accept' => 'text/html,application/xhtml+xml,application/xml;q=0.9,image/webp,image/apng,*/*;q=0.8',
  'dnt' => '1',
  'referer' => 'http://hy.me/',
  'accept-encoding' => 'gzip, deflate',
  'accept-language' => 'zh-CN,zh;q=0.9,en-AS;q=0.8,en-US;q=0.7,en-AU;q=0.6,en-XA;q=0.5,en;q=0.4',
  'cookie' => 'Hm_lvt_5a0192f8207da980c77f112b59310c12=1528770224,1528849975; Hm_lpvt_5a0192f8207da980c77f112b59310c12=1528850014',
)
[ info ] [ PARAM ] array (
)
[ info ] [ DB ] INIT mysql
[ info ] [ VIEW ] D:\WebServer\www\project\Hy\application\index\view\blueprint\blueprint-info.html [ array (
  0 => 'blueprintInfo',
  1 => 'blueprintInfoCount',
) ]
[ sql ] [ DB ] CONNECT:[ UseTime:0.049999s ] mysql:host=118.24.184.68;dbname=hy;charset=utf8
[ sql ] [ SQL ] SHOW COLUMNS FROM `hy_drawing_detial` [ RunTime:0.081181s ]
[ sql ] [ SQL ] SELECT COUNT(*) AS tp_count FROM `hy_drawing_detial` LIMIT 1 [ RunTime:0.046663s ]
[ sql ] [ SQL ] SELECT * FROM `hy_drawing_detial` ORDER BY `create_time` DESC LIMIT 0,25 [ RunTime:0.033512s ]
---------------------------------------------------------------
[ 2018-06-13T10:06:12+08:00 ] 127.0.0.1 GET /index/blueprint/blueprintinfo.html
[ info ] hy.me/index/blueprint/blueprintinfo.html [运行时间：0.222681s][吞吐率：4.49req/s] [内存消耗：2,923.98kb] [文件加载：78]
[ info ] [ LANG ] D:\WebServer\www\project\Hy\thinkphp\lang\zh-cn.php
[ info ] [ ROUTE ] array (
)
[ info ] [ HEADER ] array (
  'host' => 'hy.me',
  'connection' => 'keep-alive',
  'cache-control' => 'max-age=0',
  'upgrade-insecure-requests' => '1',
  'user-agent' => 'Mozilla/5.0 (Windows NT 10.0; WOW64) AppleWebKit/537.36 (KHTML, like Gecko) Chrome/66.0.3359.181 Safari/537.36',
  'accept' => 'text/html,application/xhtml+xml,application/xml;q=0.9,image/webp,image/apng,*/*;q=0.8',
  'dnt' => '1',
  'referer' => 'http://hy.me/',
  'accept-encoding' => 'gzip, deflate',
  'accept-language' => 'zh-CN,zh;q=0.9,en-AS;q=0.8,en-US;q=0.7,en-AU;q=0.6,en-XA;q=0.5,en;q=0.4',
  'cookie' => 'Hm_lvt_5a0192f8207da980c77f112b59310c12=1528770224,1528849975; Hm_lpvt_5a0192f8207da980c77f112b59310c12=1528850014',
)
[ info ] [ PARAM ] array (
)
[ info ] [ DB ] INIT mysql
[ info ] [ VIEW ] D:\WebServer\www\project\Hy\application\index\view\blueprint\blueprint-info.html [ array (
  0 => 'blueprintInfo',
  1 => 'blueprintInfoCount',
) ]
[ sql ] [ DB ] CONNECT:[ UseTime:0.055075s ] mysql:host=118.24.184.68;dbname=hy;charset=utf8
[ sql ] [ SQL ] SHOW COLUMNS FROM `hy_drawing_detial` [ RunTime:0.041893s ]
[ sql ] [ SQL ] SELECT COUNT(*) AS tp_count FROM `hy_drawing_detial` LIMIT 1 [ RunTime:0.041589s ]
[ sql ] [ SQL ] SELECT * FROM `hy_drawing_detial` ORDER BY `create_time` DESC LIMIT 0,25 [ RunTime:0.041600s ]
---------------------------------------------------------------
[ 2018-06-13T19:55:22+08:00 ] 127.0.0.1 GET /
[ info ] hy.me/ [运行时间：0.123271s][吞吐率：8.11req/s] [内存消耗：1,680.58kb] [文件加载：64]
[ info ] [ LANG ] D:\WebServer\www\project\Hy\thinkphp\lang\zh-cn.php
[ info ] [ ROUTE ] array (
)
[ info ] [ HEADER ] array (
  'host' => 'hy.me',
  'connection' => 'keep-alive',
  'upgrade-insecure-requests' => '1',
  'user-agent' => 'Mozilla/5.0 (Windows NT 10.0; WOW64) AppleWebKit/537.36 (KHTML, like Gecko) Chrome/66.0.3359.181 Safari/537.36',
  'accept' => 'text/html,application/xhtml+xml,application/xml;q=0.9,image/webp,image/apng,*/*;q=0.8',
  'dnt' => '1',
  'accept-encoding' => 'gzip, deflate',
  'accept-language' => 'zh-CN,zh;q=0.9,en-AS;q=0.8,en-US;q=0.7,en-AU;q=0.6,en-XA;q=0.5,en;q=0.4',
)
[ info ] [ PARAM ] array (
)
[ info ] [ VIEW ] D:\WebServer\www\project\Hy\application\index\view\index\index.html [ array (
) ]
---------------------------------------------------------------
[ 2018-06-13T21:14:16+08:00 ] 127.0.0.1 GET /
[ info ] hy.me/ [运行时间：0.370565s][吞吐率：2.70req/s] [内存消耗：1,680.58kb] [文件加载：64]
[ info ] [ LANG ] D:\WebServer\www\project\Hy\thinkphp\lang\zh-cn.php
[ info ] [ ROUTE ] array (
)
[ info ] [ HEADER ] array (
  'host' => 'hy.me',
  'connection' => 'keep-alive',
  'upgrade-insecure-requests' => '1',
  'user-agent' => 'Mozilla/5.0 (Windows NT 10.0; WOW64) AppleWebKit/537.36 (KHTML, like Gecko) Chrome/66.0.3359.181 Safari/537.36',
  'accept' => 'text/html,application/xhtml+xml,application/xml;q=0.9,image/webp,image/apng,*/*;q=0.8',
  'dnt' => '1',
  'accept-encoding' => 'gzip, deflate',
  'accept-language' => 'zh-CN,zh;q=0.9,en-AS;q=0.8,en-US;q=0.7,en-AU;q=0.6,en-XA;q=0.5,en;q=0.4',
)
[ info ] [ PARAM ] array (
)
[ info ] [ VIEW ] D:\WebServer\www\project\Hy\application\index\view\index\index.html [ array (
) ]
---------------------------------------------------------------
[ 2018-06-13T21:14:17+08:00 ] 127.0.0.1 GET /index/index/welcome.html
[ info ] hy.me/index/index/welcome.html [运行时间：0.042766s][吞吐率：23.38req/s] [内存消耗：1,619.34kb] [文件加载：62]
[ info ] [ LANG ] D:\WebServer\www\project\Hy\thinkphp\lang\zh-cn.php
[ info ] [ ROUTE ] array (
)
[ info ] [ HEADER ] array (
  'host' => 'hy.me',
  'connection' => 'keep-alive',
  'upgrade-insecure-requests' => '1',
  'user-agent' => 'Mozilla/5.0 (Windows NT 10.0; WOW64) AppleWebKit/537.36 (KHTML, like Gecko) Chrome/66.0.3359.181 Safari/537.36',
  'accept' => 'text/html,application/xhtml+xml,application/xml;q=0.9,image/webp,image/apng,*/*;q=0.8',
  'dnt' => '1',
  'referer' => 'http://hy.me/',
  'accept-encoding' => 'gzip, deflate',
  'accept-language' => 'zh-CN,zh;q=0.9,en-AS;q=0.8,en-US;q=0.7,en-AU;q=0.6,en-XA;q=0.5,en;q=0.4',
)
[ info ] [ PARAM ] array (
)
[ info ] [ VIEW ] D:\WebServer\www\project\Hy\application\index\view\index\welcome.html [ array (
) ]
---------------------------------------------------------------
[ 2018-06-13T21:14:18+08:00 ] 127.0.0.1 GET /static/index/favicon.ico
[ info ] hy.me/static/index/favicon.ico [运行时间：0.067471s][吞吐率：14.82req/s] [内存消耗：1,148.85kb] [文件加载：49]
[ info ] [ LANG ] D:\WebServer\www\project\Hy\thinkphp\lang\zh-cn.php
---------------------------------------------------------------
[ 2018-06-13T21:14:21+08:00 ] 127.0.0.1 GET /index/blueprint/blueprintinfo.html
[ info ] hy.me/index/blueprint/blueprintinfo.html [运行时间：0.688526s][吞吐率：1.45req/s] [内存消耗：3,074.66kb] [文件加载：80]
[ info ] [ LANG ] D:\WebServer\www\project\Hy\thinkphp\lang\zh-cn.php
[ info ] [ ROUTE ] array (
)
[ info ] [ HEADER ] array (
  'host' => 'hy.me',
  'connection' => 'keep-alive',
  'upgrade-insecure-requests' => '1',
  'user-agent' => 'Mozilla/5.0 (Windows NT 10.0; WOW64) AppleWebKit/537.36 (KHTML, like Gecko) Chrome/66.0.3359.181 Safari/537.36',
  'accept' => 'text/html,application/xhtml+xml,application/xml;q=0.9,image/webp,image/apng,*/*;q=0.8',
  'dnt' => '1',
  'referer' => 'http://hy.me/',
  'accept-encoding' => 'gzip, deflate',
  'accept-language' => 'zh-CN,zh;q=0.9,en-AS;q=0.8,en-US;q=0.7,en-AU;q=0.6,en-XA;q=0.5,en;q=0.4',
  'cookie' => 'Hm_lvt_5a0192f8207da980c77f112b59310c12=1528895658; Hm_lpvt_5a0192f8207da980c77f112b59310c12=1528895658',
)
[ info ] [ PARAM ] array (
)
[ info ] [ DB ] INIT mysql
[ info ] [ VIEW ] D:\WebServer\www\project\Hy\application\index\view\blueprint\blueprint-info.html [ array (
  0 => 'blueprintInfo',
  1 => 'blueprintInfoCount',
) ]
[ sql ] [ DB ] CONNECT:[ UseTime:0.373527s ] mysql:host=118.24.184.68;dbname=hy;charset=utf8
[ sql ] [ SQL ] SHOW COLUMNS FROM `hy_drawing_detial` [ RunTime:0.019651s ]
[ sql ] [ SQL ] SELECT COUNT(*) AS tp_count FROM `hy_drawing_detial` LIMIT 1 [ RunTime:0.017972s ]
[ sql ] [ SQL ] SELECT * FROM `hy_drawing_detial` ORDER BY `create_time` DESC LIMIT 0,25 [ RunTime:0.027559s ]
---------------------------------------------------------------
[ 2018-06-13T21:14:43+08:00 ] 127.0.0.1 GET /index/blueprint/blueprintinfo.html
[ info ] hy.me/index/blueprint/blueprintinfo.html [运行时间：0.306222s][吞吐率：3.27req/s] [内存消耗：3,074.99kb] [文件加载：80]
[ info ] [ LANG ] D:\WebServer\www\project\Hy\thinkphp\lang\zh-cn.php
[ info ] [ ROUTE ] array (
)
[ info ] [ HEADER ] array (
  'host' => 'hy.me',
  'connection' => 'keep-alive',
  'cache-control' => 'max-age=0',
  'upgrade-insecure-requests' => '1',
  'user-agent' => 'Mozilla/5.0 (Windows NT 10.0; WOW64) AppleWebKit/537.36 (KHTML, like Gecko) Chrome/66.0.3359.181 Safari/537.36',
  'accept' => 'text/html,application/xhtml+xml,application/xml;q=0.9,image/webp,image/apng,*/*;q=0.8',
  'dnt' => '1',
  'referer' => 'http://hy.me/',
  'accept-encoding' => 'gzip, deflate',
  'accept-language' => 'zh-CN,zh;q=0.9,en-AS;q=0.8,en-US;q=0.7,en-AU;q=0.6,en-XA;q=0.5,en;q=0.4',
  'cookie' => 'Hm_lvt_5a0192f8207da980c77f112b59310c12=1528895658; Hm_lpvt_5a0192f8207da980c77f112b59310c12=1528895658',
)
[ info ] [ PARAM ] array (
)
[ info ] [ DB ] INIT mysql
[ info ] [ VIEW ] D:\WebServer\www\project\Hy\application\index\view\blueprint\blueprint-info.html [ array (
  0 => 'blueprintInfo',
  1 => 'blueprintInfoCount',
) ]
[ sql ] [ DB ] CONNECT:[ UseTime:0.041764s ] mysql:host=118.24.184.68;dbname=hy;charset=utf8
[ sql ] [ SQL ] SHOW COLUMNS FROM `hy_drawing_detial` [ RunTime:0.028961s ]
[ sql ] [ SQL ] SELECT COUNT(*) AS tp_count FROM `hy_drawing_detial` LIMIT 1 [ RunTime:0.032400s ]
[ sql ] [ SQL ] SELECT * FROM `hy_drawing_detial` ORDER BY `create_time` DESC LIMIT 0,25 [ RunTime:0.147626s ]
---------------------------------------------------------------
[ 2018-06-13T21:14:51+08:00 ] 127.0.0.1 GET /index/blueprint/blueprintinfo.html
[ info ] hy.me/index/blueprint/blueprintinfo.html [运行时间：0.329848s][吞吐率：3.03req/s] [内存消耗：3,074.99kb] [文件加载：80]
[ info ] [ LANG ] D:\WebServer\www\project\Hy\thinkphp\lang\zh-cn.php
[ info ] [ ROUTE ] array (
)
[ info ] [ HEADER ] array (
  'host' => 'hy.me',
  'connection' => 'keep-alive',
  'cache-control' => 'max-age=0',
  'upgrade-insecure-requests' => '1',
  'user-agent' => 'Mozilla/5.0 (Windows NT 10.0; WOW64) AppleWebKit/537.36 (KHTML, like Gecko) Chrome/66.0.3359.181 Safari/537.36',
  'accept' => 'text/html,application/xhtml+xml,application/xml;q=0.9,image/webp,image/apng,*/*;q=0.8',
  'dnt' => '1',
  'referer' => 'http://hy.me/',
  'accept-encoding' => 'gzip, deflate',
  'accept-language' => 'zh-CN,zh;q=0.9,en-AS;q=0.8,en-US;q=0.7,en-AU;q=0.6,en-XA;q=0.5,en;q=0.4',
  'cookie' => 'Hm_lvt_5a0192f8207da980c77f112b59310c12=1528895658; Hm_lpvt_5a0192f8207da980c77f112b59310c12=1528895658',
)
[ info ] [ PARAM ] array (
)
[ info ] [ DB ] INIT mysql
[ info ] [ VIEW ] D:\WebServer\www\project\Hy\application\index\view\blueprint\blueprint-info.html [ array (
  0 => 'blueprintInfo',
  1 => 'blueprintInfoCount',
) ]
[ sql ] [ DB ] CONNECT:[ UseTime:0.151794s ] mysql:host=118.24.184.68;dbname=hy;charset=utf8
[ sql ] [ SQL ] SHOW COLUMNS FROM `hy_drawing_detial` [ RunTime:0.032320s ]
[ sql ] [ SQL ] SELECT COUNT(*) AS tp_count FROM `hy_drawing_detial` LIMIT 1 [ RunTime:0.036922s ]
[ sql ] [ SQL ] SELECT * FROM `hy_drawing_detial` ORDER BY `create_time` DESC LIMIT 0,25 [ RunTime:0.047432s ]
---------------------------------------------------------------
[ 2018-06-13T21:15:02+08:00 ] 127.0.0.1 GET /index/blueprint/blueprintinfo.html
[ info ] hy.me/index/blueprint/blueprintinfo.html [运行时间：0.268798s][吞吐率：3.72req/s] [内存消耗：3,074.99kb] [文件加载：80]
[ info ] [ LANG ] D:\WebServer\www\project\Hy\thinkphp\lang\zh-cn.php
[ info ] [ ROUTE ] array (
)
[ info ] [ HEADER ] array (
  'host' => 'hy.me',
  'connection' => 'keep-alive',
  'cache-control' => 'max-age=0',
  'upgrade-insecure-requests' => '1',
  'user-agent' => 'Mozilla/5.0 (Windows NT 10.0; WOW64) AppleWebKit/537.36 (KHTML, like Gecko) Chrome/66.0.3359.181 Safari/537.36',
  'accept' => 'text/html,application/xhtml+xml,application/xml;q=0.9,image/webp,image/apng,*/*;q=0.8',
  'dnt' => '1',
  'referer' => 'http://hy.me/',
  'accept-encoding' => 'gzip, deflate',
  'accept-language' => 'zh-CN,zh;q=0.9,en-AS;q=0.8,en-US;q=0.7,en-AU;q=0.6,en-XA;q=0.5,en;q=0.4',
  'cookie' => 'Hm_lvt_5a0192f8207da980c77f112b59310c12=1528895658; Hm_lpvt_5a0192f8207da980c77f112b59310c12=1528895658',
)
[ info ] [ PARAM ] array (
)
[ info ] [ DB ] INIT mysql
[ info ] [ VIEW ] D:\WebServer\www\project\Hy\application\index\view\blueprint\blueprint-info.html [ array (
  0 => 'blueprintInfo',
  1 => 'blueprintInfoCount',
) ]
[ sql ] [ DB ] CONNECT:[ UseTime:0.042399s ] mysql:host=118.24.184.68;dbname=hy;charset=utf8
[ sql ] [ SQL ] SHOW COLUMNS FROM `hy_drawing_detial` [ RunTime:0.028581s ]
[ sql ] [ SQL ] SELECT COUNT(*) AS tp_count FROM `hy_drawing_detial` LIMIT 1 [ RunTime:0.112922s ]
[ sql ] [ SQL ] SELECT * FROM `hy_drawing_detial` ORDER BY `create_time` DESC LIMIT 0,25 [ RunTime:0.042500s ]
---------------------------------------------------------------
[ 2018-06-13T23:13:25+08:00 ] 127.0.0.1 GET /
[ info ] hy.me/ [运行时间：0.047911s][吞吐率：20.87req/s] [内存消耗：1,681.75kb] [文件加载：64]
[ info ] [ LANG ] D:\WebServer\www\project\Hy\thinkphp\lang\zh-cn.php
[ info ] [ ROUTE ] array (
)
[ info ] [ HEADER ] array (
  'host' => 'hy.me',
  'connection' => 'keep-alive',
  'cache-control' => 'max-age=0',
  'upgrade-insecure-requests' => '1',
  'user-agent' => 'Mozilla/5.0 (Windows NT 10.0; WOW64) AppleWebKit/537.36 (KHTML, like Gecko) Chrome/66.0.3359.181 Safari/537.36',
  'accept' => 'text/html,application/xhtml+xml,application/xml;q=0.9,image/webp,image/apng,*/*;q=0.8',
  'dnt' => '1',
  'accept-encoding' => 'gzip, deflate',
  'accept-language' => 'zh-CN,zh;q=0.9,en-AS;q=0.8,en-US;q=0.7,en-AU;q=0.6,en-XA;q=0.5,en;q=0.4',
  'cookie' => 'Hm_lvt_5a0192f8207da980c77f112b59310c12=1528895658; Hm_lpvt_5a0192f8207da980c77f112b59310c12=1528895658',
)
[ info ] [ PARAM ] array (
)
[ info ] [ VIEW ] D:\WebServer\www\project\Hy\application\index\view\index\index.html [ array (
) ]
---------------------------------------------------------------
[ 2018-06-13T23:13:25+08:00 ] 127.0.0.1 GET /index/index/welcome.html
[ info ] hy.me/index/index/welcome.html [运行时间：0.038894s][吞吐率：25.71req/s] [内存消耗：1,619.88kb] [文件加载：62]
[ info ] [ LANG ] D:\WebServer\www\project\Hy\thinkphp\lang\zh-cn.php
[ info ] [ ROUTE ] array (
)
[ info ] [ HEADER ] array (
  'host' => 'hy.me',
  'connection' => 'keep-alive',
  'upgrade-insecure-requests' => '1',
  'user-agent' => 'Mozilla/5.0 (Windows NT 10.0; WOW64) AppleWebKit/537.36 (KHTML, like Gecko) Chrome/66.0.3359.181 Safari/537.36',
  'accept' => 'text/html,application/xhtml+xml,application/xml;q=0.9,image/webp,image/apng,*/*;q=0.8',
  'dnt' => '1',
  'referer' => 'http://hy.me/',
  'accept-encoding' => 'gzip, deflate',
  'accept-language' => 'zh-CN,zh;q=0.9,en-AS;q=0.8,en-US;q=0.7,en-AU;q=0.6,en-XA;q=0.5,en;q=0.4',
  'cookie' => 'Hm_lvt_5a0192f8207da980c77f112b59310c12=1528895658; Hm_lpvt_5a0192f8207da980c77f112b59310c12=1528895658',
)
[ info ] [ PARAM ] array (
)
[ info ] [ VIEW ] D:\WebServer\www\project\Hy\application\index\view\index\welcome.html [ array (
) ]
---------------------------------------------------------------
[ 2018-06-13T23:13:28+08:00 ] 127.0.0.1 GET /index/storehouse/delivery.html
[ info ] hy.me/index/storehouse/delivery.html [运行时间：0.095548s][吞吐率：10.47req/s] [内存消耗：1,620.07kb] [文件加载：62]
[ info ] [ LANG ] D:\WebServer\www\project\Hy\thinkphp\lang\zh-cn.php
[ info ] [ ROUTE ] array (
)
[ info ] [ HEADER ] array (
  'host' => 'hy.me',
  'connection' => 'keep-alive',
  'upgrade-insecure-requests' => '1',
  'user-agent' => 'Mozilla/5.0 (Windows NT 10.0; WOW64) AppleWebKit/537.36 (KHTML, like Gecko) Chrome/66.0.3359.181 Safari/537.36',
  'accept' => 'text/html,application/xhtml+xml,application/xml;q=0.9,image/webp,image/apng,*/*;q=0.8',
  'dnt' => '1',
  'referer' => 'http://hy.me/',
  'accept-encoding' => 'gzip, deflate',
  'accept-language' => 'zh-CN,zh;q=0.9,en-AS;q=0.8,en-US;q=0.7,en-AU;q=0.6,en-XA;q=0.5,en;q=0.4',
  'cookie' => 'Hm_lvt_5a0192f8207da980c77f112b59310c12=1528895658; Hm_lpvt_5a0192f8207da980c77f112b59310c12=1528902806',
)
[ info ] [ PARAM ] array (
)
[ info ] [ VIEW ] D:\WebServer\www\project\Hy\application\index\view\storehouse\delivery.html [ array (
) ]
---------------------------------------------------------------
[ 2018-06-13T23:13:29+08:00 ] 127.0.0.1 GET /index/bill/customerbill.html
[ info ] hy.me/index/bill/customerbill.html [运行时间：0.084259s][吞吐率：11.87req/s] [内存消耗：1,620.63kb] [文件加载：62]
[ info ] [ LANG ] D:\WebServer\www\project\Hy\thinkphp\lang\zh-cn.php
[ info ] [ ROUTE ] array (
)
[ info ] [ HEADER ] array (
  'host' => 'hy.me',
  'connection' => 'keep-alive',
  'upgrade-insecure-requests' => '1',
  'user-agent' => 'Mozilla/5.0 (Windows NT 10.0; WOW64) AppleWebKit/537.36 (KHTML, like Gecko) Chrome/66.0.3359.181 Safari/537.36',
  'accept' => 'text/html,application/xhtml+xml,application/xml;q=0.9,image/webp,image/apng,*/*;q=0.8',
  'dnt' => '1',
  'referer' => 'http://hy.me/',
  'accept-encoding' => 'gzip, deflate',
  'accept-language' => 'zh-CN,zh;q=0.9,en-AS;q=0.8,en-US;q=0.7,en-AU;q=0.6,en-XA;q=0.5,en;q=0.4',
  'cookie' => 'Hm_lvt_5a0192f8207da980c77f112b59310c12=1528895658; Hm_lpvt_5a0192f8207da980c77f112b59310c12=1528902806',
)
[ info ] [ PARAM ] array (
)
[ info ] [ VIEW ] D:\WebServer\www\project\Hy\application\index\view\bill\customer-bill.html [ array (
) ]
---------------------------------------------------------------
[ 2018-06-13T23:21:22+08:00 ] 127.0.0.1 GET /index/blueprint/blueprintinfo.html
[ info ] hy.me/index/blueprint/blueprintinfo.html [运行时间：0.192989s][吞吐率：5.18req/s] [内存消耗：2,923.61kb] [文件加载：78]
[ info ] [ LANG ] D:\WebServer\www\project\Hy\thinkphp\lang\zh-cn.php
[ info ] [ ROUTE ] array (
)
[ info ] [ HEADER ] array (
  'host' => 'hy.me',
  'connection' => 'keep-alive',
  'upgrade-insecure-requests' => '1',
  'user-agent' => 'Mozilla/5.0 (Windows NT 10.0; WOW64) AppleWebKit/537.36 (KHTML, like Gecko) Chrome/66.0.3359.181 Safari/537.36',
  'accept' => 'text/html,application/xhtml+xml,application/xml;q=0.9,image/webp,image/apng,*/*;q=0.8',
  'dnt' => '1',
  'referer' => 'http://hy.me/',
  'accept-encoding' => 'gzip, deflate',
  'accept-language' => 'zh-CN,zh;q=0.9,en-AS;q=0.8,en-US;q=0.7,en-AU;q=0.6,en-XA;q=0.5,en;q=0.4',
  'cookie' => 'Hm_lvt_5a0192f8207da980c77f112b59310c12=1528895658; Hm_lpvt_5a0192f8207da980c77f112b59310c12=1528902806',
)
[ info ] [ PARAM ] array (
)
[ info ] [ DB ] INIT mysql
[ info ] [ VIEW ] D:\WebServer\www\project\Hy\application\index\view\blueprint\blueprint-info.html [ array (
  0 => 'blueprintInfo',
  1 => 'blueprintInfoCount',
) ]
[ sql ] [ DB ] CONNECT:[ UseTime:0.050112s ] mysql:host=118.24.184.68;dbname=hy;charset=utf8
[ sql ] [ SQL ] SHOW COLUMNS FROM `hy_drawing_detial` [ RunTime:0.030894s ]
[ sql ] [ SQL ] SELECT COUNT(*) AS tp_count FROM `hy_drawing_detial` LIMIT 1 [ RunTime:0.030195s ]
[ sql ] [ SQL ] SELECT * FROM `hy_drawing_detial` ORDER BY `create_time` DESC LIMIT 0,25 [ RunTime:0.030442s ]
---------------------------------------------------------------
[ 2018-06-13T23:26:53+08:00 ] 127.0.0.1 GET /index/blueprint/blueprintinfo.html
[ info ] hy.me/index/blueprint/blueprintinfo.html [运行时间：0.156697s][吞吐率：6.38req/s] [内存消耗：3,075.03kb] [文件加载：80]
[ info ] [ LANG ] D:\WebServer\www\project\Hy\thinkphp\lang\zh-cn.php
[ info ] [ ROUTE ] array (
)
[ info ] [ HEADER ] array (
  'host' => 'hy.me',
  'connection' => 'keep-alive',
  'cache-control' => 'max-age=0',
  'upgrade-insecure-requests' => '1',
  'user-agent' => 'Mozilla/5.0 (Windows NT 10.0; WOW64) AppleWebKit/537.36 (KHTML, like Gecko) Chrome/66.0.3359.181 Safari/537.36',
  'accept' => 'text/html,application/xhtml+xml,application/xml;q=0.9,image/webp,image/apng,*/*;q=0.8',
  'dnt' => '1',
  'referer' => 'http://hy.me/',
  'accept-encoding' => 'gzip, deflate',
  'accept-language' => 'zh-CN,zh;q=0.9,en-AS;q=0.8,en-US;q=0.7,en-AU;q=0.6,en-XA;q=0.5,en;q=0.4',
  'cookie' => 'Hm_lvt_5a0192f8207da980c77f112b59310c12=1528895658; Hm_lpvt_5a0192f8207da980c77f112b59310c12=1528902806',
)
[ info ] [ PARAM ] array (
)
[ info ] [ DB ] INIT mysql
[ info ] [ VIEW ] D:\WebServer\www\project\Hy\application\index\view\blueprint\blueprint-info.html [ array (
  0 => 'blueprintInfo',
  1 => 'blueprintInfoCount',
) ]
[ sql ] [ DB ] CONNECT:[ UseTime:0.037760s ] mysql:host=118.24.184.68;dbname=hy;charset=utf8
[ sql ] [ SQL ] SHOW COLUMNS FROM `hy_drawing_detial` [ RunTime:0.024564s ]
[ sql ] [ SQL ] SELECT COUNT(*) AS tp_count FROM `hy_drawing_detial` LIMIT 1 [ RunTime:0.026958s ]
[ sql ] [ SQL ] SELECT * FROM `hy_drawing_detial` ORDER BY `create_time` DESC LIMIT 0,25 [ RunTime:0.024641s ]
---------------------------------------------------------------
[ 2018-06-13T23:28:23+08:00 ] 127.0.0.1 GET /index/blueprint/blueprintinfo.html
[ info ] hy.me/index/blueprint/blueprintinfo.html [运行时间：0.143720s][吞吐率：6.96req/s] [内存消耗：3,075.63kb] [文件加载：80]
[ info ] [ LANG ] D:\WebServer\www\project\Hy\thinkphp\lang\zh-cn.php
[ info ] [ ROUTE ] array (
)
[ info ] [ HEADER ] array (
  'host' => 'hy.me',
  'connection' => 'keep-alive',
  'cache-control' => 'max-age=0',
  'upgrade-insecure-requests' => '1',
  'user-agent' => 'Mozilla/5.0 (Windows NT 10.0; WOW64) AppleWebKit/537.36 (KHTML, like Gecko) Chrome/66.0.3359.181 Safari/537.36',
  'accept' => 'text/html,application/xhtml+xml,application/xml;q=0.9,image/webp,image/apng,*/*;q=0.8',
  'dnt' => '1',
  'referer' => 'http://hy.me/',
  'accept-encoding' => 'gzip, deflate',
  'accept-language' => 'zh-CN,zh;q=0.9,en-AS;q=0.8,en-US;q=0.7,en-AU;q=0.6,en-XA;q=0.5,en;q=0.4',
  'cookie' => 'Hm_lvt_5a0192f8207da980c77f112b59310c12=1528895658; Hm_lpvt_5a0192f8207da980c77f112b59310c12=1528902806',
)
[ info ] [ PARAM ] array (
)
[ info ] [ DB ] INIT mysql
[ info ] [ VIEW ] D:\WebServer\www\project\Hy\application\index\view\blueprint\blueprint-info.html [ array (
  0 => 'blueprintInfo',
  1 => 'blueprintInfoCount',
) ]
[ sql ] [ DB ] CONNECT:[ UseTime:0.030834s ] mysql:host=118.24.184.68;dbname=hy;charset=utf8
[ sql ] [ SQL ] SHOW COLUMNS FROM `hy_drawing_detial` [ RunTime:0.021477s ]
[ sql ] [ SQL ] SELECT COUNT(*) AS tp_count FROM `hy_drawing_detial` LIMIT 1 [ RunTime:0.020573s ]
[ sql ] [ SQL ] SELECT * FROM `hy_drawing_detial` ORDER BY `create_time` DESC LIMIT 0,25 [ RunTime:0.021087s ]
---------------------------------------------------------------
[ 2018-06-13T23:28:42+08:00 ] 127.0.0.1 GET /index/blueprint/blueprintinfo.html
[ info ] hy.me/index/blueprint/blueprintinfo.html [运行时间：0.125684s][吞吐率：7.96req/s] [内存消耗：3,075.63kb] [文件加载：80]
[ info ] [ LANG ] D:\WebServer\www\project\Hy\thinkphp\lang\zh-cn.php
[ info ] [ ROUTE ] array (
)
[ info ] [ HEADER ] array (
  'host' => 'hy.me',
  'connection' => 'keep-alive',
  'cache-control' => 'max-age=0',
  'upgrade-insecure-requests' => '1',
  'user-agent' => 'Mozilla/5.0 (Windows NT 10.0; WOW64) AppleWebKit/537.36 (KHTML, like Gecko) Chrome/66.0.3359.181 Safari/537.36',
  'accept' => 'text/html,application/xhtml+xml,application/xml;q=0.9,image/webp,image/apng,*/*;q=0.8',
  'dnt' => '1',
  'referer' => 'http://hy.me/',
  'accept-encoding' => 'gzip, deflate',
  'accept-language' => 'zh-CN,zh;q=0.9,en-AS;q=0.8,en-US;q=0.7,en-AU;q=0.6,en-XA;q=0.5,en;q=0.4',
  'cookie' => 'Hm_lvt_5a0192f8207da980c77f112b59310c12=1528895658; Hm_lpvt_5a0192f8207da980c77f112b59310c12=1528902806',
)
[ info ] [ PARAM ] array (
)
[ info ] [ DB ] INIT mysql
[ info ] [ VIEW ] D:\WebServer\www\project\Hy\application\index\view\blueprint\blueprint-info.html [ array (
  0 => 'blueprintInfo',
  1 => 'blueprintInfoCount',
) ]
[ sql ] [ DB ] CONNECT:[ UseTime:0.026743s ] mysql:host=118.24.184.68;dbname=hy;charset=utf8
[ sql ] [ SQL ] SHOW COLUMNS FROM `hy_drawing_detial` [ RunTime:0.018844s ]
[ sql ] [ SQL ] SELECT COUNT(*) AS tp_count FROM `hy_drawing_detial` LIMIT 1 [ RunTime:0.018631s ]
[ sql ] [ SQL ] SELECT * FROM `hy_drawing_detial` ORDER BY `create_time` DESC LIMIT 0,25 [ RunTime:0.018031s ]
---------------------------------------------------------------
[ 2018-06-13T23:55:15+08:00 ] 127.0.0.1 GET /index/blueprint/blueprintinfo.html
[ info ] hy.me/index/blueprint/blueprintinfo.html [运行时间：0.135009s][吞吐率：7.41req/s] [内存消耗：3,076.51kb] [文件加载：80]
[ info ] [ LANG ] D:\WebServer\www\project\Hy\thinkphp\lang\zh-cn.php
[ info ] [ ROUTE ] array (
)
[ info ] [ HEADER ] array (
  'host' => 'hy.me',
  'connection' => 'keep-alive',
  'cache-control' => 'max-age=0',
  'upgrade-insecure-requests' => '1',
  'user-agent' => 'Mozilla/5.0 (Windows NT 10.0; WOW64) AppleWebKit/537.36 (KHTML, like Gecko) Chrome/66.0.3359.181 Safari/537.36',
  'accept' => 'text/html,application/xhtml+xml,application/xml;q=0.9,image/webp,image/apng,*/*;q=0.8',
  'dnt' => '1',
  'referer' => 'http://hy.me/',
  'accept-encoding' => 'gzip, deflate',
  'accept-language' => 'zh-CN,zh;q=0.9,en-AS;q=0.8,en-US;q=0.7,en-AU;q=0.6,en-XA;q=0.5,en;q=0.4',
  'cookie' => 'Hm_lvt_5a0192f8207da980c77f112b59310c12=1528895658; Hm_lpvt_5a0192f8207da980c77f112b59310c12=1528902806',
)
[ info ] [ PARAM ] array (
)
[ info ] [ DB ] INIT mysql
[ info ] [ VIEW ] D:\WebServer\www\project\Hy\application\index\view\blueprint\blueprint-info.html [ array (
  0 => 'blueprintInfo',
  1 => 'blueprintInfoCount',
) ]
[ sql ] [ DB ] CONNECT:[ UseTime:0.030860s ] mysql:host=118.24.184.68;dbname=hy;charset=utf8
[ sql ] [ SQL ] SHOW COLUMNS FROM `hy_drawing_detial` [ RunTime:0.021147s ]
[ sql ] [ SQL ] SELECT COUNT(*) AS tp_count FROM `hy_drawing_detial` LIMIT 1 [ RunTime:0.020246s ]
[ sql ] [ SQL ] SELECT * FROM `hy_drawing_detial` ORDER BY `create_time` DESC LIMIT 0,25 [ RunTime:0.020955s ]
---------------------------------------------------------------
[ 2018-06-13T23:56:02+08:00 ] 127.0.0.1 GET /index/blueprint/blueprintinfo.html
[ info ] hy.me/index/blueprint/blueprintinfo.html [运行时间：0.157472s][吞吐率：6.35req/s] [内存消耗：3,076.55kb] [文件加载：80]
[ info ] [ LANG ] D:\WebServer\www\project\Hy\thinkphp\lang\zh-cn.php
[ info ] [ ROUTE ] array (
)
[ info ] [ HEADER ] array (
  'host' => 'hy.me',
  'connection' => 'keep-alive',
  'cache-control' => 'max-age=0',
  'upgrade-insecure-requests' => '1',
  'user-agent' => 'Mozilla/5.0 (Windows NT 10.0; WOW64) AppleWebKit/537.36 (KHTML, like Gecko) Chrome/66.0.3359.181 Safari/537.36',
  'accept' => 'text/html,application/xhtml+xml,application/xml;q=0.9,image/webp,image/apng,*/*;q=0.8',
  'dnt' => '1',
  'referer' => 'http://hy.me/',
  'accept-encoding' => 'gzip, deflate',
  'accept-language' => 'zh-CN,zh;q=0.9,en-AS;q=0.8,en-US;q=0.7,en-AU;q=0.6,en-XA;q=0.5,en;q=0.4',
  'cookie' => 'Hm_lvt_5a0192f8207da980c77f112b59310c12=1528895658; Hm_lpvt_5a0192f8207da980c77f112b59310c12=1528902806',
)
[ info ] [ PARAM ] array (
)
[ info ] [ DB ] INIT mysql
[ info ] [ VIEW ] D:\WebServer\www\project\Hy\application\index\view\blueprint\blueprint-info.html [ array (
  0 => 'blueprintInfo',
  1 => 'blueprintInfoCount',
) ]
[ sql ] [ DB ] CONNECT:[ UseTime:0.038799s ] mysql:host=118.24.184.68;dbname=hy;charset=utf8
[ sql ] [ SQL ] SHOW COLUMNS FROM `hy_drawing_detial` [ RunTime:0.026700s ]
[ sql ] [ SQL ] SELECT COUNT(*) AS tp_count FROM `hy_drawing_detial` LIMIT 1 [ RunTime:0.025553s ]
[ sql ] [ SQL ] SELECT * FROM `hy_drawing_detial` ORDER BY `create_time` DESC LIMIT 0,25 [ RunTime:0.026314s ]
---------------------------------------------------------------
[ 2018-06-13T23:56:17+08:00 ] 127.0.0.1 GET /index/blueprint/blueprintinfo.html
[ info ] hy.me/index/blueprint/blueprintinfo.html [运行时间：0.183890s][吞吐率：5.44req/s] [内存消耗：3,076.86kb] [文件加载：80]
[ info ] [ LANG ] D:\WebServer\www\project\Hy\thinkphp\lang\zh-cn.php
[ info ] [ ROUTE ] array (
)
[ info ] [ HEADER ] array (
  'host' => 'hy.me',
  'connection' => 'keep-alive',
  'cache-control' => 'max-age=0',
  'upgrade-insecure-requests' => '1',
  'user-agent' => 'Mozilla/5.0 (Windows NT 10.0; WOW64) AppleWebKit/537.36 (KHTML, like Gecko) Chrome/66.0.3359.181 Safari/537.36',
  'accept' => 'text/html,application/xhtml+xml,application/xml;q=0.9,image/webp,image/apng,*/*;q=0.8',
  'dnt' => '1',
  'referer' => 'http://hy.me/',
  'accept-encoding' => 'gzip, deflate',
  'accept-language' => 'zh-CN,zh;q=0.9,en-AS;q=0.8,en-US;q=0.7,en-AU;q=0.6,en-XA;q=0.5,en;q=0.4',
  'cookie' => 'Hm_lvt_5a0192f8207da980c77f112b59310c12=1528895658; Hm_lpvt_5a0192f8207da980c77f112b59310c12=1528902806',
)
[ info ] [ PARAM ] array (
)
[ info ] [ DB ] INIT mysql
[ info ] [ VIEW ] D:\WebServer\www\project\Hy\application\index\view\blueprint\blueprint-info.html [ array (
  0 => 'blueprintInfo',
  1 => 'blueprintInfoCount',
) ]
[ sql ] [ DB ] CONNECT:[ UseTime:0.045666s ] mysql:host=118.24.184.68;dbname=hy;charset=utf8
[ sql ] [ SQL ] SHOW COLUMNS FROM `hy_drawing_detial` [ RunTime:0.030927s ]
[ sql ] [ SQL ] SELECT COUNT(*) AS tp_count FROM `hy_drawing_detial` LIMIT 1 [ RunTime:0.030596s ]
[ sql ] [ SQL ] SELECT * FROM `hy_drawing_detial` ORDER BY `create_time` DESC LIMIT 0,25 [ RunTime:0.030529s ]
---------------------------------------------------------------
[ 2018-06-13T23:56:35+08:00 ] 127.0.0.1 GET /index/blueprint/blueprintinfo.html
[ info ] hy.me/index/blueprint/blueprintinfo.html [运行时间：0.147881s][吞吐率：6.76req/s] [内存消耗：3,077.17kb] [文件加载：80]
[ info ] [ LANG ] D:\WebServer\www\project\Hy\thinkphp\lang\zh-cn.php
[ info ] [ ROUTE ] array (
)
[ info ] [ HEADER ] array (
  'host' => 'hy.me',
  'connection' => 'keep-alive',
  'cache-control' => 'max-age=0',
  'upgrade-insecure-requests' => '1',
  'user-agent' => 'Mozilla/5.0 (Windows NT 10.0; WOW64) AppleWebKit/537.36 (KHTML, like Gecko) Chrome/66.0.3359.181 Safari/537.36',
  'accept' => 'text/html,application/xhtml+xml,application/xml;q=0.9,image/webp,image/apng,*/*;q=0.8',
  'dnt' => '1',
  'referer' => 'http://hy.me/',
  'accept-encoding' => 'gzip, deflate',
  'accept-language' => 'zh-CN,zh;q=0.9,en-AS;q=0.8,en-US;q=0.7,en-AU;q=0.6,en-XA;q=0.5,en;q=0.4',
  'cookie' => 'Hm_lvt_5a0192f8207da980c77f112b59310c12=1528895658; Hm_lpvt_5a0192f8207da980c77f112b59310c12=1528902806',
)
[ info ] [ PARAM ] array (
)
[ info ] [ DB ] INIT mysql
[ info ] [ VIEW ] D:\WebServer\www\project\Hy\application\index\view\blueprint\blueprint-info.html [ array (
  0 => 'blueprintInfo',
  1 => 'blueprintInfoCount',
) ]
[ sql ] [ DB ] CONNECT:[ UseTime:0.033745s ] mysql:host=118.24.184.68;dbname=hy;charset=utf8
[ sql ] [ SQL ] SHOW COLUMNS FROM `hy_drawing_detial` [ RunTime:0.023443s ]
[ sql ] [ SQL ] SELECT COUNT(*) AS tp_count FROM `hy_drawing_detial` LIMIT 1 [ RunTime:0.022200s ]
[ sql ] [ SQL ] SELECT * FROM `hy_drawing_detial` ORDER BY `create_time` DESC LIMIT 0,25 [ RunTime:0.027397s ]
---------------------------------------------------------------
[ 2018-06-13T23:56:50+08:00 ] 127.0.0.1 GET /index/blueprint/blueprintinfo.html
[ info ] hy.me/index/blueprint/blueprintinfo.html [运行时间：0.133393s][吞吐率：7.50req/s] [内存消耗：3,078.13kb] [文件加载：80]
[ info ] [ LANG ] D:\WebServer\www\project\Hy\thinkphp\lang\zh-cn.php
[ info ] [ ROUTE ] array (
)
[ info ] [ HEADER ] array (
  'host' => 'hy.me',
  'connection' => 'keep-alive',
  'cache-control' => 'max-age=0',
  'upgrade-insecure-requests' => '1',
  'user-agent' => 'Mozilla/5.0 (Windows NT 10.0; WOW64) AppleWebKit/537.36 (KHTML, like Gecko) Chrome/66.0.3359.181 Safari/537.36',
  'accept' => 'text/html,application/xhtml+xml,application/xml;q=0.9,image/webp,image/apng,*/*;q=0.8',
  'dnt' => '1',
  'referer' => 'http://hy.me/',
  'accept-encoding' => 'gzip, deflate',
  'accept-language' => 'zh-CN,zh;q=0.9,en-AS;q=0.8,en-US;q=0.7,en-AU;q=0.6,en-XA;q=0.5,en;q=0.4',
  'cookie' => 'Hm_lvt_5a0192f8207da980c77f112b59310c12=1528895658; Hm_lpvt_5a0192f8207da980c77f112b59310c12=1528902806',
)
[ info ] [ PARAM ] array (
)
[ info ] [ DB ] INIT mysql
[ info ] [ VIEW ] D:\WebServer\www\project\Hy\application\index\view\blueprint\blueprint-info.html [ array (
  0 => 'blueprintInfo',
  1 => 'blueprintInfoCount',
) ]
[ sql ] [ DB ] CONNECT:[ UseTime:0.027333s ] mysql:host=118.24.184.68;dbname=hy;charset=utf8
[ sql ] [ SQL ] SHOW COLUMNS FROM `hy_drawing_detial` [ RunTime:0.018483s ]
[ sql ] [ SQL ] SELECT COUNT(*) AS tp_count FROM `hy_drawing_detial` LIMIT 1 [ RunTime:0.017608s ]
[ sql ] [ SQL ] SELECT * FROM `hy_drawing_detial` ORDER BY `create_time` DESC LIMIT 0,25 [ RunTime:0.018261s ]
