---------------------------------------------------------------
[ 2018-06-18T12:59:53+08:00 ] 127.0.0.1 GET /
[ info ] h.cn/ [运行时间：0.113041s][吞吐率：8.85req/s] [内存消耗：1,830.25kb] [文件加载：66]
[ info ] [ LANG ] D:\code\Hy\thinkphp\lang\zh-cn.php
[ info ] [ ROUTE ] array (
)
[ info ] [ HEADER ] array (
  'host' => 'h.cn',
  'connection' => 'keep-alive',
  'upgrade-insecure-requests' => '1',
  'user-agent' => 'Mozilla/5.0 (Windows NT 10.0; Win64; x64) AppleWebKit/537.36 (KHTML, like Gecko) Chrome/66.0.3359.117 Safari/537.36',
  'accept' => 'text/html,application/xhtml+xml,application/xml;q=0.9,image/webp,image/apng,*/*;q=0.8',
  'accept-encoding' => 'gzip, deflate',
  'accept-language' => 'zh-CN,zh;q=0.9',
)
[ info ] [ PARAM ] array (
)
[ info ] [ VIEW ] D:\code\Hy\application\index\view\index\index.html [ array (
) ]
---------------------------------------------------------------
[ 2018-06-18T12:59:53+08:00 ] 127.0.0.1 GET /index/index/welcome.html
[ info ] h.cn/index/index/welcome.html [运行时间：0.042681s][吞吐率：23.43req/s] [内存消耗：1,769.16kb] [文件加载：64]
[ info ] [ LANG ] D:\code\Hy\thinkphp\lang\zh-cn.php
[ info ] [ ROUTE ] array (
)
[ info ] [ HEADER ] array (
  'host' => 'h.cn',
  'connection' => 'keep-alive',
  'upgrade-insecure-requests' => '1',
  'user-agent' => 'Mozilla/5.0 (Windows NT 10.0; Win64; x64) AppleWebKit/537.36 (KHTML, like Gecko) Chrome/66.0.3359.117 Safari/537.36',
  'accept' => 'text/html,application/xhtml+xml,application/xml;q=0.9,image/webp,image/apng,*/*;q=0.8',
  'referer' => 'http://h.cn/',
  'accept-encoding' => 'gzip, deflate',
  'accept-language' => 'zh-CN,zh;q=0.9',
)
[ info ] [ PARAM ] array (
)
[ info ] [ VIEW ] D:\code\Hy\application\index\view\index\welcome.html [ array (
) ]
---------------------------------------------------------------
[ 2018-06-18T12:59:54+08:00 ] 127.0.0.1 GET /static/index/favicon.ico
[ info ] h.cn/static/index/favicon.ico [运行时间：0.024479s][吞吐率：40.85req/s] [内存消耗：1,193.84kb] [文件加载：49]
[ info ] [ LANG ] D:\code\Hy\thinkphp\lang\zh-cn.php
---------------------------------------------------------------
[ 2018-06-18T12:59:58+08:00 ] 127.0.0.1 GET /index/personnel/adminlist.html
[ info ] h.cn/index/personnel/adminlist.html [运行时间：0.050115s][吞吐率：19.95req/s] [内存消耗：1,767.27kb] [文件加载：64]
[ info ] [ LANG ] D:\code\Hy\thinkphp\lang\zh-cn.php
[ info ] [ ROUTE ] array (
)
[ info ] [ HEADER ] array (
  'host' => 'h.cn',
  'connection' => 'keep-alive',
  'upgrade-insecure-requests' => '1',
  'user-agent' => 'Mozilla/5.0 (Windows NT 10.0; Win64; x64) AppleWebKit/537.36 (KHTML, like Gecko) Chrome/66.0.3359.117 Safari/537.36',
  'accept' => 'text/html,application/xhtml+xml,application/xml;q=0.9,image/webp,image/apng,*/*;q=0.8',
  'referer' => 'http://h.cn/',
  'accept-encoding' => 'gzip, deflate',
  'accept-language' => 'zh-CN,zh;q=0.9',
)
[ info ] [ PARAM ] array (
)
[ info ] [ VIEW ] D:\code\Hy\application\index\view\personnel\admin-list.html [ array (
) ]
---------------------------------------------------------------
[ 2018-06-18T12:59:59+08:00 ] 127.0.0.1 GET /index/personnel/workerlist.html
[ info ] h.cn/index/personnel/workerlist.html [运行时间：0.046838s][吞吐率：21.35req/s] [内存消耗：1,767.23kb] [文件加载：64]
[ info ] [ LANG ] D:\code\Hy\thinkphp\lang\zh-cn.php
[ info ] [ ROUTE ] array (
)
[ info ] [ HEADER ] array (
  'host' => 'h.cn',
  'connection' => 'keep-alive',
  'upgrade-insecure-requests' => '1',
  'user-agent' => 'Mozilla/5.0 (Windows NT 10.0; Win64; x64) AppleWebKit/537.36 (KHTML, like Gecko) Chrome/66.0.3359.117 Safari/537.36',
  'accept' => 'text/html,application/xhtml+xml,application/xml;q=0.9,image/webp,image/apng,*/*;q=0.8',
  'referer' => 'http://h.cn/',
  'accept-encoding' => 'gzip, deflate',
  'accept-language' => 'zh-CN,zh;q=0.9',
)
[ info ] [ PARAM ] array (
)
[ info ] [ VIEW ] D:\code\Hy\application\index\view\personnel\worker-list.html [ array (
) ]
---------------------------------------------------------------
[ 2018-06-18T12:59:59+08:00 ] 127.0.0.1 GET /index/personnel/clientlist.html
[ info ] h.cn/index/personnel/clientlist.html [运行时间：0.045909s][吞吐率：21.78req/s] [内存消耗：1,767.23kb] [文件加载：64]
[ info ] [ LANG ] D:\code\Hy\thinkphp\lang\zh-cn.php
[ info ] [ ROUTE ] array (
)
[ info ] [ HEADER ] array (
  'host' => 'h.cn',
  'connection' => 'keep-alive',
  'upgrade-insecure-requests' => '1',
  'user-agent' => 'Mozilla/5.0 (Windows NT 10.0; Win64; x64) AppleWebKit/537.36 (KHTML, like Gecko) Chrome/66.0.3359.117 Safari/537.36',
  'accept' => 'text/html,application/xhtml+xml,application/xml;q=0.9,image/webp,image/apng,*/*;q=0.8',
  'referer' => 'http://h.cn/',
  'accept-encoding' => 'gzip, deflate',
  'accept-language' => 'zh-CN,zh;q=0.9',
)
[ info ] [ PARAM ] array (
)
[ info ] [ VIEW ] D:\code\Hy\application\index\view\personnel\client-list.html [ array (
) ]
---------------------------------------------------------------
[ 2018-06-18T13:00:00+08:00 ] 127.0.0.1 GET /index/personnel/authorityclass.html
[ info ] h.cn/index/personnel/authorityclass.html [运行时间：0.054417s][吞吐率：18.38req/s] [内存消耗：1,767.23kb] [文件加载：64]
[ info ] [ LANG ] D:\code\Hy\thinkphp\lang\zh-cn.php
[ info ] [ ROUTE ] array (
)
[ info ] [ HEADER ] array (
  'host' => 'h.cn',
  'connection' => 'keep-alive',
  'upgrade-insecure-requests' => '1',
  'user-agent' => 'Mozilla/5.0 (Windows NT 10.0; Win64; x64) AppleWebKit/537.36 (KHTML, like Gecko) Chrome/66.0.3359.117 Safari/537.36',
  'accept' => 'text/html,application/xhtml+xml,application/xml;q=0.9,image/webp,image/apng,*/*;q=0.8',
  'referer' => 'http://h.cn/',
  'accept-encoding' => 'gzip, deflate',
  'accept-language' => 'zh-CN,zh;q=0.9',
)
[ info ] [ PARAM ] array (
)
[ info ] [ VIEW ] D:\code\Hy\application\index\view\personnel\authority-class.html [ array (
) ]
---------------------------------------------------------------
[ 2018-06-18T13:00:06+08:00 ] 127.0.0.1 GET /index/material/material.html
[ info ] h.cn/index/material/material.html [运行时间：0.047860s][吞吐率：20.89req/s] [内存消耗：1,761.54kb] [文件加载：64]
[ info ] [ LANG ] D:\code\Hy\thinkphp\lang\zh-cn.php
[ info ] [ ROUTE ] array (
)
[ info ] [ HEADER ] array (
  'host' => 'h.cn',
  'connection' => 'keep-alive',
  'upgrade-insecure-requests' => '1',
  'user-agent' => 'Mozilla/5.0 (Windows NT 10.0; Win64; x64) AppleWebKit/537.36 (KHTML, like Gecko) Chrome/66.0.3359.117 Safari/537.36',
  'accept' => 'text/html,application/xhtml+xml,application/xml;q=0.9,image/webp,image/apng,*/*;q=0.8',
  'referer' => 'http://h.cn/',
  'accept-encoding' => 'gzip, deflate',
  'accept-language' => 'zh-CN,zh;q=0.9',
)
[ info ] [ PARAM ] array (
)
[ info ] [ VIEW ] D:\code\Hy\application\index\view\material\material.html [ array (
) ]
---------------------------------------------------------------
[ 2018-06-18T13:00:07+08:00 ] 127.0.0.1 GET /index/mould/mould.html
[ info ] h.cn/index/mould/mould.html [运行时间：0.050383s][吞吐率：19.85req/s] [内存消耗：1,761.41kb] [文件加载：64]
[ info ] [ LANG ] D:\code\Hy\thinkphp\lang\zh-cn.php
[ info ] [ ROUTE ] array (
)
[ info ] [ HEADER ] array (
  'host' => 'h.cn',
  'connection' => 'keep-alive',
  'upgrade-insecure-requests' => '1',
  'user-agent' => 'Mozilla/5.0 (Windows NT 10.0; Win64; x64) AppleWebKit/537.36 (KHTML, like Gecko) Chrome/66.0.3359.117 Safari/537.36',
  'accept' => 'text/html,application/xhtml+xml,application/xml;q=0.9,image/webp,image/apng,*/*;q=0.8',
  'referer' => 'http://h.cn/',
  'accept-encoding' => 'gzip, deflate',
  'accept-language' => 'zh-CN,zh;q=0.9',
)
[ info ] [ PARAM ] array (
)
[ info ] [ VIEW ] D:\code\Hy\application\index\view\mould\mould.html [ array (
) ]
---------------------------------------------------------------
[ 2018-06-18T13:00:08+08:00 ] 127.0.0.1 GET /index/task/intask.html
[ info ] h.cn/index/task/intask.html [运行时间：0.047907s][吞吐率：20.87req/s] [内存消耗：1,765.95kb] [文件加载：64]
[ info ] [ LANG ] D:\code\Hy\thinkphp\lang\zh-cn.php
[ info ] [ ROUTE ] array (
)
[ info ] [ HEADER ] array (
  'host' => 'h.cn',
  'connection' => 'keep-alive',
  'upgrade-insecure-requests' => '1',
  'user-agent' => 'Mozilla/5.0 (Windows NT 10.0; Win64; x64) AppleWebKit/537.36 (KHTML, like Gecko) Chrome/66.0.3359.117 Safari/537.36',
  'accept' => 'text/html,application/xhtml+xml,application/xml;q=0.9,image/webp,image/apng,*/*;q=0.8',
  'referer' => 'http://h.cn/',
  'accept-encoding' => 'gzip, deflate',
  'accept-language' => 'zh-CN,zh;q=0.9',
)
[ info ] [ PARAM ] array (
)
[ info ] [ VIEW ] D:\code\Hy\application\index\view\task\in-task.html [ array (
) ]
---------------------------------------------------------------
[ 2018-06-18T13:00:08+08:00 ] 127.0.0.1 GET /index/task/alreadytask.html
[ info ] h.cn/index/task/alreadytask.html [运行时间：0.061051s][吞吐率：16.38req/s] [内存消耗：1,766.14kb] [文件加载：64]
[ info ] [ LANG ] D:\code\Hy\thinkphp\lang\zh-cn.php
[ info ] [ ROUTE ] array (
)
[ info ] [ HEADER ] array (
  'host' => 'h.cn',
  'connection' => 'keep-alive',
  'upgrade-insecure-requests' => '1',
  'user-agent' => 'Mozilla/5.0 (Windows NT 10.0; Win64; x64) AppleWebKit/537.36 (KHTML, like Gecko) Chrome/66.0.3359.117 Safari/537.36',
  'accept' => 'text/html,application/xhtml+xml,application/xml;q=0.9,image/webp,image/apng,*/*;q=0.8',
  'referer' => 'http://h.cn/',
  'accept-encoding' => 'gzip, deflate',
  'accept-language' => 'zh-CN,zh;q=0.9',
)
[ info ] [ PARAM ] array (
)
[ info ] [ VIEW ] D:\code\Hy\application\index\view\task\already-task.html [ array (
) ]
---------------------------------------------------------------
[ 2018-06-18T13:00:09+08:00 ] 127.0.0.1 GET /index/task/sendgoodsinquiry.html
[ info ] h.cn/index/task/sendgoodsinquiry.html [运行时间：0.043656s][吞吐率：22.91req/s] [内存消耗：1,765.63kb] [文件加载：64]
[ info ] [ LANG ] D:\code\Hy\thinkphp\lang\zh-cn.php
[ info ] [ ROUTE ] array (
)
[ info ] [ HEADER ] array (
  'host' => 'h.cn',
  'connection' => 'keep-alive',
  'upgrade-insecure-requests' => '1',
  'user-agent' => 'Mozilla/5.0 (Windows NT 10.0; Win64; x64) AppleWebKit/537.36 (KHTML, like Gecko) Chrome/66.0.3359.117 Safari/537.36',
  'accept' => 'text/html,application/xhtml+xml,application/xml;q=0.9,image/webp,image/apng,*/*;q=0.8',
  'referer' => 'http://h.cn/',
  'accept-encoding' => 'gzip, deflate',
  'accept-language' => 'zh-CN,zh;q=0.9',
)
[ info ] [ PARAM ] array (
)
[ info ] [ VIEW ] D:\code\Hy\application\index\view\task\send-goods-inquiry.html [ array (
) ]
---------------------------------------------------------------
[ 2018-06-18T13:00:21+08:00 ] 127.0.0.1 GET /index/mould/mould.html
[ info ] h.cn/index/mould/mould.html [运行时间：0.041063s][吞吐率：24.35req/s] [内存消耗：1,615.91kb] [文件加载：62]
[ info ] [ LANG ] D:\code\Hy\thinkphp\lang\zh-cn.php
[ info ] [ ROUTE ] array (
)
[ info ] [ HEADER ] array (
  'host' => 'h.cn',
  'connection' => 'keep-alive',
  'upgrade-insecure-requests' => '1',
  'user-agent' => 'Mozilla/5.0 (Windows NT 10.0; Win64; x64) AppleWebKit/537.36 (KHTML, like Gecko) Chrome/66.0.3359.117 Safari/537.36',
  'accept' => 'text/html,application/xhtml+xml,application/xml;q=0.9,image/webp,image/apng,*/*;q=0.8',
  'referer' => 'http://h.cn/',
  'accept-encoding' => 'gzip, deflate',
  'accept-language' => 'zh-CN,zh;q=0.9',
)
[ info ] [ PARAM ] array (
)
[ info ] [ VIEW ] D:\code\Hy\application\index\view\mould\mould.html [ array (
) ]
---------------------------------------------------------------
[ 2018-06-18T13:00:23+08:00 ] 127.0.0.1 GET /datum.html
[ info ] h.cn/datum.html [运行时间：0.019322s][吞吐率：51.75req/s] [内存消耗：1,193.80kb] [文件加载：49]
[ info ] [ LANG ] D:\code\Hy\thinkphp\lang\zh-cn.php
---------------------------------------------------------------
[ 2018-06-18T13:00:27+08:00 ] 127.0.0.1 GET /index/agreement/agreement.html
[ info ] h.cn/index/agreement/agreement.html [运行时间：0.028074s][吞吐率：35.62req/s] [内存消耗：1,610.33kb] [文件加载：62]
[ info ] [ LANG ] D:\code\Hy\thinkphp\lang\zh-cn.php
[ info ] [ ROUTE ] array (
)
[ info ] [ HEADER ] array (
  'host' => 'h.cn',
  'connection' => 'keep-alive',
  'upgrade-insecure-requests' => '1',
  'user-agent' => 'Mozilla/5.0 (Windows NT 10.0; Win64; x64) AppleWebKit/537.36 (KHTML, like Gecko) Chrome/66.0.3359.117 Safari/537.36',
  'accept' => 'text/html,application/xhtml+xml,application/xml;q=0.9,image/webp,image/apng,*/*;q=0.8',
  'referer' => 'http://h.cn/',
  'accept-encoding' => 'gzip, deflate',
  'accept-language' => 'zh-CN,zh;q=0.9',
)
[ info ] [ PARAM ] array (
)
---------------------------------------------------------------
[ 2018-06-18T13:00:31+08:00 ] 127.0.0.1 GET /index/storehouse/delivery.html
[ info ] h.cn/index/storehouse/delivery.html [运行时间：0.044204s][吞吐率：22.62req/s] [内存消耗：1,763.66kb] [文件加载：64]
[ info ] [ LANG ] D:\code\Hy\thinkphp\lang\zh-cn.php
[ info ] [ ROUTE ] array (
)
[ info ] [ HEADER ] array (
  'host' => 'h.cn',
  'connection' => 'keep-alive',
  'upgrade-insecure-requests' => '1',
  'user-agent' => 'Mozilla/5.0 (Windows NT 10.0; Win64; x64) AppleWebKit/537.36 (KHTML, like Gecko) Chrome/66.0.3359.117 Safari/537.36',
  'accept' => 'text/html,application/xhtml+xml,application/xml;q=0.9,image/webp,image/apng,*/*;q=0.8',
  'referer' => 'http://h.cn/',
  'accept-encoding' => 'gzip, deflate',
  'accept-language' => 'zh-CN,zh;q=0.9',
)
[ info ] [ PARAM ] array (
)
[ info ] [ VIEW ] D:\code\Hy\application\index\view\storehouse\delivery.html [ array (
) ]
---------------------------------------------------------------
[ 2018-06-18T13:00:32+08:00 ] 127.0.0.1 GET /index/storehouse/purchase.html
[ info ] h.cn/index/storehouse/purchase.html [运行时间：0.047995s][吞吐率：20.84req/s] [内存消耗：1,763.66kb] [文件加载：64]
[ info ] [ LANG ] D:\code\Hy\thinkphp\lang\zh-cn.php
[ info ] [ ROUTE ] array (
)
[ info ] [ HEADER ] array (
  'host' => 'h.cn',
  'connection' => 'keep-alive',
  'upgrade-insecure-requests' => '1',
  'user-agent' => 'Mozilla/5.0 (Windows NT 10.0; Win64; x64) AppleWebKit/537.36 (KHTML, like Gecko) Chrome/66.0.3359.117 Safari/537.36',
  'accept' => 'text/html,application/xhtml+xml,application/xml;q=0.9,image/webp,image/apng,*/*;q=0.8',
  'referer' => 'http://h.cn/',
  'accept-encoding' => 'gzip, deflate',
  'accept-language' => 'zh-CN,zh;q=0.9',
)
[ info ] [ PARAM ] array (
)
[ info ] [ VIEW ] D:\code\Hy\application\index\view\storehouse\purchase.html [ array (
) ]
---------------------------------------------------------------
[ 2018-06-18T13:00:41+08:00 ] 127.0.0.1 GET /index/blueprint/blueprintinfo.html
[ info ] h.cn/index/blueprint/blueprintinfo.html [运行时间：0.233020s][吞吐率：4.29req/s] [内存消耗：3,471.30kb] [文件加载：82]
[ info ] [ LANG ] D:\code\Hy\thinkphp\lang\zh-cn.php
[ info ] [ ROUTE ] array (
)
[ info ] [ HEADER ] array (
  'host' => 'h.cn',
  'connection' => 'keep-alive',
  'upgrade-insecure-requests' => '1',
  'user-agent' => 'Mozilla/5.0 (Windows NT 10.0; Win64; x64) AppleWebKit/537.36 (KHTML, like Gecko) Chrome/66.0.3359.117 Safari/537.36',
  'accept' => 'text/html,application/xhtml+xml,application/xml;q=0.9,image/webp,image/apng,*/*;q=0.8',
  'referer' => 'http://h.cn/',
  'accept-encoding' => 'gzip, deflate',
  'accept-language' => 'zh-CN,zh;q=0.9',
)
[ info ] [ PARAM ] array (
)
[ info ] [ DB ] INIT mysql
[ info ] [ VIEW ] D:\code\Hy\application\index\view\blueprint\blueprint-info.html [ array (
  0 => 'blueprintInfo',
  1 => 'blueprintInfoCount',
) ]
[ sql ] [ DB ] CONNECT:[ UseTime:0.038764s ] mysql:host=118.24.184.68;dbname=hy;charset=utf8
[ sql ] [ SQL ] SHOW COLUMNS FROM `hy_drawing_detial` [ RunTime:0.023928s ]
[ sql ] [ SQL ] SELECT COUNT(*) AS tp_count FROM `hy_drawing_detial` LIMIT 1 [ RunTime:0.022905s ]
[ sql ] [ SQL ] SELECT * FROM `hy_drawing_detial` ORDER BY `create_time` DESC LIMIT 0,25 [ RunTime:0.023995s ]
---------------------------------------------------------------
[ 2018-06-18T13:02:04+08:00 ] 127.0.0.1 GET /message.html
[ info ] h.cn/message.html [运行时间：0.033362s][吞吐率：29.97req/s] [内存消耗：1,193.79kb] [文件加载：49]
[ info ] [ LANG ] D:\code\Hy\thinkphp\lang\zh-cn.php
---------------------------------------------------------------
[ 2018-06-18T13:08:33+08:00 ] 127.0.0.1 GET /message.html
[ info ] h.cn/message.html [运行时间：0.023488s][吞吐率：42.57req/s] [内存消耗：1,193.79kb] [文件加载：49]
[ info ] [ LANG ] D:\code\Hy\thinkphp\lang\zh-cn.php
---------------------------------------------------------------
[ 2018-06-18T13:10:17+08:00 ] 127.0.0.1 GET /index/blueprint/blueprintinfo.html
[ info ] h.cn/index/blueprint/blueprintinfo.html [运行时间：0.182870s][吞吐率：5.47req/s] [内存消耗：3,282.55kb] [文件加载：80]
[ info ] [ LANG ] D:\code\Hy\thinkphp\lang\zh-cn.php
[ info ] [ ROUTE ] array (
)
[ info ] [ HEADER ] array (
  'host' => 'h.cn',
  'connection' => 'keep-alive',
  'upgrade-insecure-requests' => '1',
  'user-agent' => 'Mozilla/5.0 (Windows NT 10.0; Win64; x64) AppleWebKit/537.36 (KHTML, like Gecko) Chrome/66.0.3359.117 Safari/537.36',
  'accept' => 'text/html,application/xhtml+xml,application/xml;q=0.9,image/webp,image/apng,*/*;q=0.8',
  'referer' => 'http://h.cn/',
  'accept-encoding' => 'gzip, deflate',
  'accept-language' => 'zh-CN,zh;q=0.9',
)
[ info ] [ PARAM ] array (
)
[ info ] [ DB ] INIT mysql
[ info ] [ VIEW ] D:\code\Hy\application\index\view\blueprint\blueprint-info.html [ array (
  0 => 'blueprintInfo',
  1 => 'blueprintInfoCount',
) ]
[ sql ] [ DB ] CONNECT:[ UseTime:0.038526s ] mysql:host=118.24.184.68;dbname=hy;charset=utf8
[ sql ] [ SQL ] SHOW COLUMNS FROM `hy_drawing_detial` [ RunTime:0.026191s ]
[ sql ] [ SQL ] SELECT COUNT(*) AS tp_count FROM `hy_drawing_detial` LIMIT 1 [ RunTime:0.025426s ]
[ sql ] [ SQL ] SELECT * FROM `hy_drawing_detial` ORDER BY `create_time` DESC LIMIT 0,25 [ RunTime:0.027104s ]
---------------------------------------------------------------
[ 2018-06-18T13:11:34+08:00 ] 127.0.0.1 GET /index/blueprint/blueprintinterior.html
[ info ] h.cn/index/blueprint/blueprintinterior.html [运行时间：0.052293s][吞吐率：19.12req/s] [内存消耗：1,767.86kb] [文件加载：64]
[ info ] [ LANG ] D:\code\Hy\thinkphp\lang\zh-cn.php
[ info ] [ ROUTE ] array (
)
[ info ] [ HEADER ] array (
  'host' => 'h.cn',
  'connection' => 'keep-alive',
  'upgrade-insecure-requests' => '1',
  'user-agent' => 'Mozilla/5.0 (Windows NT 10.0; Win64; x64) AppleWebKit/537.36 (KHTML, like Gecko) Chrome/66.0.3359.117 Safari/537.36',
  'accept' => 'text/html,application/xhtml+xml,application/xml;q=0.9,image/webp,image/apng,*/*;q=0.8',
  'referer' => 'http://h.cn/',
  'accept-encoding' => 'gzip, deflate',
  'accept-language' => 'zh-CN,zh;q=0.9',
)
[ info ] [ PARAM ] array (
)
[ info ] [ VIEW ] D:\code\Hy\application\index\view\blueprint\blueprint-interior.html [ array (
) ]
---------------------------------------------------------------
[ 2018-06-18T13:11:35+08:00 ] 127.0.0.1 GET /index/blueprint/order-add.html
[ info ] h.cn/index/blueprint/order-add.html [运行时间：0.048835s][吞吐率：20.48req/s] [内存消耗：1,667.46kb] [文件加载：65]
[ info ] [ LANG ] D:\code\Hy\thinkphp\lang\zh-cn.php
[ info ] [ ROUTE ] array (
)
[ info ] [ HEADER ] array (
  'host' => 'h.cn',
  'connection' => 'keep-alive',
  'upgrade-insecure-requests' => '1',
  'user-agent' => 'Mozilla/5.0 (Windows NT 10.0; Win64; x64) AppleWebKit/537.36 (KHTML, like Gecko) Chrome/66.0.3359.117 Safari/537.36',
  'accept' => 'text/html,application/xhtml+xml,application/xml;q=0.9,image/webp,image/apng,*/*;q=0.8',
  'referer' => 'http://h.cn/index/blueprint/blueprintinterior.html',
  'accept-encoding' => 'gzip, deflate',
  'accept-language' => 'zh-CN,zh;q=0.9',
)
[ info ] [ PARAM ] array (
)
---------------------------------------------------------------
[ 2018-06-18T13:11:37+08:00 ] 127.0.0.1 GET /index/blueprint/blueprintoutside.html
[ info ] h.cn/index/blueprint/blueprintoutside.html [运行时间：0.044929s][吞吐率：22.26req/s] [内存消耗：1,767.71kb] [文件加载：64]
[ info ] [ LANG ] D:\code\Hy\thinkphp\lang\zh-cn.php
[ info ] [ ROUTE ] array (
)
[ info ] [ HEADER ] array (
  'host' => 'h.cn',
  'connection' => 'keep-alive',
  'upgrade-insecure-requests' => '1',
  'user-agent' => 'Mozilla/5.0 (Windows NT 10.0; Win64; x64) AppleWebKit/537.36 (KHTML, like Gecko) Chrome/66.0.3359.117 Safari/537.36',
  'accept' => 'text/html,application/xhtml+xml,application/xml;q=0.9,image/webp,image/apng,*/*;q=0.8',
  'referer' => 'http://h.cn/',
  'accept-encoding' => 'gzip, deflate',
  'accept-language' => 'zh-CN,zh;q=0.9',
)
[ info ] [ PARAM ] array (
)
[ info ] [ VIEW ] D:\code\Hy\application\index\view\blueprint\blueprint-outside.html [ array (
) ]
---------------------------------------------------------------
[ 2018-06-18T13:11:38+08:00 ] 127.0.0.1 GET /index/blueprint/order-add.html
[ info ] h.cn/index/blueprint/order-add.html [运行时间：0.029952s][吞吐率：33.39req/s] [内存消耗：1,667.46kb] [文件加载：65]
[ info ] [ LANG ] D:\code\Hy\thinkphp\lang\zh-cn.php
[ info ] [ ROUTE ] array (
)
[ info ] [ HEADER ] array (
  'host' => 'h.cn',
  'connection' => 'keep-alive',
  'upgrade-insecure-requests' => '1',
  'user-agent' => 'Mozilla/5.0 (Windows NT 10.0; Win64; x64) AppleWebKit/537.36 (KHTML, like Gecko) Chrome/66.0.3359.117 Safari/537.36',
  'accept' => 'text/html,application/xhtml+xml,application/xml;q=0.9,image/webp,image/apng,*/*;q=0.8',
  'referer' => 'http://h.cn/index/blueprint/blueprintoutside.html',
  'accept-encoding' => 'gzip, deflate',
  'accept-language' => 'zh-CN,zh;q=0.9',
)
[ info ] [ PARAM ] array (
)
---------------------------------------------------------------
[ 2018-06-18T13:18:45+08:00 ] 127.0.0.1 GET /
[ info ] h.cn/ [运行时间：0.041456s][吞吐率：24.12req/s] [内存消耗：1,680.37kb] [文件加载：64]
[ info ] [ LANG ] D:\code\Hy\thinkphp\lang\zh-cn.php
[ info ] [ ROUTE ] array (
)
[ info ] [ HEADER ] array (
  'host' => 'h.cn',
  'connection' => 'keep-alive',
  'upgrade-insecure-requests' => '1',
  'user-agent' => 'Mozilla/5.0 (Windows NT 10.0; Win64; x64) AppleWebKit/537.36 (KHTML, like Gecko) Chrome/66.0.3359.117 Safari/537.36',
  'accept' => 'text/html,application/xhtml+xml,application/xml;q=0.9,image/webp,image/apng,*/*;q=0.8',
  'accept-encoding' => 'gzip, deflate',
  'accept-language' => 'zh-CN,zh;q=0.9',
)
[ info ] [ PARAM ] array (
)
[ info ] [ VIEW ] D:\code\Hy\application\index\view\index\index.html [ array (
) ]
---------------------------------------------------------------
[ 2018-06-18T13:18:45+08:00 ] 127.0.0.1 GET /index/index/welcome.html
[ info ] h.cn/index/index/welcome.html [运行时间：0.030339s][吞吐率：32.96req/s] [内存消耗：1,616.55kb] [文件加载：62]
[ info ] [ LANG ] D:\code\Hy\thinkphp\lang\zh-cn.php
[ info ] [ ROUTE ] array (
)
[ info ] [ HEADER ] array (
  'host' => 'h.cn',
  'connection' => 'keep-alive',
  'upgrade-insecure-requests' => '1',
  'user-agent' => 'Mozilla/5.0 (Windows NT 10.0; Win64; x64) AppleWebKit/537.36 (KHTML, like Gecko) Chrome/66.0.3359.117 Safari/537.36',
  'accept' => 'text/html,application/xhtml+xml,application/xml;q=0.9,image/webp,image/apng,*/*;q=0.8',
  'referer' => 'http://h.cn/',
  'accept-encoding' => 'gzip, deflate',
  'accept-language' => 'zh-CN,zh;q=0.9',
)
[ info ] [ PARAM ] array (
)
[ info ] [ VIEW ] D:\code\Hy\application\index\view\index\welcome.html [ array (
) ]
---------------------------------------------------------------
[ 2018-06-18T13:18:46+08:00 ] 127.0.0.1 GET /static/index/favicon.ico
[ info ] h.cn/static/index/favicon.ico [运行时间：0.024355s][吞吐率：41.06req/s] [内存消耗：1,193.84kb] [文件加载：49]
[ info ] [ LANG ] D:\code\Hy\thinkphp\lang\zh-cn.php
---------------------------------------------------------------
[ 2018-06-18T13:18:49+08:00 ] 127.0.0.1 GET /
[ info ] h.cn/ [运行时间：0.031270s][吞吐率：31.98req/s] [内存消耗：1,680.64kb] [文件加载：64]
[ info ] [ LANG ] D:\code\Hy\thinkphp\lang\zh-cn.php
[ info ] [ ROUTE ] array (
)
[ info ] [ HEADER ] array (
  'host' => 'h.cn',
  'connection' => 'keep-alive',
  'upgrade-insecure-requests' => '1',
  'user-agent' => 'Mozilla/5.0 (Windows NT 10.0; Win64; x64) AppleWebKit/537.36 (KHTML, like Gecko) Chrome/66.0.3359.117 Safari/537.36',
  'accept' => 'text/html,application/xhtml+xml,application/xml;q=0.9,image/webp,image/apng,*/*;q=0.8',
  'referer' => 'http://h.cn/index/index/welcome.html',
  'accept-encoding' => 'gzip, deflate',
  'accept-language' => 'zh-CN,zh;q=0.9',
)
[ info ] [ PARAM ] array (
)
[ info ] [ VIEW ] D:\code\Hy\application\index\view\index\index.html [ array (
) ]
---------------------------------------------------------------
[ 2018-06-18T13:18:49+08:00 ] 127.0.0.1 GET /index/index/welcome.html
[ info ] h.cn/index/index/welcome.html [运行时间：0.032288s][吞吐率：30.97req/s] [内存消耗：1,616.55kb] [文件加载：62]
[ info ] [ LANG ] D:\code\Hy\thinkphp\lang\zh-cn.php
[ info ] [ ROUTE ] array (
)
[ info ] [ HEADER ] array (
  'host' => 'h.cn',
  'connection' => 'keep-alive',
  'upgrade-insecure-requests' => '1',
  'user-agent' => 'Mozilla/5.0 (Windows NT 10.0; Win64; x64) AppleWebKit/537.36 (KHTML, like Gecko) Chrome/66.0.3359.117 Safari/537.36',
  'accept' => 'text/html,application/xhtml+xml,application/xml;q=0.9,image/webp,image/apng,*/*;q=0.8',
  'referer' => 'http://h.cn/',
  'accept-encoding' => 'gzip, deflate',
  'accept-language' => 'zh-CN,zh;q=0.9',
)
[ info ] [ PARAM ] array (
)
[ info ] [ VIEW ] D:\code\Hy\application\index\view\index\welcome.html [ array (
) ]
---------------------------------------------------------------
[ 2018-06-18T13:18:52+08:00 ] 127.0.0.1 GET /index/order/order.html
[ info ] h.cn/index/order/order.html [运行时间：0.048273s][吞吐率：20.72req/s] [内存消耗：1,762.55kb] [文件加载：64]
[ info ] [ LANG ] D:\code\Hy\thinkphp\lang\zh-cn.php
[ info ] [ ROUTE ] array (
)
[ info ] [ HEADER ] array (
  'host' => 'h.cn',
  'connection' => 'keep-alive',
  'upgrade-insecure-requests' => '1',
  'user-agent' => 'Mozilla/5.0 (Windows NT 10.0; Win64; x64) AppleWebKit/537.36 (KHTML, like Gecko) Chrome/66.0.3359.117 Safari/537.36',
  'accept' => 'text/html,application/xhtml+xml,application/xml;q=0.9,image/webp,image/apng,*/*;q=0.8',
  'referer' => 'http://h.cn/',
  'accept-encoding' => 'gzip, deflate',
  'accept-language' => 'zh-CN,zh;q=0.9',
)
[ info ] [ PARAM ] array (
)
[ info ] [ VIEW ] D:\code\Hy\application\index\view\order\order.html [ array (
) ]
---------------------------------------------------------------
[ 2018-06-18T13:18:53+08:00 ] 127.0.0.1 GET /index/material/material.html
[ info ] h.cn/index/material/material.html [运行时间：0.027833s][吞吐率：35.93req/s] [内存消耗：1,616.04kb] [文件加载：62]
[ info ] [ LANG ] D:\code\Hy\thinkphp\lang\zh-cn.php
[ info ] [ ROUTE ] array (
)
[ info ] [ HEADER ] array (
  'host' => 'h.cn',
  'connection' => 'keep-alive',
  'upgrade-insecure-requests' => '1',
  'user-agent' => 'Mozilla/5.0 (Windows NT 10.0; Win64; x64) AppleWebKit/537.36 (KHTML, like Gecko) Chrome/66.0.3359.117 Safari/537.36',
  'accept' => 'text/html,application/xhtml+xml,application/xml;q=0.9,image/webp,image/apng,*/*;q=0.8',
  'referer' => 'http://h.cn/',
  'accept-encoding' => 'gzip, deflate',
  'accept-language' => 'zh-CN,zh;q=0.9',
)
[ info ] [ PARAM ] array (
)
[ info ] [ VIEW ] D:\code\Hy\application\index\view\material\material.html [ array (
) ]
---------------------------------------------------------------
[ 2018-06-18T13:18:53+08:00 ] 127.0.0.1 GET /datum.html
[ info ] h.cn/datum.html [运行时间：0.019604s][吞吐率：51.01req/s] [内存消耗：1,193.80kb] [文件加载：49]
[ info ] [ LANG ] D:\code\Hy\thinkphp\lang\zh-cn.php
---------------------------------------------------------------
[ 2018-06-18T13:18:56+08:00 ] 127.0.0.1 GET /index/agreement/agreement.html
[ info ] h.cn/index/agreement/agreement.html [运行时间：0.029235s][吞吐率：34.21req/s] [内存消耗：1,610.33kb] [文件加载：62]
[ info ] [ LANG ] D:\code\Hy\thinkphp\lang\zh-cn.php
[ info ] [ ROUTE ] array (
)
[ info ] [ HEADER ] array (
  'host' => 'h.cn',
  'connection' => 'keep-alive',
  'upgrade-insecure-requests' => '1',
  'user-agent' => 'Mozilla/5.0 (Windows NT 10.0; Win64; x64) AppleWebKit/537.36 (KHTML, like Gecko) Chrome/66.0.3359.117 Safari/537.36',
  'accept' => 'text/html,application/xhtml+xml,application/xml;q=0.9,image/webp,image/apng,*/*;q=0.8',
  'referer' => 'http://h.cn/',
  'accept-encoding' => 'gzip, deflate',
  'accept-language' => 'zh-CN,zh;q=0.9',
)
[ info ] [ PARAM ] array (
)
---------------------------------------------------------------
[ 2018-06-18T13:19:01+08:00 ] 127.0.0.1 GET /index/agreement/agreement.html
[ info ] h.cn/index/agreement/agreement.html [运行时间：0.037199s][吞吐率：26.88req/s] [内存消耗：1,610.33kb] [文件加载：62]
[ info ] [ LANG ] D:\code\Hy\thinkphp\lang\zh-cn.php
[ info ] [ ROUTE ] array (
)
[ info ] [ HEADER ] array (
  'host' => 'h.cn',
  'connection' => 'keep-alive',
  'upgrade-insecure-requests' => '1',
  'user-agent' => 'Mozilla/5.0 (Windows NT 10.0; Win64; x64) AppleWebKit/537.36 (KHTML, like Gecko) Chrome/66.0.3359.117 Safari/537.36',
  'accept' => 'text/html,application/xhtml+xml,application/xml;q=0.9,image/webp,image/apng,*/*;q=0.8',
  'referer' => 'http://h.cn/',
  'accept-encoding' => 'gzip, deflate',
  'accept-language' => 'zh-CN,zh;q=0.9',
)
[ info ] [ PARAM ] array (
)
---------------------------------------------------------------
[ 2018-06-18T13:19:08+08:00 ] 127.0.0.1 GET /index/order/order.html
[ info ] h.cn/index/order/order.html [运行时间：0.028384s][吞吐率：35.23req/s] [内存消耗：1,615.88kb] [文件加载：62]
[ info ] [ LANG ] D:\code\Hy\thinkphp\lang\zh-cn.php
[ info ] [ ROUTE ] array (
)
[ info ] [ HEADER ] array (
  'host' => 'h.cn',
  'connection' => 'keep-alive',
  'upgrade-insecure-requests' => '1',
  'user-agent' => 'Mozilla/5.0 (Windows NT 10.0; Win64; x64) AppleWebKit/537.36 (KHTML, like Gecko) Chrome/66.0.3359.117 Safari/537.36',
  'accept' => 'text/html,application/xhtml+xml,application/xml;q=0.9,image/webp,image/apng,*/*;q=0.8',
  'referer' => 'http://h.cn/',
  'accept-encoding' => 'gzip, deflate',
  'accept-language' => 'zh-CN,zh;q=0.9',
)
[ info ] [ PARAM ] array (
)
[ info ] [ VIEW ] D:\code\Hy\application\index\view\order\order.html [ array (
) ]
---------------------------------------------------------------
[ 2018-06-18T13:19:10+08:00 ] 127.0.0.1 GET /index/order/order.html
[ info ] h.cn/index/order/order.html [运行时间：0.021984s][吞吐率：45.49req/s] [内存消耗：1,616.10kb] [文件加载：62]
[ info ] [ LANG ] D:\code\Hy\thinkphp\lang\zh-cn.php
[ info ] [ ROUTE ] array (
)
[ info ] [ HEADER ] array (
  'host' => 'h.cn',
  'connection' => 'keep-alive',
  'upgrade-insecure-requests' => '1',
  'user-agent' => 'Mozilla/5.0 (Windows NT 10.0; Win64; x64) AppleWebKit/537.36 (KHTML, like Gecko) Chrome/66.0.3359.117 Safari/537.36',
  'accept' => 'text/html,application/xhtml+xml,application/xml;q=0.9,image/webp,image/apng,*/*;q=0.8',
  'referer' => 'http://h.cn/index/order/order.html',
  'accept-encoding' => 'gzip, deflate',
  'accept-language' => 'zh-CN,zh;q=0.9',
)
[ info ] [ PARAM ] array (
)
[ info ] [ VIEW ] D:\code\Hy\application\index\view\order\order.html [ array (
) ]
---------------------------------------------------------------
[ 2018-06-18T13:19:11+08:00 ] 127.0.0.1 GET /index/order/order.html
[ info ] h.cn/index/order/order.html [运行时间：0.021146s][吞吐率：47.29req/s] [内存消耗：1,616.10kb] [文件加载：62]
[ info ] [ LANG ] D:\code\Hy\thinkphp\lang\zh-cn.php
[ info ] [ ROUTE ] array (
)
[ info ] [ HEADER ] array (
  'host' => 'h.cn',
  'connection' => 'keep-alive',
  'upgrade-insecure-requests' => '1',
  'user-agent' => 'Mozilla/5.0 (Windows NT 10.0; Win64; x64) AppleWebKit/537.36 (KHTML, like Gecko) Chrome/66.0.3359.117 Safari/537.36',
  'accept' => 'text/html,application/xhtml+xml,application/xml;q=0.9,image/webp,image/apng,*/*;q=0.8',
  'referer' => 'http://h.cn/index/order/order.html',
  'accept-encoding' => 'gzip, deflate',
  'accept-language' => 'zh-CN,zh;q=0.9',
)
[ info ] [ PARAM ] array (
)
[ info ] [ VIEW ] D:\code\Hy\application\index\view\order\order.html [ array (
) ]
---------------------------------------------------------------
[ 2018-06-18T13:19:11+08:00 ] 127.0.0.1 GET /index/order/order.html
[ info ] h.cn/index/order/order.html [运行时间：0.022552s][吞吐率：44.34req/s] [内存消耗：1,616.10kb] [文件加载：62]
[ info ] [ LANG ] D:\code\Hy\thinkphp\lang\zh-cn.php
[ info ] [ ROUTE ] array (
)
[ info ] [ HEADER ] array (
  'host' => 'h.cn',
  'connection' => 'keep-alive',
  'upgrade-insecure-requests' => '1',
  'user-agent' => 'Mozilla/5.0 (Windows NT 10.0; Win64; x64) AppleWebKit/537.36 (KHTML, like Gecko) Chrome/66.0.3359.117 Safari/537.36',
  'accept' => 'text/html,application/xhtml+xml,application/xml;q=0.9,image/webp,image/apng,*/*;q=0.8',
  'referer' => 'http://h.cn/index/order/order.html',
  'accept-encoding' => 'gzip, deflate',
  'accept-language' => 'zh-CN,zh;q=0.9',
)
[ info ] [ PARAM ] array (
)
[ info ] [ VIEW ] D:\code\Hy\application\index\view\order\order.html [ array (
) ]
---------------------------------------------------------------
[ 2018-06-18T13:19:12+08:00 ] 127.0.0.1 GET /index/order/order.html
[ info ] h.cn/index/order/order.html [运行时间：0.020884s][吞吐率：47.88req/s] [内存消耗：1,616.10kb] [文件加载：62]
[ info ] [ LANG ] D:\code\Hy\thinkphp\lang\zh-cn.php
[ info ] [ ROUTE ] array (
)
[ info ] [ HEADER ] array (
  'host' => 'h.cn',
  'connection' => 'keep-alive',
  'upgrade-insecure-requests' => '1',
  'user-agent' => 'Mozilla/5.0 (Windows NT 10.0; Win64; x64) AppleWebKit/537.36 (KHTML, like Gecko) Chrome/66.0.3359.117 Safari/537.36',
  'accept' => 'text/html,application/xhtml+xml,application/xml;q=0.9,image/webp,image/apng,*/*;q=0.8',
  'referer' => 'http://h.cn/index/order/order.html',
  'accept-encoding' => 'gzip, deflate',
  'accept-language' => 'zh-CN,zh;q=0.9',
)
[ info ] [ PARAM ] array (
)
[ info ] [ VIEW ] D:\code\Hy\application\index\view\order\order.html [ array (
) ]
---------------------------------------------------------------
[ 2018-06-18T13:19:13+08:00 ] 127.0.0.1 GET /index/order/order.html
[ info ] h.cn/index/order/order.html [运行时间：0.021223s][吞吐率：47.12req/s] [内存消耗：1,616.10kb] [文件加载：62]
[ info ] [ LANG ] D:\code\Hy\thinkphp\lang\zh-cn.php
[ info ] [ ROUTE ] array (
)
[ info ] [ HEADER ] array (
  'host' => 'h.cn',
  'connection' => 'keep-alive',
  'upgrade-insecure-requests' => '1',
  'user-agent' => 'Mozilla/5.0 (Windows NT 10.0; Win64; x64) AppleWebKit/537.36 (KHTML, like Gecko) Chrome/66.0.3359.117 Safari/537.36',
  'accept' => 'text/html,application/xhtml+xml,application/xml;q=0.9,image/webp,image/apng,*/*;q=0.8',
  'referer' => 'http://h.cn/index/order/order.html',
  'accept-encoding' => 'gzip, deflate',
  'accept-language' => 'zh-CN,zh;q=0.9',
)
[ info ] [ PARAM ] array (
)
[ info ] [ VIEW ] D:\code\Hy\application\index\view\order\order.html [ array (
) ]
---------------------------------------------------------------
[ 2018-06-18T13:24:10+08:00 ] 127.0.0.1 GET /index/order/order-add.html
[ info ] h.cn/index/order/order-add.html [运行时间：0.033120s][吞吐率：30.19req/s] [内存消耗：1,661.47kb] [文件加载：65]
[ info ] [ LANG ] D:\code\Hy\thinkphp\lang\zh-cn.php
[ info ] [ ROUTE ] array (
)
[ info ] [ HEADER ] array (
  'host' => 'h.cn',
  'connection' => 'keep-alive',
  'upgrade-insecure-requests' => '1',
  'user-agent' => 'Mozilla/5.0 (Windows NT 10.0; Win64; x64) AppleWebKit/537.36 (KHTML, like Gecko) Chrome/66.0.3359.117 Safari/537.36',
  'accept' => 'text/html,application/xhtml+xml,application/xml;q=0.9,image/webp,image/apng,*/*;q=0.8',
  'referer' => 'http://h.cn/index/order/order.html',
  'accept-encoding' => 'gzip, deflate',
  'accept-language' => 'zh-CN,zh;q=0.9',
)
[ info ] [ PARAM ] array (
)
---------------------------------------------------------------
[ 2018-06-18T13:24:13+08:00 ] 127.0.0.1 GET /datum.html
[ info ] h.cn/datum.html [运行时间：0.029359s][吞吐率：34.06req/s] [内存消耗：1,193.80kb] [文件加载：49]
[ info ] [ LANG ] D:\code\Hy\thinkphp\lang\zh-cn.php
---------------------------------------------------------------
[ 2018-06-18T13:24:13+08:00 ] 127.0.0.1 GET /index/agreement/agreement.html
[ info ] h.cn/index/agreement/agreement.html [运行时间：0.029826s][吞吐率：33.53req/s] [内存消耗：1,610.33kb] [文件加载：62]
[ info ] [ LANG ] D:\code\Hy\thinkphp\lang\zh-cn.php
[ info ] [ ROUTE ] array (
)
[ info ] [ HEADER ] array (
  'host' => 'h.cn',
  'connection' => 'keep-alive',
  'upgrade-insecure-requests' => '1',
  'user-agent' => 'Mozilla/5.0 (Windows NT 10.0; Win64; x64) AppleWebKit/537.36 (KHTML, like Gecko) Chrome/66.0.3359.117 Safari/537.36',
  'accept' => 'text/html,application/xhtml+xml,application/xml;q=0.9,image/webp,image/apng,*/*;q=0.8',
  'referer' => 'http://h.cn/',
  'accept-encoding' => 'gzip, deflate',
  'accept-language' => 'zh-CN,zh;q=0.9',
)
[ info ] [ PARAM ] array (
)
---------------------------------------------------------------
[ 2018-06-18T13:24:14+08:00 ] 127.0.0.1 GET /index/order/order-add.html
[ info ] h.cn/index/order/order-add.html [运行时间：0.025399s][吞吐率：39.37req/s] [内存消耗：1,661.47kb] [文件加载：65]
[ info ] [ LANG ] D:\code\Hy\thinkphp\lang\zh-cn.php
[ info ] [ ROUTE ] array (
)
[ info ] [ HEADER ] array (
  'host' => 'h.cn',
  'connection' => 'keep-alive',
  'upgrade-insecure-requests' => '1',
  'user-agent' => 'Mozilla/5.0 (Windows NT 10.0; Win64; x64) AppleWebKit/537.36 (KHTML, like Gecko) Chrome/66.0.3359.117 Safari/537.36',
  'accept' => 'text/html,application/xhtml+xml,application/xml;q=0.9,image/webp,image/apng,*/*;q=0.8',
  'referer' => 'http://h.cn/index/order/order.html',
  'accept-encoding' => 'gzip, deflate',
  'accept-language' => 'zh-CN,zh;q=0.9',
)
[ info ] [ PARAM ] array (
)
---------------------------------------------------------------
[ 2018-06-18T13:24:29+08:00 ] 127.0.0.1 GET /index/bill/customerbill.html
[ info ] h.cn/index/bill/customerbill.html [运行时间：0.063611s][吞吐率：15.72req/s] [内存消耗：1,764.50kb] [文件加载：64]
[ info ] [ LANG ] D:\code\Hy\thinkphp\lang\zh-cn.php
[ info ] [ ROUTE ] array (
)
[ info ] [ HEADER ] array (
  'host' => 'h.cn',
  'connection' => 'keep-alive',
  'upgrade-insecure-requests' => '1',
  'user-agent' => 'Mozilla/5.0 (Windows NT 10.0; Win64; x64) AppleWebKit/537.36 (KHTML, like Gecko) Chrome/66.0.3359.117 Safari/537.36',
  'accept' => 'text/html,application/xhtml+xml,application/xml;q=0.9,image/webp,image/apng,*/*;q=0.8',
  'referer' => 'http://h.cn/',
  'accept-encoding' => 'gzip, deflate',
  'accept-language' => 'zh-CN,zh;q=0.9',
)
[ info ] [ PARAM ] array (
)
[ info ] [ VIEW ] D:\code\Hy\application\index\view\bill\customer-bill.html [ array (
) ]
---------------------------------------------------------------
[ 2018-06-18T13:24:30+08:00 ] 127.0.0.1 GET /index/bill/order-add.html
[ info ] h.cn/index/bill/order-add.html [运行时间：0.030553s][吞吐率：32.73req/s] [内存消耗：1,662.85kb] [文件加载：65]
[ info ] [ LANG ] D:\code\Hy\thinkphp\lang\zh-cn.php
[ info ] [ ROUTE ] array (
)
[ info ] [ HEADER ] array (
  'host' => 'h.cn',
  'connection' => 'keep-alive',
  'upgrade-insecure-requests' => '1',
  'user-agent' => 'Mozilla/5.0 (Windows NT 10.0; Win64; x64) AppleWebKit/537.36 (KHTML, like Gecko) Chrome/66.0.3359.117 Safari/537.36',
  'accept' => 'text/html,application/xhtml+xml,application/xml;q=0.9,image/webp,image/apng,*/*;q=0.8',
  'referer' => 'http://h.cn/index/bill/customerbill.html',
  'accept-encoding' => 'gzip, deflate',
  'accept-language' => 'zh-CN,zh;q=0.9',
)
[ info ] [ PARAM ] array (
)
---------------------------------------------------------------
[ 2018-06-18T13:24:41+08:00 ] 127.0.0.1 GET /login.html
[ info ] h.cn/login.html [运行时间：0.023044s][吞吐率：43.40req/s] [内存消耗：1,193.80kb] [文件加载：49]
[ info ] [ LANG ] D:\code\Hy\thinkphp\lang\zh-cn.php
