---------------------------------------------------------------
[ 2018-06-24T11:13:29+08:00 ] 127.0.0.1 GET /
[ info ] h.cn/ [运行时间：0.813824s][吞吐率：1.23req/s] [内存消耗：1,680.36kb] [文件加载：64]
[ info ] [ LANG ] D:\code\Hy\thinkphp\lang\zh-cn.php
[ info ] [ ROUTE ] array (
)
[ info ] [ HEADER ] array (
  'host' => 'h.cn',
  'connection' => 'keep-alive',
  'upgrade-insecure-requests' => '1',
  'user-agent' => 'Mozilla/5.0 (Windows NT 10.0; Win64; x64) AppleWebKit/537.36 (KHTML, like Gecko) Chrome/66.0.3359.117 Safari/537.36',
  'accept' => 'text/html,application/xhtml+xml,application/xml;q=0.9,image/webp,image/apng,*/*;q=0.8',
  'accept-encoding' => 'gzip, deflate',
  'accept-language' => 'zh-CN,zh;q=0.9',
)
[ info ] [ PARAM ] array (
)
[ info ] [ VIEW ] D:\code\Hy\application\index\view\index\index.html [ array (
) ]
---------------------------------------------------------------
[ 2018-06-24T11:13:29+08:00 ] 127.0.0.1 GET /index/index/welcome.html
[ info ] h.cn/index/index/welcome.html [运行时间：0.045880s][吞吐率：21.80req/s] [内存消耗：1,616.55kb] [文件加载：62]
[ info ] [ LANG ] D:\code\Hy\thinkphp\lang\zh-cn.php
[ info ] [ ROUTE ] array (
)
[ info ] [ HEADER ] array (
  'host' => 'h.cn',
  'connection' => 'keep-alive',
  'upgrade-insecure-requests' => '1',
  'user-agent' => 'Mozilla/5.0 (Windows NT 10.0; Win64; x64) AppleWebKit/537.36 (KHTML, like Gecko) Chrome/66.0.3359.117 Safari/537.36',
  'accept' => 'text/html,application/xhtml+xml,application/xml;q=0.9,image/webp,image/apng,*/*;q=0.8',
  'referer' => 'http://h.cn/',
  'accept-encoding' => 'gzip, deflate',
  'accept-language' => 'zh-CN,zh;q=0.9',
)
[ info ] [ PARAM ] array (
)
[ info ] [ VIEW ] D:\code\Hy\application\index\view\index\welcome.html [ array (
) ]
---------------------------------------------------------------
[ 2018-06-24T11:13:29+08:00 ] 127.0.0.1 GET /static/index/favicon.ico
[ info ] h.cn/static/index/favicon.ico [运行时间：0.134642s][吞吐率：7.43req/s] [内存消耗：1,193.84kb] [文件加载：49]
[ info ] [ LANG ] D:\code\Hy\thinkphp\lang\zh-cn.php
---------------------------------------------------------------
[ 2018-06-24T11:13:33+08:00 ] 127.0.0.1 GET /index/blueprint/blueprintinfo.html
[ info ] h.cn/index/blueprint/blueprintinfo.html [运行时间：0.421282s][吞吐率：2.37req/s] [内存消耗：3,285.54kb] [文件加载：80]
[ info ] [ LANG ] D:\code\Hy\thinkphp\lang\zh-cn.php
[ info ] [ ROUTE ] array (
)
[ info ] [ HEADER ] array (
  'host' => 'h.cn',
  'connection' => 'keep-alive',
  'upgrade-insecure-requests' => '1',
  'user-agent' => 'Mozilla/5.0 (Windows NT 10.0; Win64; x64) AppleWebKit/537.36 (KHTML, like Gecko) Chrome/66.0.3359.117 Safari/537.36',
  'accept' => 'text/html,application/xhtml+xml,application/xml;q=0.9,image/webp,image/apng,*/*;q=0.8',
  'referer' => 'http://h.cn/',
  'accept-encoding' => 'gzip, deflate',
  'accept-language' => 'zh-CN,zh;q=0.9',
)
[ info ] [ PARAM ] array (
)
[ info ] [ DB ] INIT mysql
[ info ] [ VIEW ] D:\code\Hy\application\index\view\blueprint\blueprint-info.html [ array (
  0 => 'blueprintInfo',
  1 => 'blueprintInfoCount',
) ]
[ sql ] [ DB ] CONNECT:[ UseTime:0.029921s ] mysql:host=118.24.184.68;dbname=hy;charset=utf8
[ sql ] [ SQL ] SHOW COLUMNS FROM `hy_drawing_detial` [ RunTime:0.021376s ]
[ sql ] [ SQL ] SELECT COUNT(*) AS tp_count FROM `hy_drawing_detial` LIMIT 1 [ RunTime:0.021053s ]
[ sql ] [ SQL ] SELECT * FROM `hy_drawing_detial` ORDER BY `create_time` DESC LIMIT 0,25 [ RunTime:0.021940s ]
---------------------------------------------------------------
[ 2018-06-24T11:13:36+08:00 ] 127.0.0.1 GET /index/personnel/adminlist.html
[ info ] h.cn/index/personnel/adminlist.html [运行时间：0.067819s][吞吐率：14.75req/s] [内存消耗：1,618.21kb] [文件加载：62]
[ info ] [ LANG ] D:\code\Hy\thinkphp\lang\zh-cn.php
[ info ] [ ROUTE ] array (
)
[ info ] [ HEADER ] array (
  'host' => 'h.cn',
  'connection' => 'keep-alive',
  'upgrade-insecure-requests' => '1',
  'user-agent' => 'Mozilla/5.0 (Windows NT 10.0; Win64; x64) AppleWebKit/537.36 (KHTML, like Gecko) Chrome/66.0.3359.117 Safari/537.36',
  'accept' => 'text/html,application/xhtml+xml,application/xml;q=0.9,image/webp,image/apng,*/*;q=0.8',
  'referer' => 'http://h.cn/',
  'accept-encoding' => 'gzip, deflate',
  'accept-language' => 'zh-CN,zh;q=0.9',
)
[ info ] [ PARAM ] array (
)
[ info ] [ VIEW ] D:\code\Hy\application\index\view\personnel\admin-list.html [ array (
) ]
---------------------------------------------------------------
[ 2018-06-24T11:13:38+08:00 ] 127.0.0.1 GET /index/personnel/admin-add.html
[ info ] h.cn/index/personnel/admin-add.html [运行时间：0.041888s][吞吐率：23.87req/s] [内存消耗：1,663.63kb] [文件加载：65]
[ info ] [ LANG ] D:\code\Hy\thinkphp\lang\zh-cn.php
[ info ] [ ROUTE ] array (
)
[ info ] [ HEADER ] array (
  'host' => 'h.cn',
  'connection' => 'keep-alive',
  'upgrade-insecure-requests' => '1',
  'user-agent' => 'Mozilla/5.0 (Windows NT 10.0; Win64; x64) AppleWebKit/537.36 (KHTML, like Gecko) Chrome/66.0.3359.117 Safari/537.36',
  'accept' => 'text/html,application/xhtml+xml,application/xml;q=0.9,image/webp,image/apng,*/*;q=0.8',
  'referer' => 'http://h.cn/index/personnel/adminlist.html',
  'accept-encoding' => 'gzip, deflate',
  'accept-language' => 'zh-CN,zh;q=0.9',
)
[ info ] [ PARAM ] array (
)
