---------------------------------------------------------------
[ 2018-07-07T17:50:36+08:00 ] 127.0.0.1 GET /
[ info ] h.cn/ [运行时间：0.907084s][吞吐率：1.10req/s] [内存消耗：1,680.38kb] [文件加载：64]
[ info ] [ LANG ] D:\code\Hy\thinkphp\lang\zh-cn.php
[ info ] [ ROUTE ] array (
)
[ info ] [ HEADER ] array (
  'host' => 'h.cn',
  'connection' => 'keep-alive',
  'upgrade-insecure-requests' => '1',
  'user-agent' => 'Mozilla/5.0 (Windows NT 10.0; Win64; x64) AppleWebKit/537.36 (KHTML, like Gecko) Chrome/66.0.3359.117 Safari/537.36',
  'accept' => 'text/html,application/xhtml+xml,application/xml;q=0.9,image/webp,image/apng,*/*;q=0.8',
  'accept-encoding' => 'gzip, deflate',
  'accept-language' => 'zh-CN,zh;q=0.9',
)
[ info ] [ PARAM ] array (
)
[ info ] [ VIEW ] D:\code\Hy\application\index\view\index\index.html [ array (
) ]
---------------------------------------------------------------
[ 2018-07-07T17:50:36+08:00 ] 127.0.0.1 GET /index/index/welcome.html
[ info ] h.cn/index/index/welcome.html [运行时间：0.048870s][吞吐率：20.46req/s] [内存消耗：1,616.55kb] [文件加载：62]
[ info ] [ LANG ] D:\code\Hy\thinkphp\lang\zh-cn.php
[ info ] [ ROUTE ] array (
)
[ info ] [ HEADER ] array (
  'host' => 'h.cn',
  'connection' => 'keep-alive',
  'upgrade-insecure-requests' => '1',
  'user-agent' => 'Mozilla/5.0 (Windows NT 10.0; Win64; x64) AppleWebKit/537.36 (KHTML, like Gecko) Chrome/66.0.3359.117 Safari/537.36',
  'accept' => 'text/html,application/xhtml+xml,application/xml;q=0.9,image/webp,image/apng,*/*;q=0.8',
  'referer' => 'http://h.cn/',
  'accept-encoding' => 'gzip, deflate',
  'accept-language' => 'zh-CN,zh;q=0.9',
)
[ info ] [ PARAM ] array (
)
[ info ] [ VIEW ] D:\code\Hy\application\index\view\index\welcome.html [ array (
) ]
---------------------------------------------------------------
[ 2018-07-07T17:50:36+08:00 ] 127.0.0.1 GET /static/index/favicon.ico
[ info ] h.cn/static/index/favicon.ico [运行时间：0.150460s][吞吐率：6.65req/s] [内存消耗：1,193.84kb] [文件加载：49]
[ info ] [ LANG ] D:\code\Hy\thinkphp\lang\zh-cn.php
---------------------------------------------------------------
[ 2018-07-07T17:50:42+08:00 ] 127.0.0.1 GET /index/bill/customerbill.html
[ info ] h.cn/index/bill/customerbill.html [运行时间：0.066504s][吞吐率：15.04req/s] [内存消耗：1,617.44kb] [文件加载：62]
[ info ] [ LANG ] D:\code\Hy\thinkphp\lang\zh-cn.php
[ info ] [ ROUTE ] array (
)
[ info ] [ HEADER ] array (
  'host' => 'h.cn',
  'connection' => 'keep-alive',
  'upgrade-insecure-requests' => '1',
  'user-agent' => 'Mozilla/5.0 (Windows NT 10.0; Win64; x64) AppleWebKit/537.36 (KHTML, like Gecko) Chrome/66.0.3359.117 Safari/537.36',
  'accept' => 'text/html,application/xhtml+xml,application/xml;q=0.9,image/webp,image/apng,*/*;q=0.8',
  'referer' => 'http://h.cn/',
  'accept-encoding' => 'gzip, deflate',
  'accept-language' => 'zh-CN,zh;q=0.9',
)
[ info ] [ PARAM ] array (
)
[ info ] [ VIEW ] D:\code\Hy\application\index\view\bill\customer-bill.html [ array (
) ]
---------------------------------------------------------------
[ 2018-07-07T17:50:43+08:00 ] 127.0.0.1 GET /index/bill/readymoneybill.html
[ info ] h.cn/index/bill/readymoneybill.html [运行时间：0.152448s][吞吐率：6.56req/s] [内存消耗：1,764.57kb] [文件加载：64]
[ info ] [ LANG ] D:\code\Hy\thinkphp\lang\zh-cn.php
[ info ] [ ROUTE ] array (
)
[ info ] [ HEADER ] array (
  'host' => 'h.cn',
  'connection' => 'keep-alive',
  'upgrade-insecure-requests' => '1',
  'user-agent' => 'Mozilla/5.0 (Windows NT 10.0; Win64; x64) AppleWebKit/537.36 (KHTML, like Gecko) Chrome/66.0.3359.117 Safari/537.36',
  'accept' => 'text/html,application/xhtml+xml,application/xml;q=0.9,image/webp,image/apng,*/*;q=0.8',
  'referer' => 'http://h.cn/',
  'accept-encoding' => 'gzip, deflate',
  'accept-language' => 'zh-CN,zh;q=0.9',
)
[ info ] [ PARAM ] array (
)
[ info ] [ VIEW ] D:\code\Hy\application\index\view\bill\ready-money-bill.html [ array (
) ]
---------------------------------------------------------------
[ 2018-07-07T17:50:44+08:00 ] 127.0.0.1 GET /index/bill/companybill.html
[ info ] h.cn/index/bill/companybill.html [运行时间：0.072725s][吞吐率：13.75req/s] [内存消耗：1,764.45kb] [文件加载：64]
[ info ] [ LANG ] D:\code\Hy\thinkphp\lang\zh-cn.php
[ info ] [ ROUTE ] array (
)
[ info ] [ HEADER ] array (
  'host' => 'h.cn',
  'connection' => 'keep-alive',
  'upgrade-insecure-requests' => '1',
  'user-agent' => 'Mozilla/5.0 (Windows NT 10.0; Win64; x64) AppleWebKit/537.36 (KHTML, like Gecko) Chrome/66.0.3359.117 Safari/537.36',
  'accept' => 'text/html,application/xhtml+xml,application/xml;q=0.9,image/webp,image/apng,*/*;q=0.8',
  'referer' => 'http://h.cn/',
  'accept-encoding' => 'gzip, deflate',
  'accept-language' => 'zh-CN,zh;q=0.9',
)
[ info ] [ PARAM ] array (
)
[ info ] [ VIEW ] D:\code\Hy\application\index\view\bill\company-bill.html [ array (
) ]
---------------------------------------------------------------
[ 2018-07-07T17:51:00+08:00 ] 127.0.0.1 GET /index/task/classes.html
[ info ] h.cn/index/task/classes.html [运行时间：0.085738s][吞吐率：11.66req/s] [内存消耗：1,765.26kb] [文件加载：64]
[ info ] [ LANG ] D:\code\Hy\thinkphp\lang\zh-cn.php
[ info ] [ ROUTE ] array (
)
[ info ] [ HEADER ] array (
  'host' => 'h.cn',
  'connection' => 'keep-alive',
  'upgrade-insecure-requests' => '1',
  'user-agent' => 'Mozilla/5.0 (Windows NT 10.0; Win64; x64) AppleWebKit/537.36 (KHTML, like Gecko) Chrome/66.0.3359.117 Safari/537.36',
  'accept' => 'text/html,application/xhtml+xml,application/xml;q=0.9,image/webp,image/apng,*/*;q=0.8',
  'referer' => 'http://h.cn/',
  'accept-encoding' => 'gzip, deflate',
  'accept-language' => 'zh-CN,zh;q=0.9',
)
[ info ] [ PARAM ] array (
)
[ info ] [ VIEW ] D:\code\Hy\application\index\view\task\classes.html [ array (
) ]
---------------------------------------------------------------
[ 2018-07-07T17:51:01+08:00 ] 127.0.0.1 GET /index/task/evidence.html
[ info ] h.cn/index/task/evidence.html [运行时间：0.067881s][吞吐率：14.73req/s] [内存消耗：1,765.21kb] [文件加载：64]
[ info ] [ LANG ] D:\code\Hy\thinkphp\lang\zh-cn.php
[ info ] [ ROUTE ] array (
)
[ info ] [ HEADER ] array (
  'host' => 'h.cn',
  'connection' => 'keep-alive',
  'upgrade-insecure-requests' => '1',
  'user-agent' => 'Mozilla/5.0 (Windows NT 10.0; Win64; x64) AppleWebKit/537.36 (KHTML, like Gecko) Chrome/66.0.3359.117 Safari/537.36',
  'accept' => 'text/html,application/xhtml+xml,application/xml;q=0.9,image/webp,image/apng,*/*;q=0.8',
  'referer' => 'http://h.cn/',
  'accept-encoding' => 'gzip, deflate',
  'accept-language' => 'zh-CN,zh;q=0.9',
)
[ info ] [ PARAM ] array (
)
[ info ] [ VIEW ] D:\code\Hy\application\index\view\task\evidence.html [ array (
) ]
---------------------------------------------------------------
[ 2018-07-07T17:51:01+08:00 ] 127.0.0.1 GET /index/task/sendgoodsgather.html
[ info ] h.cn/index/task/sendgoodsgather.html [运行时间：0.064826s][吞吐率：15.43req/s] [内存消耗：1,765.05kb] [文件加载：64]
[ info ] [ LANG ] D:\code\Hy\thinkphp\lang\zh-cn.php
[ info ] [ ROUTE ] array (
)
[ info ] [ HEADER ] array (
  'host' => 'h.cn',
  'connection' => 'keep-alive',
  'upgrade-insecure-requests' => '1',
  'user-agent' => 'Mozilla/5.0 (Windows NT 10.0; Win64; x64) AppleWebKit/537.36 (KHTML, like Gecko) Chrome/66.0.3359.117 Safari/537.36',
  'accept' => 'text/html,application/xhtml+xml,application/xml;q=0.9,image/webp,image/apng,*/*;q=0.8',
  'referer' => 'http://h.cn/',
  'accept-encoding' => 'gzip, deflate',
  'accept-language' => 'zh-CN,zh;q=0.9',
)
[ info ] [ PARAM ] array (
)
[ info ] [ VIEW ] D:\code\Hy\application\index\view\task\send-goods-gather.html [ array (
) ]
---------------------------------------------------------------
[ 2018-07-07T17:51:02+08:00 ] 127.0.0.1 GET /index/material/material.html
[ info ] h.cn/index/material/material.html [运行时间：0.067063s][吞吐率：14.91req/s] [内存消耗：1,616.04kb] [文件加载：62]
[ info ] [ LANG ] D:\code\Hy\thinkphp\lang\zh-cn.php
[ info ] [ ROUTE ] array (
)
[ info ] [ HEADER ] array (
  'host' => 'h.cn',
  'connection' => 'keep-alive',
  'upgrade-insecure-requests' => '1',
  'user-agent' => 'Mozilla/5.0 (Windows NT 10.0; Win64; x64) AppleWebKit/537.36 (KHTML, like Gecko) Chrome/66.0.3359.117 Safari/537.36',
  'accept' => 'text/html,application/xhtml+xml,application/xml;q=0.9,image/webp,image/apng,*/*;q=0.8',
  'referer' => 'http://h.cn/',
  'accept-encoding' => 'gzip, deflate',
  'accept-language' => 'zh-CN,zh;q=0.9',
)
[ info ] [ PARAM ] array (
)
[ info ] [ VIEW ] D:\code\Hy\application\index\view\material\material.html [ array (
) ]
---------------------------------------------------------------
[ 2018-07-07T17:51:03+08:00 ] 127.0.0.1 GET /message.html
[ info ] h.cn/message.html [运行时间：0.020369s][吞吐率：49.09req/s] [内存消耗：1,193.79kb] [文件加载：49]
[ info ] [ LANG ] D:\code\Hy\thinkphp\lang\zh-cn.php
