---------------------------------------------------------------
[ 2018-07-11T09:15:05+08:00 ] 127.0.0.1 GET /
[ info ] h.cn/ [运行时间：0.662735s][吞吐率：1.51req/s] [内存消耗：1,685.15kb] [文件加载：64]
[ info ] [ LANG ] D:\code\Hy\thinkphp\lang\zh-cn.php
[ info ] [ ROUTE ] array (
)
[ info ] [ HEADER ] array (
  'host' => 'h.cn',
  'connection' => 'keep-alive',
  'upgrade-insecure-requests' => '1',
  'user-agent' => 'Mozilla/5.0 (Windows NT 10.0; Win64; x64) AppleWebKit/537.36 (KHTML, like Gecko) Chrome/66.0.3359.117 Safari/537.36',
  'accept' => 'text/html,application/xhtml+xml,application/xml;q=0.9,image/webp,image/apng,*/*;q=0.8',
  'accept-encoding' => 'gzip, deflate',
  'accept-language' => 'zh-CN,zh;q=0.9',
  'cookie' => 'Hm_lvt_b393d153aeb26b46e9431fabaf0f6190=1531219042',
)
[ info ] [ PARAM ] array (
)
[ info ] [ VIEW ] D:\code\Hy\application\index\view\index\index.html [ array (
) ]
---------------------------------------------------------------
[ 2018-07-11T09:15:05+08:00 ] 127.0.0.1 GET /index/index/welcome.html
[ info ] h.cn/index/index/welcome.html [运行时间：0.033493s][吞吐率：29.86req/s] [内存消耗：1,621.43kb] [文件加载：62]
[ info ] [ LANG ] D:\code\Hy\thinkphp\lang\zh-cn.php
[ info ] [ ROUTE ] array (
)
[ info ] [ HEADER ] array (
  'host' => 'h.cn',
  'connection' => 'keep-alive',
  'upgrade-insecure-requests' => '1',
  'user-agent' => 'Mozilla/5.0 (Windows NT 10.0; Win64; x64) AppleWebKit/537.36 (KHTML, like Gecko) Chrome/66.0.3359.117 Safari/537.36',
  'accept' => 'text/html,application/xhtml+xml,application/xml;q=0.9,image/webp,image/apng,*/*;q=0.8',
  'referer' => 'http://h.cn/',
  'accept-encoding' => 'gzip, deflate',
  'accept-language' => 'zh-CN,zh;q=0.9',
  'cookie' => 'Hm_lvt_b393d153aeb26b46e9431fabaf0f6190=1531219042',
)
[ info ] [ PARAM ] array (
)
[ info ] [ VIEW ] D:\code\Hy\application\index\view\index\welcome.html [ array (
) ]
---------------------------------------------------------------
[ 2018-07-11T09:15:06+08:00 ] 127.0.0.1 GET /static/index/favicon.ico
[ info ] h.cn/static/index/favicon.ico [运行时间：0.109664s][吞吐率：9.12req/s] [内存消耗：1,193.87kb] [文件加载：49]
[ info ] [ LANG ] D:\code\Hy\thinkphp\lang\zh-cn.php
---------------------------------------------------------------
[ 2018-07-11T09:15:09+08:00 ] 127.0.0.1 GET /index/task/intask.html
[ info ] h.cn/index/task/intask.html [运行时间：0.063079s][吞吐率：15.85req/s] [内存消耗：1,619.74kb] [文件加载：62]
[ info ] [ LANG ] D:\code\Hy\thinkphp\lang\zh-cn.php
[ info ] [ ROUTE ] array (
)
[ info ] [ HEADER ] array (
  'host' => 'h.cn',
  'connection' => 'keep-alive',
  'upgrade-insecure-requests' => '1',
  'user-agent' => 'Mozilla/5.0 (Windows NT 10.0; Win64; x64) AppleWebKit/537.36 (KHTML, like Gecko) Chrome/66.0.3359.117 Safari/537.36',
  'accept' => 'text/html,application/xhtml+xml,application/xml;q=0.9,image/webp,image/apng,*/*;q=0.8',
  'referer' => 'http://h.cn/',
  'accept-encoding' => 'gzip, deflate',
  'accept-language' => 'zh-CN,zh;q=0.9',
  'cookie' => 'Hm_lvt_b393d153aeb26b46e9431fabaf0f6190=1531219042',
)
[ info ] [ PARAM ] array (
)
[ info ] [ VIEW ] D:\code\Hy\application\index\view\task\in-task.html [ array (
) ]
---------------------------------------------------------------
[ 2018-07-11T09:15:10+08:00 ] 127.0.0.1 GET /index/blueprint/blueprintinfo.html
[ info ] h.cn/index/blueprint/blueprintinfo.html [运行时间：0.581554s][吞吐率：1.72req/s] [内存消耗：4,270.16kb] [文件加载：81]
[ info ] [ LANG ] D:\code\Hy\thinkphp\lang\zh-cn.php
[ info ] [ ROUTE ] array (
)
[ info ] [ HEADER ] array (
  'host' => 'h.cn',
  'connection' => 'keep-alive',
  'upgrade-insecure-requests' => '1',
  'user-agent' => 'Mozilla/5.0 (Windows NT 10.0; Win64; x64) AppleWebKit/537.36 (KHTML, like Gecko) Chrome/66.0.3359.117 Safari/537.36',
  'accept' => 'text/html,application/xhtml+xml,application/xml;q=0.9,image/webp,image/apng,*/*;q=0.8',
  'referer' => 'http://h.cn/',
  'accept-encoding' => 'gzip, deflate',
  'accept-language' => 'zh-CN,zh;q=0.9',
  'cookie' => 'Hm_lvt_b393d153aeb26b46e9431fabaf0f6190=1531219042',
)
[ info ] [ PARAM ] array (
)
[ info ] [ DB ] INIT mysql
[ info ] [ VIEW ] D:\code\Hy\application\index\view\blueprint\blueprint-info.html [ array (
  0 => 'blueprintInfo',
  1 => 'blueprintInfoCount',
  2 => 'blueprintKeyInfo',
) ]
[ sql ] [ DB ] CONNECT:[ UseTime:0.051524s ] mysql:host=118.24.184.68;dbname=hy;charset=utf8
[ sql ] [ SQL ] SHOW COLUMNS FROM `hy_drawing_detial` [ RunTime:0.033264s ]
[ sql ] [ SQL ] SELECT COUNT(*) AS tp_count FROM `hy_drawing_detial` LIMIT 1 [ RunTime:0.032293s ]
[ sql ] [ SQL ] SELECT * FROM `hy_drawing_detial` ORDER BY `create_time` DESC LIMIT 0,25 [ RunTime:0.039234s ]
[ sql ] [ SQL ] SELECT * FROM `hy_drawing_detial` ORDER BY `create_time` DESC [ RunTime:0.060431s ]
---------------------------------------------------------------
[ 2018-07-11T09:28:14+08:00 ] 127.0.0.1 GET /index/blueprint/blueprintinterior.html
[ info ] h.cn/index/blueprint/blueprintinterior.html [运行时间：0.059334s][吞吐率：16.85req/s] [内存消耗：1,701.26kb] [文件加载：64]
[ info ] [ LANG ] D:\code\Hy\thinkphp\lang\zh-cn.php
[ info ] [ ROUTE ] array (
)
[ info ] [ HEADER ] array (
  'host' => 'h.cn',
  'connection' => 'keep-alive',
  'upgrade-insecure-requests' => '1',
  'user-agent' => 'Mozilla/5.0 (Windows NT 10.0; Win64; x64) AppleWebKit/537.36 (KHTML, like Gecko) Chrome/66.0.3359.117 Safari/537.36',
  'accept' => 'text/html,application/xhtml+xml,application/xml;q=0.9,image/webp,image/apng,*/*;q=0.8',
  'referer' => 'http://h.cn/',
  'accept-encoding' => 'gzip, deflate',
  'accept-language' => 'zh-CN,zh;q=0.9',
  'cookie' => 'Hm_lvt_b393d153aeb26b46e9431fabaf0f6190=1531219042',
)
[ info ] [ PARAM ] array (
)
[ info ] [ VIEW ] D:\code\Hy\application\index\view\blueprint\blueprint-interior.html [ array (
) ]
---------------------------------------------------------------
[ 2018-07-11T09:29:35+08:00 ] 127.0.0.1 GET /index/blueprint/blueprintinfo.html
[ info ] h.cn/index/blueprint/blueprintinfo.html [运行时间：0.283801s][吞吐率：3.52req/s] [内存消耗：4,114.24kb] [文件加载：81]
[ info ] [ LANG ] D:\code\Hy\thinkphp\lang\zh-cn.php
[ info ] [ ROUTE ] array (
)
[ info ] [ HEADER ] array (
  'host' => 'h.cn',
  'connection' => 'keep-alive',
  'upgrade-insecure-requests' => '1',
  'user-agent' => 'Mozilla/5.0 (Windows NT 10.0; Win64; x64) AppleWebKit/537.36 (KHTML, like Gecko) Chrome/66.0.3359.117 Safari/537.36',
  'accept' => 'text/html,application/xhtml+xml,application/xml;q=0.9,image/webp,image/apng,*/*;q=0.8',
  'referer' => 'http://h.cn/index/blueprint/blueprintinfo.html',
  'accept-encoding' => 'gzip, deflate',
  'accept-language' => 'zh-CN,zh;q=0.9',
  'cookie' => 'Hm_lvt_b393d153aeb26b46e9431fabaf0f6190=1531219042',
)
[ info ] [ PARAM ] array (
)
[ info ] [ DB ] INIT mysql
[ info ] [ VIEW ] D:\code\Hy\application\index\view\blueprint\blueprint-info.html [ array (
  0 => 'blueprintInfo',
  1 => 'blueprintInfoCount',
  2 => 'blueprintKeyInfo',
) ]
[ sql ] [ DB ] CONNECT:[ UseTime:0.052812s ] mysql:host=118.24.184.68;dbname=hy;charset=utf8
[ sql ] [ SQL ] SHOW COLUMNS FROM `hy_drawing_detial` [ RunTime:0.035676s ]
[ sql ] [ SQL ] SELECT * FROM `hy_drawing_detial` ORDER BY `create_time` DESC [ RunTime:0.064882s ]
[ sql ] [ SQL ] SELECT COUNT(*) AS tp_count FROM `hy_drawing_detial` LIMIT 1 [ RunTime:0.033574s ]
[ sql ] [ SQL ] SELECT * FROM `hy_drawing_detial` ORDER BY `create_time` DESC LIMIT 0,25 [ RunTime:0.041315s ]
---------------------------------------------------------------
[ 2018-07-11T09:29:37+08:00 ] 127.0.0.1 POST /index/blueprint/blueprintinfo.html
[ info ] h.cn/index/blueprint/blueprintinfo.html [运行时间：0.272347s][吞吐率：3.67req/s] [内存消耗：3,930.18kb] [文件加载：81]
[ info ] [ LANG ] D:\code\Hy\thinkphp\lang\zh-cn.php
[ info ] [ ROUTE ] array (
)
[ info ] [ HEADER ] array (
  'host' => 'h.cn',
  'connection' => 'keep-alive',
  'content-length' => '14',
  'cache-control' => 'max-age=0',
  'origin' => 'http://h.cn',
  'upgrade-insecure-requests' => '1',
  'content-type' => 'application/x-www-form-urlencoded',
  'user-agent' => 'Mozilla/5.0 (Windows NT 10.0; Win64; x64) AppleWebKit/537.36 (KHTML, like Gecko) Chrome/66.0.3359.117 Safari/537.36',
  'accept' => 'text/html,application/xhtml+xml,application/xml;q=0.9,image/webp,image/apng,*/*;q=0.8',
  'referer' => 'http://h.cn/index/blueprint/blueprintinfo.html',
  'accept-encoding' => 'gzip, deflate',
  'accept-language' => 'zh-CN,zh;q=0.9',
  'cookie' => 'Hm_lvt_b393d153aeb26b46e9431fabaf0f6190=1531219042',
)
[ info ] [ PARAM ] array (
  'modules' => 'M05068',
)
[ info ] [ DB ] INIT mysql
[ info ] [ VIEW ] D:\code\Hy\application\index\view\blueprint\blueprint-info.html [ array (
  0 => 'blueprintInfo',
  1 => 'blueprintInfoCount',
  2 => 'blueprintKeyInfo',
) ]
[ sql ] [ DB ] CONNECT:[ UseTime:0.048225s ] mysql:host=118.24.184.68;dbname=hy;charset=utf8
[ sql ] [ SQL ] SHOW COLUMNS FROM `hy_drawing_detial` [ RunTime:0.034370s ]
[ sql ] [ SQL ] SELECT * FROM `hy_drawing_detial` ORDER BY `create_time` DESC [ RunTime:0.064178s ]
[ sql ] [ SQL ] SELECT COUNT(*) AS tp_count FROM `hy_drawing_detial` WHERE  `drawing_detail_id` = 'M05068' OR `drawing_internal_id` = 'M05068'  OR `drawing_externa_id` = 'M05068' LIMIT 1 [ RunTime:0.033877s ]
[ sql ] [ SQL ] SELECT * FROM `hy_drawing_detial` WHERE  `drawing_detail_id` = 'M05068' OR `drawing_internal_id` = 'M05068'  OR `drawing_externa_id` = 'M05068' ORDER BY `create_time` DESC LIMIT 0,5 [ RunTime:0.037481s ]
---------------------------------------------------------------
[ 2018-07-11T09:29:40+08:00 ] 127.0.0.1 POST /index/blueprint/blueprintinfo.html
[ info ] h.cn/index/blueprint/blueprintinfo.html [运行时间：0.255656s][吞吐率：3.91req/s] [内存消耗：3,930.18kb] [文件加载：81]
[ info ] [ LANG ] D:\code\Hy\thinkphp\lang\zh-cn.php
[ info ] [ ROUTE ] array (
)
[ info ] [ HEADER ] array (
  'host' => 'h.cn',
  'connection' => 'keep-alive',
  'content-length' => '14',
  'cache-control' => 'max-age=0',
  'origin' => 'http://h.cn',
  'upgrade-insecure-requests' => '1',
  'content-type' => 'application/x-www-form-urlencoded',
  'user-agent' => 'Mozilla/5.0 (Windows NT 10.0; Win64; x64) AppleWebKit/537.36 (KHTML, like Gecko) Chrome/66.0.3359.117 Safari/537.36',
  'accept' => 'text/html,application/xhtml+xml,application/xml;q=0.9,image/webp,image/apng,*/*;q=0.8',
  'referer' => 'http://h.cn/index/blueprint/blueprintinfo.html',
  'accept-encoding' => 'gzip, deflate',
  'accept-language' => 'zh-CN,zh;q=0.9',
  'cookie' => 'Hm_lvt_b393d153aeb26b46e9431fabaf0f6190=1531219042',
)
[ info ] [ PARAM ] array (
  'modules' => 'M05333',
)
[ info ] [ DB ] INIT mysql
[ info ] [ VIEW ] D:\code\Hy\application\index\view\blueprint\blueprint-info.html [ array (
  0 => 'blueprintInfo',
  1 => 'blueprintInfoCount',
  2 => 'blueprintKeyInfo',
) ]
[ sql ] [ DB ] CONNECT:[ UseTime:0.045553s ] mysql:host=118.24.184.68;dbname=hy;charset=utf8
[ sql ] [ SQL ] SHOW COLUMNS FROM `hy_drawing_detial` [ RunTime:0.033639s ]
[ sql ] [ SQL ] SELECT * FROM `hy_drawing_detial` ORDER BY `create_time` DESC [ RunTime:0.061319s ]
[ sql ] [ SQL ] SELECT COUNT(*) AS tp_count FROM `hy_drawing_detial` WHERE  `drawing_detail_id` = 'M05333' OR `drawing_internal_id` = 'M05333'  OR `drawing_externa_id` = 'M05333' LIMIT 1 [ RunTime:0.029086s ]
[ sql ] [ SQL ] SELECT * FROM `hy_drawing_detial` WHERE  `drawing_detail_id` = 'M05333' OR `drawing_internal_id` = 'M05333'  OR `drawing_externa_id` = 'M05333' ORDER BY `create_time` DESC LIMIT 0,5 [ RunTime:0.038217s ]
---------------------------------------------------------------
[ 2018-07-11T09:29:44+08:00 ] 127.0.0.1 POST /index/blueprint/blueprintinfo.html
[ info ] h.cn/index/blueprint/blueprintinfo.html [运行时间：0.252446s][吞吐率：3.96req/s] [内存消耗：3,930.18kb] [文件加载：81]
[ info ] [ LANG ] D:\code\Hy\thinkphp\lang\zh-cn.php
[ info ] [ ROUTE ] array (
)
[ info ] [ HEADER ] array (
  'host' => 'h.cn',
  'connection' => 'keep-alive',
  'content-length' => '14',
  'cache-control' => 'max-age=0',
  'origin' => 'http://h.cn',
  'upgrade-insecure-requests' => '1',
  'content-type' => 'application/x-www-form-urlencoded',
  'user-agent' => 'Mozilla/5.0 (Windows NT 10.0; Win64; x64) AppleWebKit/537.36 (KHTML, like Gecko) Chrome/66.0.3359.117 Safari/537.36',
  'accept' => 'text/html,application/xhtml+xml,application/xml;q=0.9,image/webp,image/apng,*/*;q=0.8',
  'referer' => 'http://h.cn/index/blueprint/blueprintinfo.html',
  'accept-encoding' => 'gzip, deflate',
  'accept-language' => 'zh-CN,zh;q=0.9',
  'cookie' => 'Hm_lvt_b393d153aeb26b46e9431fabaf0f6190=1531219042',
)
[ info ] [ PARAM ] array (
  'modules' => 'M05321',
)
[ info ] [ DB ] INIT mysql
[ info ] [ VIEW ] D:\code\Hy\application\index\view\blueprint\blueprint-info.html [ array (
  0 => 'blueprintInfo',
  1 => 'blueprintInfoCount',
  2 => 'blueprintKeyInfo',
) ]
[ sql ] [ DB ] CONNECT:[ UseTime:0.046942s ] mysql:host=118.24.184.68;dbname=hy;charset=utf8
[ sql ] [ SQL ] SHOW COLUMNS FROM `hy_drawing_detial` [ RunTime:0.032735s ]
[ sql ] [ SQL ] SELECT * FROM `hy_drawing_detial` ORDER BY `create_time` DESC [ RunTime:0.061277s ]
[ sql ] [ SQL ] SELECT COUNT(*) AS tp_count FROM `hy_drawing_detial` WHERE  `drawing_detail_id` = 'M05321' OR `drawing_internal_id` = 'M05321'  OR `drawing_externa_id` = 'M05321' LIMIT 1 [ RunTime:0.029204s ]
[ sql ] [ SQL ] SELECT * FROM `hy_drawing_detial` WHERE  `drawing_detail_id` = 'M05321' OR `drawing_internal_id` = 'M05321'  OR `drawing_externa_id` = 'M05321' ORDER BY `create_time` DESC LIMIT 0,5 [ RunTime:0.034158s ]
---------------------------------------------------------------
[ 2018-07-11T09:29:46+08:00 ] 127.0.0.1 GET /index/blueprint/blueprintinfo.html
[ info ] h.cn/index/blueprint/blueprintinfo.html [运行时间：0.270959s][吞吐率：3.69req/s] [内存消耗：4,114.24kb] [文件加载：81]
[ info ] [ LANG ] D:\code\Hy\thinkphp\lang\zh-cn.php
[ info ] [ ROUTE ] array (
)
[ info ] [ HEADER ] array (
  'host' => 'h.cn',
  'connection' => 'keep-alive',
  'upgrade-insecure-requests' => '1',
  'user-agent' => 'Mozilla/5.0 (Windows NT 10.0; Win64; x64) AppleWebKit/537.36 (KHTML, like Gecko) Chrome/66.0.3359.117 Safari/537.36',
  'accept' => 'text/html,application/xhtml+xml,application/xml;q=0.9,image/webp,image/apng,*/*;q=0.8',
  'referer' => 'http://h.cn/index/blueprint/blueprintinfo.html',
  'accept-encoding' => 'gzip, deflate',
  'accept-language' => 'zh-CN,zh;q=0.9',
  'cookie' => 'Hm_lvt_b393d153aeb26b46e9431fabaf0f6190=1531219042',
)
[ info ] [ PARAM ] array (
)
[ info ] [ DB ] INIT mysql
[ info ] [ VIEW ] D:\code\Hy\application\index\view\blueprint\blueprint-info.html [ array (
  0 => 'blueprintInfo',
  1 => 'blueprintInfoCount',
  2 => 'blueprintKeyInfo',
) ]
[ sql ] [ DB ] CONNECT:[ UseTime:0.048400s ] mysql:host=118.24.184.68;dbname=hy;charset=utf8
[ sql ] [ SQL ] SHOW COLUMNS FROM `hy_drawing_detial` [ RunTime:0.034314s ]
[ sql ] [ SQL ] SELECT * FROM `hy_drawing_detial` ORDER BY `create_time` DESC [ RunTime:0.064669s ]
[ sql ] [ SQL ] SELECT COUNT(*) AS tp_count FROM `hy_drawing_detial` LIMIT 1 [ RunTime:0.031804s ]
[ sql ] [ SQL ] SELECT * FROM `hy_drawing_detial` ORDER BY `create_time` DESC LIMIT 0,25 [ RunTime:0.039244s ]
---------------------------------------------------------------
[ 2018-07-11T23:31:47+08:00 ] 127.0.0.1 GET /
[ info ] h.cn/ [运行时间：0.698228s][吞吐率：1.43req/s] [内存消耗：1,685.14kb] [文件加载：64]
[ info ] [ LANG ] D:\code\Hy\thinkphp\lang\zh-cn.php
[ info ] [ ROUTE ] array (
)
[ info ] [ HEADER ] array (
  'host' => 'h.cn',
  'connection' => 'keep-alive',
  'upgrade-insecure-requests' => '1',
  'user-agent' => 'Mozilla/5.0 (Windows NT 10.0; Win64; x64) AppleWebKit/537.36 (KHTML, like Gecko) Chrome/68.0.3440.33 Safari/537.36',
  'accept' => 'text/html,application/xhtml+xml,application/xml;q=0.9,image/webp,image/apng,*/*;q=0.8',
  'accept-encoding' => 'gzip, deflate',
  'accept-language' => 'zh-CN,zh;q=0.9',
  'cookie' => 'Hm_lvt_b393d153aeb26b46e9431fabaf0f6190=1531219042',
)
[ info ] [ PARAM ] array (
)
[ info ] [ VIEW ] D:\code\Hy\application\index\view\index\index.html [ array (
) ]
---------------------------------------------------------------
[ 2018-07-11T23:31:47+08:00 ] 127.0.0.1 GET /index/index/welcome.html
[ info ] h.cn/index/index/welcome.html [运行时间：0.031916s][吞吐率：31.33req/s] [内存消耗：1,621.41kb] [文件加载：62]
[ info ] [ LANG ] D:\code\Hy\thinkphp\lang\zh-cn.php
[ info ] [ ROUTE ] array (
)
[ info ] [ HEADER ] array (
  'host' => 'h.cn',
  'connection' => 'keep-alive',
  'upgrade-insecure-requests' => '1',
  'user-agent' => 'Mozilla/5.0 (Windows NT 10.0; Win64; x64) AppleWebKit/537.36 (KHTML, like Gecko) Chrome/68.0.3440.33 Safari/537.36',
  'accept' => 'text/html,application/xhtml+xml,application/xml;q=0.9,image/webp,image/apng,*/*;q=0.8',
  'referer' => 'http://h.cn/',
  'accept-encoding' => 'gzip, deflate',
  'accept-language' => 'zh-CN,zh;q=0.9',
  'cookie' => 'Hm_lvt_b393d153aeb26b46e9431fabaf0f6190=1531219042',
)
[ info ] [ PARAM ] array (
)
[ info ] [ VIEW ] D:\code\Hy\application\index\view\index\welcome.html [ array (
) ]
---------------------------------------------------------------
[ 2018-07-11T23:31:47+08:00 ] 127.0.0.1 GET /static/index/favicon.ico
[ info ] h.cn/static/index/favicon.ico [运行时间：0.111701s][吞吐率：8.95req/s] [内存消耗：1,193.86kb] [文件加载：49]
[ info ] [ LANG ] D:\code\Hy\thinkphp\lang\zh-cn.php
---------------------------------------------------------------
[ 2018-07-11T23:31:50+08:00 ] 127.0.0.1 GET /index/blueprint/blueprintinfo.html
[ info ] h.cn/index/blueprint/blueprintinfo.html [运行时间：0.564128s][吞吐率：1.77req/s] [内存消耗：4,100.02kb] [文件加载：81]
[ info ] [ LANG ] D:\code\Hy\thinkphp\lang\zh-cn.php
[ info ] [ ROUTE ] array (
)
[ info ] [ HEADER ] array (
  'host' => 'h.cn',
  'connection' => 'keep-alive',
  'upgrade-insecure-requests' => '1',
  'user-agent' => 'Mozilla/5.0 (Windows NT 10.0; Win64; x64) AppleWebKit/537.36 (KHTML, like Gecko) Chrome/68.0.3440.33 Safari/537.36',
  'accept' => 'text/html,application/xhtml+xml,application/xml;q=0.9,image/webp,image/apng,*/*;q=0.8',
  'referer' => 'http://h.cn/',
  'accept-encoding' => 'gzip, deflate',
  'accept-language' => 'zh-CN,zh;q=0.9',
  'cookie' => 'Hm_lvt_b393d153aeb26b46e9431fabaf0f6190=1531219042',
)
[ info ] [ PARAM ] array (
)
[ info ] [ DB ] INIT mysql
[ info ] [ VIEW ] D:\code\Hy\application\index\view\blueprint\blueprint-info.html [ array (
  0 => 'blueprintInfo',
  1 => 'blueprintInfoCount',
  2 => 'blueprintKeyInfo',
) ]
[ sql ] [ DB ] CONNECT:[ UseTime:0.048013s ] mysql:host=118.24.184.68;dbname=hy;charset=utf8
[ sql ] [ SQL ] SHOW COLUMNS FROM `hy_drawing_detial` [ RunTime:0.036115s ]
[ sql ] [ SQL ] SELECT * FROM `hy_drawing_detial` ORDER BY `create_time` DESC [ RunTime:0.071739s ]
[ sql ] [ SQL ] SELECT COUNT(*) AS tp_count FROM `hy_drawing_detial` LIMIT 1 [ RunTime:0.034209s ]
[ sql ] [ SQL ] SELECT * FROM `hy_drawing_detial` ORDER BY `create_time` DESC LIMIT 0,25 [ RunTime:0.040079s ]
---------------------------------------------------------------
[ 2018-07-11T23:31:52+08:00 ] 127.0.0.1 GET /index/blueprint/process.html
[ info ] h.cn/index/blueprint/process.html [运行时间：0.038874s][吞吐率：25.72req/s] [内存消耗：1,702.66kb] [文件加载：64]
[ info ] [ LANG ] D:\code\Hy\thinkphp\lang\zh-cn.php
[ info ] [ ROUTE ] array (
)
[ info ] [ HEADER ] array (
  'host' => 'h.cn',
  'connection' => 'keep-alive',
  'upgrade-insecure-requests' => '1',
  'user-agent' => 'Mozilla/5.0 (Windows NT 10.0; Win64; x64) AppleWebKit/537.36 (KHTML, like Gecko) Chrome/68.0.3440.33 Safari/537.36',
  'accept' => 'text/html,application/xhtml+xml,application/xml;q=0.9,image/webp,image/apng,*/*;q=0.8',
  'referer' => 'http://h.cn/index/blueprint/blueprintinfo.html',
  'accept-encoding' => 'gzip, deflate',
  'accept-language' => 'zh-CN,zh;q=0.9',
  'cookie' => 'Hm_lvt_b393d153aeb26b46e9431fabaf0f6190=1531219042',
)
[ info ] [ PARAM ] array (
)
[ info ] [ VIEW ] D:\code\Hy\application\index\view\blueprint\process.html [ array (
) ]
---------------------------------------------------------------
[ 2018-07-11T23:36:09+08:00 ] 127.0.0.1 GET /
[ info ] h.cn/ [运行时间：0.035937s][吞吐率：27.83req/s] [内存消耗：1,685.37kb] [文件加载：64]
[ info ] [ LANG ] D:\code\Hy\thinkphp\lang\zh-cn.php
[ info ] [ ROUTE ] array (
)
[ info ] [ HEADER ] array (
  'host' => 'h.cn',
  'connection' => 'keep-alive',
  'cache-control' => 'max-age=0',
  'upgrade-insecure-requests' => '1',
  'user-agent' => 'Mozilla/5.0 (Windows NT 10.0; Win64; x64) AppleWebKit/537.36 (KHTML, like Gecko) Chrome/68.0.3440.33 Safari/537.36',
  'accept' => 'text/html,application/xhtml+xml,application/xml;q=0.9,image/webp,image/apng,*/*;q=0.8',
  'accept-encoding' => 'gzip, deflate',
  'accept-language' => 'zh-CN,zh;q=0.9',
  'cookie' => 'Hm_lvt_b393d153aeb26b46e9431fabaf0f6190=1531219042',
)
[ info ] [ PARAM ] array (
)
[ info ] [ VIEW ] D:\code\Hy\application\index\view\index\index.html [ array (
) ]
---------------------------------------------------------------
[ 2018-07-11T23:36:09+08:00 ] 127.0.0.1 GET /index/index/welcome.html
[ info ] h.cn/index/index/welcome.html [运行时间：0.027924s][吞吐率：35.81req/s] [内存消耗：1,621.41kb] [文件加载：62]
[ info ] [ LANG ] D:\code\Hy\thinkphp\lang\zh-cn.php
[ info ] [ ROUTE ] array (
)
[ info ] [ HEADER ] array (
  'host' => 'h.cn',
  'connection' => 'keep-alive',
  'upgrade-insecure-requests' => '1',
  'user-agent' => 'Mozilla/5.0 (Windows NT 10.0; Win64; x64) AppleWebKit/537.36 (KHTML, like Gecko) Chrome/68.0.3440.33 Safari/537.36',
  'accept' => 'text/html,application/xhtml+xml,application/xml;q=0.9,image/webp,image/apng,*/*;q=0.8',
  'referer' => 'http://h.cn/',
  'accept-encoding' => 'gzip, deflate',
  'accept-language' => 'zh-CN,zh;q=0.9',
  'cookie' => 'Hm_lvt_b393d153aeb26b46e9431fabaf0f6190=1531219042',
)
[ info ] [ PARAM ] array (
)
[ info ] [ VIEW ] D:\code\Hy\application\index\view\index\welcome.html [ array (
) ]
---------------------------------------------------------------
[ 2018-07-11T23:36:12+08:00 ] 127.0.0.1 GET /index/blueprint/blueprintinfo.html
[ info ] h.cn/index/blueprint/blueprintinfo.html [运行时间：0.258747s][吞吐率：3.86req/s] [内存消耗：4,100.02kb] [文件加载：81]
[ info ] [ LANG ] D:\code\Hy\thinkphp\lang\zh-cn.php
[ info ] [ ROUTE ] array (
)
[ info ] [ HEADER ] array (
  'host' => 'h.cn',
  'connection' => 'keep-alive',
  'upgrade-insecure-requests' => '1',
  'user-agent' => 'Mozilla/5.0 (Windows NT 10.0; Win64; x64) AppleWebKit/537.36 (KHTML, like Gecko) Chrome/68.0.3440.33 Safari/537.36',
  'accept' => 'text/html,application/xhtml+xml,application/xml;q=0.9,image/webp,image/apng,*/*;q=0.8',
  'referer' => 'http://h.cn/',
  'accept-encoding' => 'gzip, deflate',
  'accept-language' => 'zh-CN,zh;q=0.9',
  'cookie' => 'Hm_lvt_b393d153aeb26b46e9431fabaf0f6190=1531219042',
)
[ info ] [ PARAM ] array (
)
[ info ] [ DB ] INIT mysql
[ info ] [ VIEW ] D:\code\Hy\application\index\view\blueprint\blueprint-info.html [ array (
  0 => 'blueprintInfo',
  1 => 'blueprintInfoCount',
  2 => 'blueprintKeyInfo',
) ]
[ sql ] [ DB ] CONNECT:[ UseTime:0.043143s ] mysql:host=118.24.184.68;dbname=hy;charset=utf8
[ sql ] [ SQL ] SHOW COLUMNS FROM `hy_drawing_detial` [ RunTime:0.032035s ]
[ sql ] [ SQL ] SELECT * FROM `hy_drawing_detial` ORDER BY `create_time` DESC [ RunTime:0.061255s ]
[ sql ] [ SQL ] SELECT COUNT(*) AS tp_count FROM `hy_drawing_detial` LIMIT 1 [ RunTime:0.030289s ]
[ sql ] [ SQL ] SELECT * FROM `hy_drawing_detial` ORDER BY `create_time` DESC LIMIT 0,25 [ RunTime:0.038221s ]
---------------------------------------------------------------
[ 2018-07-11T23:36:12+08:00 ] 127.0.0.1 GET /index/blueprint/process.html
[ info ] h.cn/index/blueprint/process.html [运行时间：0.024932s][吞吐率：40.11req/s] [内存消耗：1,702.66kb] [文件加载：64]
[ info ] [ LANG ] D:\code\Hy\thinkphp\lang\zh-cn.php
[ info ] [ ROUTE ] array (
)
[ info ] [ HEADER ] array (
  'host' => 'h.cn',
  'connection' => 'keep-alive',
  'upgrade-insecure-requests' => '1',
  'user-agent' => 'Mozilla/5.0 (Windows NT 10.0; Win64; x64) AppleWebKit/537.36 (KHTML, like Gecko) Chrome/68.0.3440.33 Safari/537.36',
  'accept' => 'text/html,application/xhtml+xml,application/xml;q=0.9,image/webp,image/apng,*/*;q=0.8',
  'referer' => 'http://h.cn/index/blueprint/blueprintinfo.html',
  'accept-encoding' => 'gzip, deflate',
  'accept-language' => 'zh-CN,zh;q=0.9',
  'cookie' => 'Hm_lvt_b393d153aeb26b46e9431fabaf0f6190=1531219042',
)
[ info ] [ PARAM ] array (
)
[ info ] [ VIEW ] D:\code\Hy\application\index\view\blueprint\process.html [ array (
) ]
---------------------------------------------------------------
[ 2018-07-11T23:39:24+08:00 ] 127.0.0.1 GET /index/blueprint/blueprintinfo.html
[ info ] h.cn/index/blueprint/blueprintinfo.html [运行时间：0.469864s][吞吐率：2.13req/s] [内存消耗：4,325.63kb] [文件加载：83]
[ info ] [ LANG ] D:\code\Hy\thinkphp\lang\zh-cn.php
[ info ] [ ROUTE ] array (
)
[ info ] [ HEADER ] array (
  'host' => 'h.cn',
  'connection' => 'keep-alive',
  'cache-control' => 'max-age=0',
  'upgrade-insecure-requests' => '1',
  'user-agent' => 'Mozilla/5.0 (Windows NT 10.0; Win64; x64) AppleWebKit/537.36 (KHTML, like Gecko) Chrome/68.0.3440.33 Safari/537.36',
  'accept' => 'text/html,application/xhtml+xml,application/xml;q=0.9,image/webp,image/apng,*/*;q=0.8',
  'referer' => 'http://h.cn/',
  'accept-encoding' => 'gzip, deflate',
  'accept-language' => 'zh-CN,zh;q=0.9',
  'cookie' => 'Hm_lvt_b393d153aeb26b46e9431fabaf0f6190=1531219042',
)
[ info ] [ PARAM ] array (
)
[ info ] [ DB ] INIT mysql
[ info ] [ VIEW ] D:\code\Hy\application\index\view\blueprint\blueprint-info.html [ array (
  0 => 'blueprintInfo',
  1 => 'blueprintInfoCount',
  2 => 'blueprintKeyInfo',
) ]
[ sql ] [ DB ] CONNECT:[ UseTime:0.050084s ] mysql:host=118.24.184.68;dbname=hy;charset=utf8
[ sql ] [ SQL ] SHOW COLUMNS FROM `hy_drawing_detial` [ RunTime:0.039035s ]
[ sql ] [ SQL ] SELECT * FROM `hy_drawing_detial` ORDER BY `create_time` DESC [ RunTime:0.065289s ]
[ sql ] [ SQL ] SELECT COUNT(*) AS tp_count FROM `hy_drawing_detial` LIMIT 1 [ RunTime:0.032911s ]
[ sql ] [ SQL ] SELECT * FROM `hy_drawing_detial` ORDER BY `create_time` DESC LIMIT 0,25 [ RunTime:0.039320s ]
---------------------------------------------------------------
[ 2018-07-11T23:39:27+08:00 ] 127.0.0.1 GET /index/blueprint/process.html
[ info ] h.cn/index/blueprint/process.html [运行时间：0.025933s][吞吐率：38.56req/s] [内存消耗：1,703.72kb] [文件加载：64]
[ info ] [ LANG ] D:\code\Hy\thinkphp\lang\zh-cn.php
[ info ] [ ROUTE ] array (
)
[ info ] [ HEADER ] array (
  'host' => 'h.cn',
  'connection' => 'keep-alive',
  'upgrade-insecure-requests' => '1',
  'user-agent' => 'Mozilla/5.0 (Windows NT 10.0; Win64; x64) AppleWebKit/537.36 (KHTML, like Gecko) Chrome/68.0.3440.33 Safari/537.36',
  'accept' => 'text/html,application/xhtml+xml,application/xml;q=0.9,image/webp,image/apng,*/*;q=0.8',
  'referer' => 'http://h.cn/index/blueprint/blueprintinfo.html',
  'accept-encoding' => 'gzip, deflate',
  'accept-language' => 'zh-CN,zh;q=0.9',
  'cookie' => 'Hm_lvt_b393d153aeb26b46e9431fabaf0f6190=1531219042',
)
[ info ] [ PARAM ] array (
)
[ info ] [ VIEW ] D:\code\Hy\application\index\view\blueprint\process.html [ array (
) ]
---------------------------------------------------------------
[ 2018-07-11T23:40:11+08:00 ] 127.0.0.1 GET /index/blueprint/process.html
[ info ] h.cn/index/blueprint/process.html [运行时间：0.026904s][吞吐率：37.17req/s] [内存消耗：1,703.72kb] [文件加载：64]
[ info ] [ LANG ] D:\code\Hy\thinkphp\lang\zh-cn.php
[ info ] [ ROUTE ] array (
)
[ info ] [ HEADER ] array (
  'host' => 'h.cn',
  'connection' => 'keep-alive',
  'upgrade-insecure-requests' => '1',
  'user-agent' => 'Mozilla/5.0 (Windows NT 10.0; Win64; x64) AppleWebKit/537.36 (KHTML, like Gecko) Chrome/68.0.3440.33 Safari/537.36',
  'accept' => 'text/html,application/xhtml+xml,application/xml;q=0.9,image/webp,image/apng,*/*;q=0.8',
  'referer' => 'http://h.cn/index/blueprint/blueprintinfo.html',
  'accept-encoding' => 'gzip, deflate',
  'accept-language' => 'zh-CN,zh;q=0.9',
  'cookie' => 'Hm_lvt_b393d153aeb26b46e9431fabaf0f6190=1531219042',
)
[ info ] [ PARAM ] array (
)
[ info ] [ VIEW ] D:\code\Hy\application\index\view\blueprint\process.html [ array (
) ]
---------------------------------------------------------------
[ 2018-07-11T23:41:05+08:00 ] 127.0.0.1 GET /index/blueprint/process.html
[ info ] h.cn/index/blueprint/process.html [运行时间：0.039230s][吞吐率：25.49req/s] [内存消耗：1,607.22kb] [文件加载：61]
[ info ] [ LANG ] D:\code\Hy\thinkphp\lang\zh-cn.php
[ info ] [ ROUTE ] array (
)
[ info ] [ HEADER ] array (
  'host' => 'h.cn',
  'connection' => 'keep-alive',
  'cache-control' => 'max-age=0',
  'upgrade-insecure-requests' => '1',
  'user-agent' => 'Mozilla/5.0 (Windows NT 10.0; Win64; x64) AppleWebKit/537.36 (KHTML, like Gecko) Chrome/68.0.3440.33 Safari/537.36',
  'accept' => 'text/html,application/xhtml+xml,application/xml;q=0.9,image/webp,image/apng,*/*;q=0.8',
  'referer' => 'http://h.cn/index/blueprint/blueprintinfo.html',
  'accept-encoding' => 'gzip, deflate',
  'accept-language' => 'zh-CN,zh;q=0.9',
  'cookie' => 'Hm_lvt_b393d153aeb26b46e9431fabaf0f6190=1531219042',
)
[ info ] [ PARAM ] array (
)
---------------------------------------------------------------
[ 2018-07-11T23:42:19+08:00 ] 127.0.0.1 GET /index/blueprint/process.html
[ info ] h.cn/index/blueprint/process.html [运行时间：0.022938s][吞吐率：43.60req/s] [内存消耗：1,606.99kb] [文件加载：61]
[ info ] [ LANG ] D:\code\Hy\thinkphp\lang\zh-cn.php
[ info ] [ ROUTE ] array (
)
[ info ] [ HEADER ] array (
  'host' => 'h.cn',
  'connection' => 'keep-alive',
  'upgrade-insecure-requests' => '1',
  'user-agent' => 'Mozilla/5.0 (Windows NT 10.0; Win64; x64) AppleWebKit/537.36 (KHTML, like Gecko) Chrome/68.0.3440.33 Safari/537.36',
  'accept' => 'text/html,application/xhtml+xml,application/xml;q=0.9,image/webp,image/apng,*/*;q=0.8',
  'referer' => 'http://h.cn/index/blueprint/blueprintinfo.html',
  'accept-encoding' => 'gzip, deflate',
  'accept-language' => 'zh-CN,zh;q=0.9',
  'cookie' => 'Hm_lvt_b393d153aeb26b46e9431fabaf0f6190=1531219042',
)
[ info ] [ PARAM ] array (
)
---------------------------------------------------------------
[ 2018-07-11T23:42:23+08:00 ] 127.0.0.1 GET /index/blueprint/blueprintinfo.html
[ info ] h.cn/index/blueprint/blueprintinfo.html [运行时间：0.387729s][吞吐率：2.58req/s] [内存消耗：4,330.91kb] [文件加载：83]
[ info ] [ LANG ] D:\code\Hy\thinkphp\lang\zh-cn.php
[ info ] [ ROUTE ] array (
)
[ info ] [ HEADER ] array (
  'host' => 'h.cn',
  'connection' => 'keep-alive',
  'cache-control' => 'max-age=0',
  'upgrade-insecure-requests' => '1',
  'user-agent' => 'Mozilla/5.0 (Windows NT 10.0; Win64; x64) AppleWebKit/537.36 (KHTML, like Gecko) Chrome/68.0.3440.33 Safari/537.36',
  'accept' => 'text/html,application/xhtml+xml,application/xml;q=0.9,image/webp,image/apng,*/*;q=0.8',
  'referer' => 'http://h.cn/',
  'accept-encoding' => 'gzip, deflate',
  'accept-language' => 'zh-CN,zh;q=0.9',
  'cookie' => 'Hm_lvt_b393d153aeb26b46e9431fabaf0f6190=1531219042',
)
[ info ] [ PARAM ] array (
)
[ info ] [ DB ] INIT mysql
[ info ] [ VIEW ] D:\code\Hy\application\index\view\blueprint\blueprint-info.html [ array (
  0 => 'blueprintInfo',
  1 => 'blueprintInfoCount',
  2 => 'blueprintKeyInfo',
) ]
[ sql ] [ DB ] CONNECT:[ UseTime:0.050178s ] mysql:host=118.24.184.68;dbname=hy;charset=utf8
[ sql ] [ SQL ] SHOW COLUMNS FROM `hy_drawing_detial` [ RunTime:0.041017s ]
[ sql ] [ SQL ] SELECT * FROM `hy_drawing_detial` ORDER BY `create_time` DESC [ RunTime:0.063701s ]
[ sql ] [ SQL ] SELECT COUNT(*) AS tp_count FROM `hy_drawing_detial` LIMIT 1 [ RunTime:0.033085s ]
[ sql ] [ SQL ] SELECT * FROM `hy_drawing_detial` ORDER BY `create_time` DESC LIMIT 0,25 [ RunTime:0.039065s ]
---------------------------------------------------------------
[ 2018-07-11T23:42:23+08:00 ] 127.0.0.1 GET /index/blueprint/process/drawing_detail_id/M05320.html
[ info ] h.cn/index/blueprint/process/drawing_detail_id/M05320.html [运行时间：0.031914s][吞吐率：31.33req/s] [内存消耗：1,607.68kb] [文件加载：61]
[ info ] [ LANG ] D:\code\Hy\thinkphp\lang\zh-cn.php
[ info ] [ ROUTE ] array (
)
[ info ] [ HEADER ] array (
  'host' => 'h.cn',
  'connection' => 'keep-alive',
  'upgrade-insecure-requests' => '1',
  'user-agent' => 'Mozilla/5.0 (Windows NT 10.0; Win64; x64) AppleWebKit/537.36 (KHTML, like Gecko) Chrome/68.0.3440.33 Safari/537.36',
  'accept' => 'text/html,application/xhtml+xml,application/xml;q=0.9,image/webp,image/apng,*/*;q=0.8',
  'referer' => 'http://h.cn/index/blueprint/blueprintinfo.html',
  'accept-encoding' => 'gzip, deflate',
  'accept-language' => 'zh-CN,zh;q=0.9',
  'cookie' => 'Hm_lvt_b393d153aeb26b46e9431fabaf0f6190=1531219042',
)
[ info ] [ PARAM ] array (
  'drawing_detail_id' => 'M05320',
)
---------------------------------------------------------------
[ 2018-07-11T23:46:52+08:00 ] 127.0.0.1 GET /index/blueprint/process/drawing_detail_id/M05320.html
[ info ] h.cn/index/blueprint/process/drawing_detail_id/M05320.html [运行时间：0.216017s][吞吐率：4.63req/s] [内存消耗：2,936.68kb] [文件加载：75]
[ info ] [ LANG ] D:\code\Hy\thinkphp\lang\zh-cn.php
[ info ] [ ROUTE ] array (
)
[ info ] [ HEADER ] array (
  'host' => 'h.cn',
  'connection' => 'keep-alive',
  'upgrade-insecure-requests' => '1',
  'user-agent' => 'Mozilla/5.0 (Windows NT 10.0; Win64; x64) AppleWebKit/537.36 (KHTML, like Gecko) Chrome/68.0.3440.33 Safari/537.36',
  'accept' => 'text/html,application/xhtml+xml,application/xml;q=0.9,image/webp,image/apng,*/*;q=0.8',
  'referer' => 'http://h.cn/index/blueprint/blueprintinfo.html',
  'accept-encoding' => 'gzip, deflate',
  'accept-language' => 'zh-CN,zh;q=0.9',
  'cookie' => 'Hm_lvt_b393d153aeb26b46e9431fabaf0f6190=1531219042',
)
[ info ] [ PARAM ] array (
  'drawing_detail_id' => 'M05320',
)
[ info ] [ DB ] INIT mysql
[ sql ] [ DB ] CONNECT:[ UseTime:0.046966s ] mysql:host=118.24.184.68;dbname=hy;charset=utf8
[ sql ] [ SQL ] SHOW COLUMNS FROM `hy_product_process` [ RunTime:0.031915s ]
[ sql ] [ SQL ] SELECT * FROM `hy_product_process` WHERE  `process_id` = 'M05320' [ RunTime:0.088358s ]
---------------------------------------------------------------
[ 2018-07-11T23:46:54+08:00 ] 127.0.0.1 GET /index/blueprint/process/drawing_detail_id/M05320.html
[ info ] h.cn/index/blueprint/process/drawing_detail_id/M05320.html [运行时间：0.149873s][吞吐率：6.67req/s] [内存消耗：2,936.68kb] [文件加载：75]
[ info ] [ LANG ] D:\code\Hy\thinkphp\lang\zh-cn.php
[ info ] [ ROUTE ] array (
)
[ info ] [ HEADER ] array (
  'host' => 'h.cn',
  'connection' => 'keep-alive',
  'upgrade-insecure-requests' => '1',
  'user-agent' => 'Mozilla/5.0 (Windows NT 10.0; Win64; x64) AppleWebKit/537.36 (KHTML, like Gecko) Chrome/68.0.3440.33 Safari/537.36',
  'accept' => 'text/html,application/xhtml+xml,application/xml;q=0.9,image/webp,image/apng,*/*;q=0.8',
  'referer' => 'http://h.cn/index/blueprint/blueprintinfo.html',
  'accept-encoding' => 'gzip, deflate',
  'accept-language' => 'zh-CN,zh;q=0.9',
  'cookie' => 'Hm_lvt_b393d153aeb26b46e9431fabaf0f6190=1531219042',
)
[ info ] [ PARAM ] array (
  'drawing_detail_id' => 'M05320',
)
[ info ] [ DB ] INIT mysql
[ sql ] [ DB ] CONNECT:[ UseTime:0.046879s ] mysql:host=118.24.184.68;dbname=hy;charset=utf8
[ sql ] [ SQL ] SHOW COLUMNS FROM `hy_product_process` [ RunTime:0.035064s ]
[ sql ] [ SQL ] SELECT * FROM `hy_product_process` WHERE  `process_id` = 'M05320' [ RunTime:0.033068s ]
---------------------------------------------------------------
[ 2018-07-11T23:47:05+08:00 ] 127.0.0.1 GET /index/blueprint/process/drawing_detail_id/M05320.html
[ info ] h.cn/index/blueprint/process/drawing_detail_id/M05320.html [运行时间：0.151696s][吞吐率：6.59req/s] [内存消耗：2,936.68kb] [文件加载：75]
[ info ] [ LANG ] D:\code\Hy\thinkphp\lang\zh-cn.php
[ info ] [ ROUTE ] array (
)
[ info ] [ HEADER ] array (
  'host' => 'h.cn',
  'connection' => 'keep-alive',
  'upgrade-insecure-requests' => '1',
  'user-agent' => 'Mozilla/5.0 (Windows NT 10.0; Win64; x64) AppleWebKit/537.36 (KHTML, like Gecko) Chrome/68.0.3440.33 Safari/537.36',
  'accept' => 'text/html,application/xhtml+xml,application/xml;q=0.9,image/webp,image/apng,*/*;q=0.8',
  'referer' => 'http://h.cn/index/blueprint/blueprintinfo.html',
  'accept-encoding' => 'gzip, deflate',
  'accept-language' => 'zh-CN,zh;q=0.9',
  'cookie' => 'Hm_lvt_b393d153aeb26b46e9431fabaf0f6190=1531219042',
)
[ info ] [ PARAM ] array (
  'drawing_detail_id' => 'M05320',
)
[ info ] [ DB ] INIT mysql
[ sql ] [ DB ] CONNECT:[ UseTime:0.046866s ] mysql:host=118.24.184.68;dbname=hy;charset=utf8
[ sql ] [ SQL ] SHOW COLUMNS FROM `hy_product_process` [ RunTime:0.034008s ]
[ sql ] [ SQL ] SELECT * FROM `hy_product_process` WHERE  `process_id` = 'M05320' [ RunTime:0.032902s ]
---------------------------------------------------------------
[ 2018-07-11T23:47:30+08:00 ] 127.0.0.1 GET /index/blueprint/process/drawing_detail_id/M05320.html
[ info ] h.cn/index/blueprint/process/drawing_detail_id/M05320.html [运行时间：0.147913s][吞吐率：6.76req/s] [内存消耗：2,960.22kb] [文件加载：75]
[ info ] [ LANG ] D:\code\Hy\thinkphp\lang\zh-cn.php
[ info ] [ ROUTE ] array (
)
[ info ] [ HEADER ] array (
  'host' => 'h.cn',
  'connection' => 'keep-alive',
  'upgrade-insecure-requests' => '1',
  'user-agent' => 'Mozilla/5.0 (Windows NT 10.0; Win64; x64) AppleWebKit/537.36 (KHTML, like Gecko) Chrome/68.0.3440.33 Safari/537.36',
  'accept' => 'text/html,application/xhtml+xml,application/xml;q=0.9,image/webp,image/apng,*/*;q=0.8',
  'referer' => 'http://h.cn/index/blueprint/blueprintinfo.html',
  'accept-encoding' => 'gzip, deflate',
  'accept-language' => 'zh-CN,zh;q=0.9',
  'cookie' => 'Hm_lvt_b393d153aeb26b46e9431fabaf0f6190=1531219042',
)
[ info ] [ PARAM ] array (
  'drawing_detail_id' => 'M05320',
)
[ info ] [ DB ] INIT mysql
[ sql ] [ DB ] CONNECT:[ UseTime:0.045003s ] mysql:host=118.24.184.68;dbname=hy;charset=utf8
[ sql ] [ SQL ] SHOW COLUMNS FROM `hy_product_process` [ RunTime:0.031997s ]
[ sql ] [ SQL ] SELECT * FROM `hy_product_process` WHERE  `drawing_detial_id` = 'M05320' [ RunTime:0.033026s ]
---------------------------------------------------------------
[ 2018-07-11T23:48:48+08:00 ] 127.0.0.1 GET /index/blueprint/process/drawing_detail_id/M05323.html
[ info ] h.cn/index/blueprint/process/drawing_detail_id/M05323.html [运行时间：0.154983s][吞吐率：6.45req/s] [内存消耗：3,034.30kb] [文件加载：78]
[ info ] [ LANG ] D:\code\Hy\thinkphp\lang\zh-cn.php
[ info ] [ ROUTE ] array (
)
[ info ] [ HEADER ] array (
  'host' => 'h.cn',
  'connection' => 'keep-alive',
  'upgrade-insecure-requests' => '1',
  'user-agent' => 'Mozilla/5.0 (Windows NT 10.0; Win64; x64) AppleWebKit/537.36 (KHTML, like Gecko) Chrome/68.0.3440.33 Safari/537.36',
  'accept' => 'text/html,application/xhtml+xml,application/xml;q=0.9,image/webp,image/apng,*/*;q=0.8',
  'referer' => 'http://h.cn/index/blueprint/blueprintinfo.html',
  'accept-encoding' => 'gzip, deflate',
  'accept-language' => 'zh-CN,zh;q=0.9',
  'cookie' => 'Hm_lvt_b393d153aeb26b46e9431fabaf0f6190=1531219042',
)
[ info ] [ PARAM ] array (
  'drawing_detail_id' => 'M05323',
)
[ info ] [ DB ] INIT mysql
[ info ] [ VIEW ] D:\code\Hy\application\index\view\blueprint\process.html [ array (
  0 => 'processInfo',
) ]
[ sql ] [ DB ] CONNECT:[ UseTime:0.049100s ] mysql:host=118.24.184.68;dbname=hy;charset=utf8
[ sql ] [ SQL ] SHOW COLUMNS FROM `hy_product_process` [ RunTime:0.034044s ]
[ sql ] [ SQL ] SELECT * FROM `hy_product_process` WHERE  `drawing_detial_id` = 'M05323' [ RunTime:0.032908s ]
---------------------------------------------------------------
[ 2018-07-11T23:51:37+08:00 ] 127.0.0.1 GET /index/blueprint/process/drawing_detail_id/M05323.html
[ info ] h.cn/index/blueprint/process/drawing_detail_id/M05323.html [运行时间：0.174135s][吞吐率：5.74req/s] [内存消耗：3,177.64kb] [文件加载：80]
[ info ] [ LANG ] D:\code\Hy\thinkphp\lang\zh-cn.php
[ info ] [ ROUTE ] array (
)
[ info ] [ HEADER ] array (
  'host' => 'h.cn',
  'connection' => 'keep-alive',
  'cache-control' => 'max-age=0',
  'upgrade-insecure-requests' => '1',
  'user-agent' => 'Mozilla/5.0 (Windows NT 10.0; Win64; x64) AppleWebKit/537.36 (KHTML, like Gecko) Chrome/68.0.3440.33 Safari/537.36',
  'accept' => 'text/html,application/xhtml+xml,application/xml;q=0.9,image/webp,image/apng,*/*;q=0.8',
  'referer' => 'http://h.cn/index/blueprint/blueprintinfo.html',
  'accept-encoding' => 'gzip, deflate',
  'accept-language' => 'zh-CN,zh;q=0.9',
  'cookie' => 'Hm_lvt_b393d153aeb26b46e9431fabaf0f6190=1531219042',
)
[ info ] [ PARAM ] array (
  'drawing_detail_id' => 'M05323',
)
[ info ] [ DB ] INIT mysql
[ info ] [ VIEW ] D:\code\Hy\application\index\view\blueprint\process.html [ array (
  0 => 'processInfo',
) ]
[ sql ] [ DB ] CONNECT:[ UseTime:0.047262s ] mysql:host=118.24.184.68;dbname=hy;charset=utf8
[ sql ] [ SQL ] SHOW COLUMNS FROM `hy_product_process` [ RunTime:0.032991s ]
[ sql ] [ SQL ] SELECT * FROM `hy_product_process` WHERE  `drawing_detial_id` = 'M05323' [ RunTime:0.031987s ]
---------------------------------------------------------------
[ 2018-07-11T23:51:41+08:00 ] 127.0.0.1 GET /index/blueprint/process/drawing_detail_id/M05323.html
[ info ] h.cn/index/blueprint/process/drawing_detail_id/M05323.html [运行时间：0.147886s][吞吐率：6.76req/s] [内存消耗：3,034.49kb] [文件加载：78]
[ info ] [ LANG ] D:\code\Hy\thinkphp\lang\zh-cn.php
[ info ] [ ROUTE ] array (
)
[ info ] [ HEADER ] array (
  'host' => 'h.cn',
  'connection' => 'keep-alive',
  'cache-control' => 'max-age=0',
  'upgrade-insecure-requests' => '1',
  'user-agent' => 'Mozilla/5.0 (Windows NT 10.0; Win64; x64) AppleWebKit/537.36 (KHTML, like Gecko) Chrome/68.0.3440.33 Safari/537.36',
  'accept' => 'text/html,application/xhtml+xml,application/xml;q=0.9,image/webp,image/apng,*/*;q=0.8',
  'referer' => 'http://h.cn/index/blueprint/blueprintinfo.html',
  'accept-encoding' => 'gzip, deflate',
  'accept-language' => 'zh-CN,zh;q=0.9',
  'cookie' => 'Hm_lvt_b393d153aeb26b46e9431fabaf0f6190=1531219042',
)
[ info ] [ PARAM ] array (
  'drawing_detail_id' => 'M05323',
)
[ info ] [ DB ] INIT mysql
[ info ] [ VIEW ] D:\code\Hy\application\index\view\blueprint\process.html [ array (
  0 => 'processInfo',
) ]
[ sql ] [ DB ] CONNECT:[ UseTime:0.050073s ] mysql:host=118.24.184.68;dbname=hy;charset=utf8
[ sql ] [ SQL ] SHOW COLUMNS FROM `hy_product_process` [ RunTime:0.031845s ]
[ sql ] [ SQL ] SELECT * FROM `hy_product_process` WHERE  `drawing_detial_id` = 'M05323' [ RunTime:0.032035s ]
---------------------------------------------------------------
[ 2018-07-11T23:51:58+08:00 ] 127.0.0.1 GET /index/blueprint/process/drawing_detail_id/M05323.html
[ info ] h.cn/index/blueprint/process/drawing_detail_id/M05323.html [运行时间：0.149908s][吞吐率：6.67req/s] [内存消耗：2,937.25kb] [文件加载：75]
[ info ] [ LANG ] D:\code\Hy\thinkphp\lang\zh-cn.php
[ info ] [ ROUTE ] array (
)
[ info ] [ HEADER ] array (
  'host' => 'h.cn',
  'connection' => 'keep-alive',
  'cache-control' => 'max-age=0',
  'upgrade-insecure-requests' => '1',
  'user-agent' => 'Mozilla/5.0 (Windows NT 10.0; Win64; x64) AppleWebKit/537.36 (KHTML, like Gecko) Chrome/68.0.3440.33 Safari/537.36',
  'accept' => 'text/html,application/xhtml+xml,application/xml;q=0.9,image/webp,image/apng,*/*;q=0.8',
  'referer' => 'http://h.cn/index/blueprint/blueprintinfo.html',
  'accept-encoding' => 'gzip, deflate',
  'accept-language' => 'zh-CN,zh;q=0.9',
  'cookie' => 'Hm_lvt_b393d153aeb26b46e9431fabaf0f6190=1531219042',
)
[ info ] [ PARAM ] array (
  'drawing_detail_id' => 'M05323',
)
[ info ] [ DB ] INIT mysql
[ sql ] [ DB ] CONNECT:[ UseTime:0.046058s ] mysql:host=118.24.184.68;dbname=hy;charset=utf8
[ sql ] [ SQL ] SHOW COLUMNS FROM `hy_product_process` [ RunTime:0.031868s ]
[ sql ] [ SQL ] SELECT * FROM `hy_product_process` WHERE  `drawing_detial_id` = 'M05323' [ RunTime:0.034087s ]
---------------------------------------------------------------
[ 2018-07-11T23:52:10+08:00 ] 127.0.0.1 GET /index/blueprint/process/drawing_detail_id/M05320.html
[ info ] h.cn/index/blueprint/process/drawing_detail_id/M05320.html [运行时间：0.152906s][吞吐率：6.54req/s] [内存消耗：2,960.48kb] [文件加载：75]
[ info ] [ LANG ] D:\code\Hy\thinkphp\lang\zh-cn.php
[ info ] [ ROUTE ] array (
)
[ info ] [ HEADER ] array (
  'host' => 'h.cn',
  'connection' => 'keep-alive',
  'upgrade-insecure-requests' => '1',
  'user-agent' => 'Mozilla/5.0 (Windows NT 10.0; Win64; x64) AppleWebKit/537.36 (KHTML, like Gecko) Chrome/68.0.3440.33 Safari/537.36',
  'accept' => 'text/html,application/xhtml+xml,application/xml;q=0.9,image/webp,image/apng,*/*;q=0.8',
  'referer' => 'http://h.cn/index/blueprint/blueprintinfo.html',
  'accept-encoding' => 'gzip, deflate',
  'accept-language' => 'zh-CN,zh;q=0.9',
  'cookie' => 'Hm_lvt_b393d153aeb26b46e9431fabaf0f6190=1531219042',
)
[ info ] [ PARAM ] array (
  'drawing_detail_id' => 'M05320',
)
[ info ] [ DB ] INIT mysql
[ sql ] [ DB ] CONNECT:[ UseTime:0.047841s ] mysql:host=118.24.184.68;dbname=hy;charset=utf8
[ sql ] [ SQL ] SHOW COLUMNS FROM `hy_product_process` [ RunTime:0.033909s ]
[ sql ] [ SQL ] SELECT * FROM `hy_product_process` WHERE  `drawing_detial_id` = 'M05320' [ RunTime:0.034205s ]
---------------------------------------------------------------
[ 2018-07-11T23:52:15+08:00 ] 127.0.0.1 GET /index/blueprint/blueprintinfo.html
[ info ] h.cn/index/blueprint/blueprintinfo.html [运行时间：0.280858s][吞吐率：3.56req/s] [内存消耗：4,106.49kb] [文件加载：81]
[ info ] [ LANG ] D:\code\Hy\thinkphp\lang\zh-cn.php
[ info ] [ ROUTE ] array (
)
[ info ] [ HEADER ] array (
  'host' => 'h.cn',
  'connection' => 'keep-alive',
  'upgrade-insecure-requests' => '1',
  'user-agent' => 'Mozilla/5.0 (Windows NT 10.0; Win64; x64) AppleWebKit/537.36 (KHTML, like Gecko) Chrome/68.0.3440.33 Safari/537.36',
  'accept' => 'text/html,application/xhtml+xml,application/xml;q=0.9,image/webp,image/apng,*/*;q=0.8',
  'referer' => 'http://h.cn/index/blueprint/blueprintinfo.html',
  'accept-encoding' => 'gzip, deflate',
  'accept-language' => 'zh-CN,zh;q=0.9',
  'cookie' => 'Hm_lvt_b393d153aeb26b46e9431fabaf0f6190=1531219042',
)
[ info ] [ PARAM ] array (
)
[ info ] [ DB ] INIT mysql
[ info ] [ VIEW ] D:\code\Hy\application\index\view\blueprint\blueprint-info.html [ array (
  0 => 'blueprintInfo',
  1 => 'blueprintInfoCount',
  2 => 'blueprintKeyInfo',
) ]
[ sql ] [ DB ] CONNECT:[ UseTime:0.048008s ] mysql:host=118.24.184.68;dbname=hy;charset=utf8
[ sql ] [ SQL ] SHOW COLUMNS FROM `hy_drawing_detial` [ RunTime:0.034018s ]
[ sql ] [ SQL ] SELECT * FROM `hy_drawing_detial` ORDER BY `create_time` DESC [ RunTime:0.063053s ]
[ sql ] [ SQL ] SELECT COUNT(*) AS tp_count FROM `hy_drawing_detial` LIMIT 1 [ RunTime:0.033043s ]
[ sql ] [ SQL ] SELECT * FROM `hy_drawing_detial` ORDER BY `create_time` DESC LIMIT 0,25 [ RunTime:0.038905s ]
---------------------------------------------------------------
[ 2018-07-11T23:52:16+08:00 ] 127.0.0.1 GET /index/blueprint/process/drawing_detail_id/M05320.html
[ info ] h.cn/index/blueprint/process/drawing_detail_id/M05320.html [运行时间：0.158820s][吞吐率：6.30req/s] [内存消耗：3,057.30kb] [文件加载：78]
[ info ] [ LANG ] D:\code\Hy\thinkphp\lang\zh-cn.php
[ info ] [ ROUTE ] array (
)
[ info ] [ HEADER ] array (
  'host' => 'h.cn',
  'connection' => 'keep-alive',
  'upgrade-insecure-requests' => '1',
  'user-agent' => 'Mozilla/5.0 (Windows NT 10.0; Win64; x64) AppleWebKit/537.36 (KHTML, like Gecko) Chrome/68.0.3440.33 Safari/537.36',
  'accept' => 'text/html,application/xhtml+xml,application/xml;q=0.9,image/webp,image/apng,*/*;q=0.8',
  'referer' => 'http://h.cn/index/blueprint/blueprintinfo.html',
  'accept-encoding' => 'gzip, deflate',
  'accept-language' => 'zh-CN,zh;q=0.9',
  'cookie' => 'Hm_lvt_b393d153aeb26b46e9431fabaf0f6190=1531219042',
)
[ info ] [ PARAM ] array (
  'drawing_detail_id' => 'M05320',
)
[ info ] [ DB ] INIT mysql
[ info ] [ VIEW ] D:\code\Hy\application\index\view\blueprint\process.html [ array (
  0 => 'processInfo',
) ]
[ sql ] [ DB ] CONNECT:[ UseTime:0.048943s ] mysql:host=118.24.184.68;dbname=hy;charset=utf8
[ sql ] [ SQL ] SHOW COLUMNS FROM `hy_product_process` [ RunTime:0.036026s ]
[ sql ] [ SQL ] SELECT * FROM `hy_product_process` WHERE  `drawing_detial_id` = 'M05320' [ RunTime:0.034000s ]
---------------------------------------------------------------
[ 2018-07-11T23:54:10+08:00 ] 127.0.0.1 GET /index/blueprint/process/drawing_detail_id/M05320.html
[ info ] h.cn/index/blueprint/process/drawing_detail_id/M05320.html [运行时间：0.202959s][吞吐率：4.93req/s] [内存消耗：3,205.71kb] [文件加载：80]
[ info ] [ LANG ] D:\code\Hy\thinkphp\lang\zh-cn.php
[ info ] [ ROUTE ] array (
)
[ info ] [ HEADER ] array (
  'host' => 'h.cn',
  'connection' => 'keep-alive',
  'cache-control' => 'max-age=0',
  'upgrade-insecure-requests' => '1',
  'user-agent' => 'Mozilla/5.0 (Windows NT 10.0; Win64; x64) AppleWebKit/537.36 (KHTML, like Gecko) Chrome/68.0.3440.33 Safari/537.36',
  'accept' => 'text/html,application/xhtml+xml,application/xml;q=0.9,image/webp,image/apng,*/*;q=0.8',
  'referer' => 'http://h.cn/index/blueprint/blueprintinfo.html',
  'accept-encoding' => 'gzip, deflate',
  'accept-language' => 'zh-CN,zh;q=0.9',
  'cookie' => 'Hm_lvt_b393d153aeb26b46e9431fabaf0f6190=1531219042',
)
[ info ] [ PARAM ] array (
  'drawing_detail_id' => 'M05320',
)
[ info ] [ DB ] INIT mysql
[ info ] [ VIEW ] D:\code\Hy\application\index\view\blueprint\process.html [ array (
  0 => 'processInfo',
) ]
[ sql ] [ DB ] CONNECT:[ UseTime:0.048398s ] mysql:host=118.24.184.68;dbname=hy;charset=utf8
[ sql ] [ SQL ] SHOW COLUMNS FROM `hy_product_process` [ RunTime:0.034536s ]
[ sql ] [ SQL ] SELECT * FROM `hy_product_process` WHERE  `drawing_detial_id` = 'M05320' [ RunTime:0.034193s ]
